Log file open, 11/20/21 12:59:32
LogWindows: Failed to load 'aqProf.dll' (GetLastError=126)
LogWindows: File 'aqProf.dll' does not exist
LogWindows: Failed to load 'VtuneApi.dll' (GetLastError=126)
LogWindows: File 'VtuneApi.dll' does not exist
LogWindows: Failed to load 'VtuneApi32e.dll' (GetLastError=126)
LogWindows: File 'VtuneApi32e.dll' does not exist
LogConsoleResponse: Display: Failed to find resolution value strings in scalability ini. Falling back to default.
LogConsoleResponse: Display: Failed to find resolution value strings in scalability ini. Falling back to default.
LogInit: Display: Running engine for game: SurBox
LogPlatformFile: Not using cached read wrapper
LogTaskGraph: Started task graph with 5 named threads and 26 total threads with 3 sets of task threads.
LogStats: Stats thread started at 1.857740
LogICUInternationalization: ICU TimeZone Detection - Raw Offset: +2:00, Platform Override: ''
LogInit: Display: Loading text-based GConfig....
LogPluginManager: Mounting plugin MeshPainting
LogPluginManager: Mounting plugin XGEController
LogPluginManager: Mounting plugin Paper2D
LogPluginManager: Mounting plugin AISupport
LogPluginManager: Mounting plugin EnvironmentQueryEditor
LogPluginManager: Mounting plugin LiveLink
LogPluginManager: Mounting plugin LightPropagationVolume
LogPluginManager: Mounting plugin CameraShakePreviewer
LogPluginManager: Mounting plugin GameplayCameras
LogPluginManager: Mounting plugin OodleData
LogPluginManager: Mounting plugin OodleNetwork
LogPluginManager: Mounting plugin AnimationSharing
LogPluginManager: Mounting plugin CLionSourceCodeAccess
LogPluginManager: Mounting plugin CodeLiteSourceCodeAccess
LogPluginManager: Mounting plugin GitSourceControl
LogPluginManager: Mounting plugin KDevelopSourceCodeAccess
LogPluginManager: Mounting plugin NullSourceCodeAccess
LogPluginManager: Mounting plugin PerforceSourceControl
LogPluginManager: Mounting plugin PixWinPlugin
LogPluginManager: Mounting plugin PlasticSourceControl
LogPluginManager: Mounting plugin PluginUtils
LogPluginManager: Mounting plugin PropertyAccessNode
LogPluginManager: Mounting plugin RiderSourceCodeAccess
LogPluginManager: Mounting plugin SubversionSourceControl
LogPluginManager: Mounting plugin TextureFormatOodle
LogPluginManager: Mounting plugin UObjectPlugin
LogPluginManager: Mounting plugin VisualStudioCodeSourceCodeAccess
LogPluginManager: Mounting plugin VisualStudioSourceCodeAccess
LogPluginManager: Mounting plugin XCodeSourceCodeAccess
LogPluginManager: Mounting plugin AssetManagerEditor
LogPluginManager: Mounting plugin CryptoKeys
LogPluginManager: Mounting plugin CurveEditorTools
LogPluginManager: Mounting plugin DataValidation
LogPluginManager: Mounting plugin FacialAnimation
LogPluginManager: Mounting plugin GameplayTagsEditor
LogPluginManager: Mounting plugin MacGraphicsSwitching
LogPluginManager: Mounting plugin MaterialAnalyzer
LogPluginManager: Mounting plugin GeometryMode
LogPluginManager: Mounting plugin MobileLauncherProfileWizard
LogPluginManager: Mounting plugin PluginBrowser
LogPluginManager: Mounting plugin SpeedTreeImporter
LogPluginManager: Mounting plugin DatasmithContent
LogPluginManager: Mounting plugin VariantManagerContent
LogPluginManager: Mounting plugin AlembicImporter
LogPluginManager: Mounting plugin AutomationUtils
LogPluginManager: Mounting plugin BackChannel
LogPluginManager: Mounting plugin ChaosCloth
LogPluginManager: Mounting plugin ChaosClothEditor
LogPluginManager: Mounting plugin ChaosEditor
LogPluginManager: Mounting plugin ChaosNiagara
LogPluginManager: Mounting plugin ChaosSolverPlugin
LogPluginManager: Mounting plugin CharacterAI
LogPluginManager: Mounting plugin GeometryCache
LogPluginManager: Mounting plugin GeometryCollectionPlugin
LogPluginManager: Mounting plugin GeometryProcessing
LogPluginManager: Mounting plugin MotoSynth
LogPluginManager: Mounting plugin OpenImageDenoise
LogPluginManager: Mounting plugin PlanarCut
LogPluginManager: Mounting plugin PlatformCrypto
LogPluginManager: Mounting plugin ProxyLODPlugin
LogPluginManager: Mounting plugin PythonScriptPlugin
LogPluginManager: Mounting plugin SkeletalReduction
LogPluginManager: Mounting plugin Niagara
LogPluginManager: Mounting plugin LuminPlatformFeatures
LogPluginManager: Mounting plugin MagicLeap
LogPluginManager: Mounting plugin MagicLeapLightEstimation
LogPluginManager: Mounting plugin MagicLeapMedia
LogPluginManager: Mounting plugin MagicLeapPassableWorld
LogPluginManager: Mounting plugin MLSDK
LogPluginManager: Mounting plugin AndroidMedia
LogPluginManager: Mounting plugin AvfMedia
LogPluginManager: Mounting plugin ImgMedia
LogPluginManager: Mounting plugin MediaCompositing
LogPluginManager: Mounting plugin MediaPlayerEditor
LogPluginManager: Mounting plugin WebMMedia
LogPluginManager: Mounting plugin WmfMedia
LogPluginManager: Mounting plugin TcpMessaging
LogPluginManager: Mounting plugin UdpMessaging
LogPluginManager: Mounting plugin LevelSequenceEditor
LogPluginManager: Mounting plugin MatineeToLevelSequence
LogPluginManager: Mounting plugin TemplateSequence
LogPluginManager: Mounting plugin OnlineSubsystem
LogPluginManager: Mounting plugin OnlineSubsystemNull
LogPluginManager: Mounting plugin ActorSequence
LogPluginManager: Mounting plugin OnlineSubsystemSteam
LogPluginManager: Mounting plugin OnlineSubsystemUtils
LogPluginManager: Mounting plugin LauncherChunkInstaller
LogPluginManager: Mounting plugin ActorLayerUtilities
LogPluginManager: Mounting plugin AndroidDeviceProfileSelector
LogPluginManager: Mounting plugin AndroidMoviePlayer
LogPluginManager: Mounting plugin AndroidPermission
LogPluginManager: Mounting plugin AppleImageUtils
LogPluginManager: Mounting plugin AppleMoviePlayer
LogPluginManager: Mounting plugin ArchVisCharacter
LogPluginManager: Mounting plugin AssetTags
LogPluginManager: Mounting plugin AudioCapture
LogPluginManager: Mounting plugin AudioSynesthesia
LogPluginManager: Mounting plugin CableComponent
LogPluginManager: Mounting plugin CustomMeshComponent
LogPluginManager: Mounting plugin EditableMesh
LogPluginManager: Mounting plugin ExampleDeviceProfileSelector
LogPluginManager: Mounting plugin GoogleCloudMessaging
LogPluginManager: Mounting plugin GooglePAD
LogPluginManager: Mounting plugin IOSDeviceProfileSelector
LogPluginManager: Mounting plugin LinuxDeviceProfileSelector
LogPluginManager: Mounting plugin LocationServicesBPLibrary
LogPluginManager: Mounting plugin MobilePatchingUtils
LogPluginManager: Mounting plugin OpenXR
LogPluginManager: Mounting plugin OpenXREyeTracker
LogPluginManager: Mounting plugin OpenXRHandTracking
LogPluginManager: Mounting plugin PhysXVehicles
LogPluginManager: Mounting plugin PostSplashScreen
LogPluginManager: Mounting plugin ProceduralMeshComponent
LogPluginManager: Mounting plugin PropertyAccessEditor
LogPluginManager: Mounting plugin SignificanceManager
LogPluginManager: Mounting plugin SoundFields
LogPluginManager: Mounting plugin Synthesis
LogPluginManager: Mounting plugin WebMMoviePlayer
LogPluginManager: Mounting plugin WindowsMoviePlayer
LogPluginManager: Mounting plugin ScreenshotTools
LogPluginManager: Mounting plugin Takes
LogPluginManager: Mounting plugin RuntimePhysXCooking
LogPluginManager: Mounting plugin ChunkDownloader
LogPluginManager: Mounting plugin ContentBrowserAssetDataSource
LogPluginManager: Mounting plugin ContentBrowserClassDataSource
LogPluginManager: Mounting plugin ContentBrowserFileDataSource
LogPluginManager: Mounting plugin OnlineSubsystemGooglePlay
LogPluginManager: Mounting plugin OnlineSubsystemIOS
LogPluginManager: Mounting plugin OculusVR
LogPluginManager: Mounting plugin SteamShared
LogPluginManager: Mounting plugin SteamVR
LogPluginManager: Mounting plugin AdvancedSessions
LogPluginManager: Mounting plugin AdvancedSteamSessions
PixWinPlugin: PIX capture plugin failed to initialize! Check that the process is launched from PIX.
LogInit: Using libcurl 7.55.1-DEV
LogInit:  - built for x86_64-pc-win32
LogInit:  - supports SSL with OpenSSL/1.1.1
LogInit:  - supports HTTP deflate (compression) using libz 1.2.8
LogInit:  - other features:
LogInit:      CURL_VERSION_SSL
LogInit:      CURL_VERSION_LIBZ
LogInit:      CURL_VERSION_IPV6
LogInit:      CURL_VERSION_ASYNCHDNS
LogInit:      CURL_VERSION_LARGEFILE
LogInit:      CURL_VERSION_IDN
LogInit:  CurlRequestOptions (configurable via config and command line):
LogInit:  - bVerifyPeer = true  - Libcurl will verify peer certificate
LogInit:  - bUseHttpProxy = false  - Libcurl will NOT use HTTP proxy
LogInit:  - bDontReuseConnections = false  - Libcurl will reuse connections
LogInit:  - MaxHostConnections = 16  - Libcurl will limit the number of connections to a host
LogInit:  - LocalHostAddr = Default
LogInit:  - BufferSize = 65536
LogOnline: OSS: Creating online subsystem instance for: NULL
LogInit: WinSock: version 1.1 (2.2), MaxSocks=32767, MaxUdp=65467
LogOnline: OSS: TryLoadSubsystemAndSetDefault: Loaded subsystem for module [NULL]
LogOculusPluginWrapper: OculusPlugin initialized successfully
LogHMD: Failed initializing OVRPlugin 1.59.0
LogInit: Build: ++UE4+Release-4.27-CL-17735300
LogInit: Engine Version: 4.27.1-17735300+++UE4+Release-4.27
LogInit: Compatible Engine Version: 4.27.0-17155196+++UE4+Release-4.27
LogInit: Net CL: 17155196
LogInit: OS: Windows 10 (Release 2009) (), CPU: Intel(R) Core(TM) i7-9700K CPU @ 3.60GHz, GPU: NVIDIA GeForce GTX 1060 6GB
LogInit: Compiled (64-bit): Oct  6 2021 14:42:51
LogInit: Compiled with Visual C++: 19.24.28315.00
LogInit: Build Configuration: Development
LogInit: Branch Name: ++UE4+Release-4.27
LogInit: Command Line:  /Game/Maps/MainMenu -game -PIEVIACONSOLE -Multiprocess GameUserSettingsINI=D:/GamesMadeByMe/SurBox/SurBox/Saved/Config/Windows/PIEGameUserSettings0.ini -MultiprocessSaveConfig -forcepassthrough -messaging -SessionName="Play in Standalone Game" -windowed -ResX=1280 -ResY=720
LogInit: Base Directory: D:/UE_4.27/Engine/Binaries/Win64/
LogInit: Allocator: TBB
LogInit: Installed Engine Build: 1
LogDevObjectVersion: Number of dev versions registered: 29
LogDevObjectVersion:   Dev-Blueprints (B0D832E4-1F89-4F0D-ACCF-7EB736FD4AA2): 10
LogDevObjectVersion:   Dev-Build (E1C64328-A22C-4D53-A36C-8E866417BD8C): 0
LogDevObjectVersion:   Dev-Core (375EC13C-06E4-48FB-B500-84F0262A717E): 4
LogDevObjectVersion:   Dev-Editor (E4B068ED-F494-42E9-A231-DA0B2E46BB41): 40
LogDevObjectVersion:   Dev-Framework (CFFC743F-43B0-4480-9391-14DF171D2073): 37
LogDevObjectVersion:   Dev-Mobile (B02B49B5-BB20-44E9-A304-32B752E40360): 3
LogDevObjectVersion:   Dev-Networking (A4E4105C-59A1-49B5-A7C5-40C4547EDFEE): 0
LogDevObjectVersion:   Dev-Online (39C831C9-5AE6-47DC-9A44-9C173E1C8E7C): 0
LogDevObjectVersion:   Dev-Physics (78F01B33-EBEA-4F98-B9B4-84EACCB95AA2): 14
LogDevObjectVersion:   Dev-Platform (6631380F-2D4D-43E0-8009-CF276956A95A): 0
LogDevObjectVersion:   Dev-Rendering (12F88B9F-8875-4AFC-A67C-D90C383ABD29): 45
LogDevObjectVersion:   Dev-Sequencer (7B5AE74C-D270-4C10-A958-57980B212A5A): 13
LogDevObjectVersion:   Dev-VR (D7296918-1DD6-4BDD-9DE2-64A83CC13884): 3
LogDevObjectVersion:   Dev-LoadTimes (C2A15278-BFE7-4AFE-6C17-90FF531DF755): 1
LogDevObjectVersion:   Private-Geometry (6EACA3D4-40EC-4CC1-B786-8BED09428FC5): 3
LogDevObjectVersion:   Dev-AnimPhys (29E575DD-E0A3-4627-9D10-D276232CDCEA): 17
LogDevObjectVersion:   Dev-Anim (AF43A65D-7FD3-4947-9873-3E8ED9C1BB05): 15
LogDevObjectVersion:   Dev-ReflectionCapture (6B266CEC-1EC7-4B8F-A30B-E4D90942FC07): 1
LogDevObjectVersion:   Dev-Automation (0DF73D61-A23F-47EA-B727-89E90C41499A): 1
LogDevObjectVersion:   FortniteMain (601D1886-AC64-4F84-AA16-D3DE0DEAC7D6): 47
LogDevObjectVersion:   FortniteRelease (E7086368-6B23-4C58-8439-1B7016265E91): 1
LogDevObjectVersion:   Dev-Enterprise (9DFFBCD6-494F-0158-E221-12823C92A888): 10
LogDevObjectVersion:   Dev-Niagara (F2AED0AC-9AFE-416F-8664-AA7FFA26D6FC): 1
LogDevObjectVersion:   Dev-Destruction (174F1F0B-B4C6-45A5-B13F-2EE8D0FB917D): 10
LogDevObjectVersion:   Dev-Physics-Ext (35F94A83-E258-406C-A318-09F59610247C): 41
LogDevObjectVersion:   Dev-PhysicsMaterial-Chaos (B68FC16E-8B1B-42E2-B453-215C058844FE): 1
LogDevObjectVersion:   Dev-CineCamera (B2E18506-4273-CFC2-A54E-F4BB758BBA07): 1
LogDevObjectVersion:   Dev-VirtualProduction (64F58936-FD1B-42BA-BA96-7289D5D0FA4E): 1
LogDevObjectVersion:   Dev-MediaFramework (6F0ED827-A609-4895-9C91-998D90180EA4): 2
LogInit: Presizing for max 25165824 objects, including 0 objects not considered by GC, pre-allocating 0 bytes for permanent pool.
LogConfig: Applying CVar settings from Section [/Script/Engine.StreamingSettings] File [D:/GamesMadeByMe/SurBox/SurBox/Saved/Config/Windows/Engine.ini]
LogConfig: Setting CVar [[s.MinBulkDataSizeForAsyncLoading:131072]]
LogConfig: Setting CVar [[s.AsyncLoadingThreadEnabled:0]]
LogConfig: Setting CVar [[s.EventDrivenLoaderEnabled:1]]
LogConfig: Setting CVar [[s.WarnIfTimeLimitExceeded:0]]
LogConfig: Setting CVar [[s.TimeLimitExceededMultiplier:1.5]]
LogConfig: Setting CVar [[s.TimeLimitExceededMinTime:0.005]]
LogConfig: Setting CVar [[s.UseBackgroundLevelStreaming:1]]
LogConfig: Setting CVar [[s.PriorityAsyncLoadingExtraTime:15.0]]
LogConfig: Setting CVar [[s.LevelStreamingActorsUpdateTimeLimit:5.0]]
LogConfig: Setting CVar [[s.PriorityLevelStreamingActorsUpdateExtraTime:5.0]]
LogConfig: Setting CVar [[s.LevelStreamingComponentsRegistrationGranularity:10]]
LogConfig: Setting CVar [[s.UnregisterComponentsTimeLimit:1.0]]
LogConfig: Setting CVar [[s.LevelStreamingComponentsUnregistrationGranularity:5]]
LogConfig: Setting CVar [[s.FlushStreamingOnExit:1]]
LogInit: Object subsystem initialized
LogConfig: Setting CVar [[con.DebugEarlyDefault:1]]
LogConfig: Setting CVar [[r.setres:1280x720]]
[2021.11.20-10.59.32:966][  0]LogConfig: Setting CVar [[con.DebugEarlyDefault:1]]
[2021.11.20-10.59.32:966][  0]LogConfig: Setting CVar [[r.setres:1280x720]]
[2021.11.20-10.59.32:966][  0]LogConfig: Applying CVar settings from Section [/Script/Engine.RendererSettings] File [D:/GamesMadeByMe/SurBox/SurBox/Saved/Config/Windows/Engine.ini]
[2021.11.20-10.59.32:966][  0]LogConfig: Setting CVar [[r.GPUCrashDebugging:0]]
[2021.11.20-10.59.32:966][  0]LogConfig: Applying CVar settings from Section [/Script/Engine.RendererOverrideSettings] File [D:/GamesMadeByMe/SurBox/SurBox/Saved/Config/Windows/Engine.ini]
[2021.11.20-10.59.32:966][  0]LogConfig: Applying CVar settings from Section [/Script/Engine.StreamingSettings] File [D:/GamesMadeByMe/SurBox/SurBox/Saved/Config/Windows/Engine.ini]
[2021.11.20-10.59.32:966][  0]LogConfig: Setting CVar [[s.MinBulkDataSizeForAsyncLoading:131072]]
[2021.11.20-10.59.32:966][  0]LogConfig: Setting CVar [[s.AsyncLoadingThreadEnabled:0]]
[2021.11.20-10.59.32:966][  0]LogConfig: Setting CVar [[s.EventDrivenLoaderEnabled:1]]
[2021.11.20-10.59.32:966][  0]LogConfig: Setting CVar [[s.WarnIfTimeLimitExceeded:0]]
[2021.11.20-10.59.32:966][  0]LogConfig: Setting CVar [[s.TimeLimitExceededMultiplier:1.5]]
[2021.11.20-10.59.32:966][  0]LogConfig: Setting CVar [[s.TimeLimitExceededMinTime:0.005]]
[2021.11.20-10.59.32:966][  0]LogConfig: Setting CVar [[s.UseBackgroundLevelStreaming:1]]
[2021.11.20-10.59.32:966][  0]LogConfig: Setting CVar [[s.PriorityAsyncLoadingExtraTime:15.0]]
[2021.11.20-10.59.32:966][  0]LogConfig: Setting CVar [[s.LevelStreamingActorsUpdateTimeLimit:5.0]]
[2021.11.20-10.59.32:966][  0]LogConfig: Setting CVar [[s.PriorityLevelStreamingActorsUpdateExtraTime:5.0]]
[2021.11.20-10.59.32:966][  0]LogConfig: Setting CVar [[s.LevelStreamingComponentsRegistrationGranularity:10]]
[2021.11.20-10.59.32:966][  0]LogConfig: Setting CVar [[s.UnregisterComponentsTimeLimit:1.0]]
[2021.11.20-10.59.32:966][  0]LogConfig: Setting CVar [[s.LevelStreamingComponentsUnregistrationGranularity:5]]
[2021.11.20-10.59.32:966][  0]LogConfig: Setting CVar [[s.FlushStreamingOnExit:1]]
[2021.11.20-10.59.32:966][  0]LogConfig: Applying CVar settings from Section [/Script/Engine.GarbageCollectionSettings] File [D:/GamesMadeByMe/SurBox/SurBox/Saved/Config/Windows/Engine.ini]
[2021.11.20-10.59.32:966][  0]LogConfig: Setting CVar [[gc.MaxObjectsNotConsideredByGC:1]]
[2021.11.20-10.59.32:966][  0]LogConfig: Setting CVar [[gc.SizeOfPermanentObjectPool:0]]
[2021.11.20-10.59.32:966][  0]LogConfig: Setting CVar [[gc.FlushStreamingOnGC:0]]
[2021.11.20-10.59.32:966][  0]LogConfig: Setting CVar [[gc.NumRetriesBeforeForcingGC:10]]
[2021.11.20-10.59.32:966][  0]LogConfig: Setting CVar [[gc.AllowParallelGC:1]]
[2021.11.20-10.59.32:966][  0]LogConfig: Setting CVar [[gc.TimeBetweenPurgingPendingKillObjects:61.1]]
[2021.11.20-10.59.32:966][  0]LogConfig: Setting CVar [[gc.MaxObjectsInEditor:25165824]]
[2021.11.20-10.59.32:966][  0]LogConfig: Setting CVar [[gc.IncrementalBeginDestroyEnabled:1]]
[2021.11.20-10.59.32:966][  0]LogConfig: Setting CVar [[gc.CreateGCClusters:1]]
[2021.11.20-10.59.32:966][  0]LogConfig: Setting CVar [[gc.MinGCClusterSize:5]]
[2021.11.20-10.59.32:966][  0]LogConfig: Setting CVar [[gc.ActorClusteringEnabled:0]]
[2021.11.20-10.59.32:966][  0]LogConfig: Setting CVar [[gc.BlueprintClusteringEnabled:0]]
[2021.11.20-10.59.32:966][  0]LogConfig: Setting CVar [[gc.UseDisregardForGCOnDedicatedServers:0]]
[2021.11.20-10.59.32:966][  0]LogConfig: Setting CVar [[gc.MultithreadedDestructionEnabled:1]]
[2021.11.20-10.59.32:966][  0]LogConfig: Applying CVar settings from Section [/Script/Engine.NetworkSettings] File [D:/GamesMadeByMe/SurBox/SurBox/Saved/Config/Windows/Engine.ini]
[2021.11.20-10.59.32:966][  0]LogConfig: Applying CVar settings from Section [/Script/UnrealEd.CookerSettings] File [D:/GamesMadeByMe/SurBox/SurBox/Saved/Config/Windows/Engine.ini]
[2021.11.20-10.59.32:989][  0]LogConfig: Applying CVar settings from Section [ViewDistanceQuality@3] File [D:/GamesMadeByMe/SurBox/SurBox/Saved/Config/Windows/Scalability.ini]
[2021.11.20-10.59.32:989][  0]LogConfig: Setting CVar [[r.SkeletalMeshLODBias:0]]
[2021.11.20-10.59.32:989][  0]LogConfig: Setting CVar [[r.ViewDistanceScale:1.0]]
[2021.11.20-10.59.32:989][  0]LogConfig: Applying CVar settings from Section [AntiAliasingQuality@3] File [D:/GamesMadeByMe/SurBox/SurBox/Saved/Config/Windows/Scalability.ini]
[2021.11.20-10.59.32:989][  0]LogConfig: Setting CVar [[r.PostProcessAAQuality:4]]
[2021.11.20-10.59.32:989][  0]LogConfig: Applying CVar settings from Section [ShadowQuality@3] File [D:/GamesMadeByMe/SurBox/SurBox/Saved/Config/Windows/Scalability.ini]
[2021.11.20-10.59.32:989][  0]LogConfig: Setting CVar [[r.LightFunctionQuality:1]]
[2021.11.20-10.59.32:989][  0]LogConfig: Setting CVar [[r.ShadowQuality:5]]
[2021.11.20-10.59.32:989][  0]LogConfig: Setting CVar [[r.Shadow.CSM.MaxCascades:10]]
[2021.11.20-10.59.32:989][  0]LogConfig: Setting CVar [[r.Shadow.MaxResolution:2048]]
[2021.11.20-10.59.32:989][  0]LogConfig: Setting CVar [[r.Shadow.MaxCSMResolution:2048]]
[2021.11.20-10.59.32:989][  0]LogConfig: Setting CVar [[r.Shadow.RadiusThreshold:0.01]]
[2021.11.20-10.59.32:989][  0]LogConfig: Setting CVar [[r.Shadow.DistanceScale:1.0]]
[2021.11.20-10.59.32:989][  0]LogConfig: Setting CVar [[r.Shadow.CSM.TransitionScale:1.0]]
[2021.11.20-10.59.32:989][  0]LogConfig: Setting CVar [[r.Shadow.PreShadowResolutionFactor:1.0]]
[2021.11.20-10.59.32:989][  0]LogConfig: Setting CVar [[r.DistanceFieldShadowing:1]]
[2021.11.20-10.59.32:989][  0]LogConfig: Setting CVar [[r.DistanceFieldAO:1]]
[2021.11.20-10.59.32:989][  0]LogConfig: Setting CVar [[r.AOQuality:2]]
[2021.11.20-10.59.32:989][  0]LogConfig: Setting CVar [[r.VolumetricFog:1]]
[2021.11.20-10.59.32:989][  0]LogConfig: Setting CVar [[r.VolumetricFog.GridPixelSize:8]]
[2021.11.20-10.59.32:989][  0]LogConfig: Setting CVar [[r.VolumetricFog.GridSizeZ:128]]
[2021.11.20-10.59.32:989][  0]LogConfig: Setting CVar [[r.VolumetricFog.HistoryMissSupersampleCount:4]]
[2021.11.20-10.59.32:989][  0]LogConfig: Setting CVar [[r.LightMaxDrawDistanceScale:1]]
[2021.11.20-10.59.32:989][  0]LogConfig: Setting CVar [[r.CapsuleShadows:1]]
[2021.11.20-10.59.32:989][  0]LogConfig: Applying CVar settings from Section [PostProcessQuality@3] File [D:/GamesMadeByMe/SurBox/SurBox/Saved/Config/Windows/Scalability.ini]
[2021.11.20-10.59.32:989][  0]LogConfig: Setting CVar [[r.MotionBlurQuality:4]]
[2021.11.20-10.59.32:989][  0]LogConfig: Setting CVar [[r.AmbientOcclusionMipLevelFactor:0.4]]
[2021.11.20-10.59.32:989][  0]LogConfig: Setting CVar [[r.AmbientOcclusionMaxQuality:100]]
[2021.11.20-10.59.32:989][  0]LogConfig: Setting CVar [[r.AmbientOcclusionLevels:-1]]
[2021.11.20-10.59.32:989][  0]LogConfig: Setting CVar [[r.AmbientOcclusionRadiusScale:1.0]]
[2021.11.20-10.59.32:989][  0]LogConfig: Setting CVar [[r.DepthOfFieldQuality:2]]
[2021.11.20-10.59.32:989][  0]LogConfig: Setting CVar [[r.RenderTargetPoolMin:400]]
[2021.11.20-10.59.32:989][  0]LogConfig: Setting CVar [[r.LensFlareQuality:2]]
[2021.11.20-10.59.32:989][  0]LogConfig: Setting CVar [[r.SceneColorFringeQuality:1]]
[2021.11.20-10.59.32:989][  0]LogConfig: Setting CVar [[r.EyeAdaptationQuality:2]]
[2021.11.20-10.59.32:989][  0]LogConfig: Setting CVar [[r.BloomQuality:5]]
[2021.11.20-10.59.32:989][  0]LogConfig: Setting CVar [[r.FastBlurThreshold:100]]
[2021.11.20-10.59.32:989][  0]LogConfig: Setting CVar [[r.Upscale.Quality:3]]
[2021.11.20-10.59.32:989][  0]LogConfig: Setting CVar [[r.Tonemapper.GrainQuantization:1]]
[2021.11.20-10.59.32:989][  0]LogConfig: Setting CVar [[r.LightShaftQuality:1]]
[2021.11.20-10.59.32:989][  0]LogConfig: Setting CVar [[r.Filter.SizeScale:1]]
[2021.11.20-10.59.32:989][  0]LogConfig: Setting CVar [[r.Tonemapper.Quality:5]]
[2021.11.20-10.59.32:989][  0]LogConfig: Setting CVar [[r.DOF.Gather.AccumulatorQuality:1        ; higher gathering accumulator quality]]
[2021.11.20-10.59.32:989][  0]LogConfig: Setting CVar [[r.DOF.Gather.PostfilterMethod:1          ; Median3x3 postfilering method]]
[2021.11.20-10.59.32:989][  0]LogConfig: Setting CVar [[r.DOF.Gather.EnableBokehSettings:0       ; no bokeh simulation when gathering]]
[2021.11.20-10.59.32:989][  0]LogConfig: Setting CVar [[r.DOF.Gather.RingCount:4                 ; medium number of samples when gathering]]
[2021.11.20-10.59.32:989][  0]LogConfig: Setting CVar [[r.DOF.Scatter.ForegroundCompositing:1    ; additive foreground scattering]]
[2021.11.20-10.59.32:989][  0]LogConfig: Setting CVar [[r.DOF.Scatter.BackgroundCompositing:2    ; additive background scattering]]
[2021.11.20-10.59.32:989][  0]LogConfig: Setting CVar [[r.DOF.Scatter.EnableBokehSettings:1      ; bokeh simulation when scattering]]
[2021.11.20-10.59.32:989][  0]LogConfig: Setting CVar [[r.DOF.Scatter.MaxSpriteRatio:0.1         ; only a maximum of 10% of scattered bokeh]]
[2021.11.20-10.59.32:989][  0]LogConfig: Setting CVar [[r.DOF.Recombine.Quality:1                ; cheap slight out of focus]]
[2021.11.20-10.59.32:989][  0]LogConfig: Setting CVar [[r.DOF.Recombine.EnableBokehSettings:0    ; no bokeh simulation on slight out of focus]]
[2021.11.20-10.59.32:989][  0]LogConfig: Setting CVar [[r.DOF.TemporalAAQuality:1                ; more stable temporal accumulation]]
[2021.11.20-10.59.32:989][  0]LogConfig: Setting CVar [[r.DOF.Kernel.MaxForegroundRadius:0.025]]
[2021.11.20-10.59.32:989][  0]LogConfig: Setting CVar [[r.DOF.Kernel.MaxBackgroundRadius:0.025]]
[2021.11.20-10.59.32:989][  0]LogConfig: Applying CVar settings from Section [TextureQuality@3] File [D:/GamesMadeByMe/SurBox/SurBox/Saved/Config/Windows/Scalability.ini]
[2021.11.20-10.59.32:989][  0]LogConfig: Setting CVar [[r.Streaming.MipBias:0]]
[2021.11.20-10.59.32:989][  0]LogConfig: Setting CVar [[r.Streaming.AmortizeCPUToGPUCopy:0]]
[2021.11.20-10.59.32:989][  0]LogConfig: Setting CVar [[r.Streaming.MaxNumTexturesToStreamPerFrame:0]]
[2021.11.20-10.59.32:989][  0]LogConfig: Setting CVar [[r.Streaming.Boost:1]]
[2021.11.20-10.59.32:989][  0]LogConfig: Setting CVar [[r.MaxAnisotropy:8]]
[2021.11.20-10.59.32:989][  0]LogConfig: Setting CVar [[r.VT.MaxAnisotropy:8]]
[2021.11.20-10.59.32:989][  0]LogConfig: Setting CVar [[r.Streaming.LimitPoolSizeToVRAM:0]]
[2021.11.20-10.59.32:989][  0]LogConfig: Setting CVar [[r.Streaming.PoolSize:1000]]
[2021.11.20-10.59.32:989][  0]LogConfig: Setting CVar [[r.Streaming.MaxEffectiveScreenSize:0]]
[2021.11.20-10.59.32:989][  0]LogConfig: Applying CVar settings from Section [EffectsQuality@3] File [D:/GamesMadeByMe/SurBox/SurBox/Saved/Config/Windows/Scalability.ini]
[2021.11.20-10.59.32:989][  0]LogConfig: Setting CVar [[r.TranslucencyLightingVolumeDim:64]]
[2021.11.20-10.59.32:989][  0]LogConfig: Setting CVar [[r.RefractionQuality:2]]
[2021.11.20-10.59.32:989][  0]LogConfig: Setting CVar [[r.SSR.Quality:3]]
[2021.11.20-10.59.32:989][  0]LogConfig: Setting CVar [[r.SSR.HalfResSceneColor:0]]
[2021.11.20-10.59.32:989][  0]LogConfig: Setting CVar [[r.SceneColorFormat:4]]
[2021.11.20-10.59.32:989][  0]LogConfig: Setting CVar [[r.DetailMode:2]]
[2021.11.20-10.59.32:989][  0]LogConfig: Setting CVar [[r.TranslucencyVolumeBlur:1]]
[2021.11.20-10.59.32:989][  0]LogConfig: Setting CVar [[r.MaterialQualityLevel:1 ; High quality]]
[2021.11.20-10.59.32:989][  0]LogConfig: Setting CVar [[r.AnisotropicMaterials:1]]
[2021.11.20-10.59.32:989][  0]LogConfig: Setting CVar [[r.SSS.Scale:1]]
[2021.11.20-10.59.32:989][  0]LogConfig: Setting CVar [[r.SSS.SampleSet:2]]
[2021.11.20-10.59.32:989][  0]LogConfig: Setting CVar [[r.SSS.Quality:1]]
[2021.11.20-10.59.32:989][  0]LogConfig: Setting CVar [[r.SSS.HalfRes:0]]
[2021.11.20-10.59.32:989][  0]LogConfig: Setting CVar [[r.SSGI.Quality:3]]
[2021.11.20-10.59.32:989][  0]LogConfig: Setting CVar [[r.EmitterSpawnRateScale:1.0]]
[2021.11.20-10.59.32:989][  0]LogConfig: Setting CVar [[r.ParticleLightQuality:2]]
[2021.11.20-10.59.32:989][  0]LogConfig: Setting CVar [[r.SkyAtmosphere.AerialPerspectiveLUT.FastApplyOnOpaque:1 ; Always have FastSkyLUT 1 in this case to avoid wrong sky]]
[2021.11.20-10.59.32:989][  0]LogConfig: Setting CVar [[r.SkyAtmosphere.AerialPerspectiveLUT.SampleCountMaxPerSlice:4]]
[2021.11.20-10.59.32:989][  0]LogConfig: Setting CVar [[r.SkyAtmosphere.AerialPerspectiveLUT.DepthResolution:16.0]]
[2021.11.20-10.59.32:989][  0]LogConfig: Setting CVar [[r.SkyAtmosphere.FastSkyLUT:1]]
[2021.11.20-10.59.32:989][  0]LogConfig: Setting CVar [[r.SkyAtmosphere.FastSkyLUT.SampleCountMin:4.0]]
[2021.11.20-10.59.32:989][  0]LogConfig: Setting CVar [[r.SkyAtmosphere.FastSkyLUT.SampleCountMax:128.0]]
[2021.11.20-10.59.32:989][  0]LogConfig: Setting CVar [[r.SkyAtmosphere.SampleCountMin:4.0]]
[2021.11.20-10.59.32:989][  0]LogConfig: Setting CVar [[r.SkyAtmosphere.SampleCountMax:128.0]]
[2021.11.20-10.59.32:989][  0]LogConfig: Setting CVar [[r.SkyAtmosphere.TransmittanceLUT.UseSmallFormat:0]]
[2021.11.20-10.59.32:989][  0]LogConfig: Setting CVar [[r.SkyAtmosphere.TransmittanceLUT.SampleCount:10.0]]
[2021.11.20-10.59.32:989][  0]LogConfig: Setting CVar [[r.SkyAtmosphere.MultiScatteringLUT.SampleCount:15.0]]
[2021.11.20-10.59.32:989][  0]LogConfig: Setting CVar [[r.SkyLight.RealTimeReflectionCapture:1]]
[2021.11.20-10.59.32:989][  0]LogConfig: Applying CVar settings from Section [FoliageQuality@3] File [D:/GamesMadeByMe/SurBox/SurBox/Saved/Config/Windows/Scalability.ini]
[2021.11.20-10.59.32:989][  0]LogConfig: Setting CVar [[foliage.DensityScale:1.0]]
[2021.11.20-10.59.32:989][  0]LogConfig: Setting CVar [[grass.DensityScale:1.0]]
[2021.11.20-10.59.32:989][  0]LogConfig: Applying CVar settings from Section [ShadingQuality@3] File [D:/GamesMadeByMe/SurBox/SurBox/Saved/Config/Windows/Scalability.ini]
[2021.11.20-10.59.32:989][  0]LogConfig: Setting CVar [[r.HairStrands.SkyLighting.IntegrationType:2]]
[2021.11.20-10.59.32:989][  0]LogConfig: Setting CVar [[r.HairStrands.SkyAO.SampleCount:4]]
[2021.11.20-10.59.32:989][  0]LogConfig: Setting CVar [[r.HairStrands.Visibility.MSAA.SamplePerPixel:4]]
[2021.11.20-10.59.32:989][  0]LogInit: Selected Device Profile: [Windows]
[2021.11.20-10.59.32:989][  0]LogInit: Applying CVar settings loaded from the selected device profile: [Windows]
[2021.11.20-10.59.32:990][  0]LogHAL: Display: Platform has ~ 16 GB [17096683520 / 17179869184 / 16], which maps to Larger [LargestMinGB=32, LargerMinGB=12, DefaultMinGB=8, SmallerMinGB=6, SmallestMinGB=0)
[2021.11.20-10.59.32:990][  0]LogInit: Going up to parent DeviceProfile []
[2021.11.20-10.59.32:990][  0]LogConfig: Applying CVar settings from Section [ViewDistanceQuality@3] File [D:/GamesMadeByMe/SurBox/SurBox/Saved/Config/Windows/Scalability.ini]
[2021.11.20-10.59.32:990][  0]LogConfig: Setting CVar [[r.SkeletalMeshLODBias:0]]
[2021.11.20-10.59.32:990][  0]LogConfig: Setting CVar [[r.ViewDistanceScale:1.0]]
[2021.11.20-10.59.32:990][  0]LogConfig: Applying CVar settings from Section [AntiAliasingQuality@3] File [D:/GamesMadeByMe/SurBox/SurBox/Saved/Config/Windows/Scalability.ini]
[2021.11.20-10.59.32:990][  0]LogConfig: Setting CVar [[r.PostProcessAAQuality:4]]
[2021.11.20-10.59.32:990][  0]LogConfig: Applying CVar settings from Section [ShadowQuality@3] File [D:/GamesMadeByMe/SurBox/SurBox/Saved/Config/Windows/Scalability.ini]
[2021.11.20-10.59.32:990][  0]LogConfig: Setting CVar [[r.LightFunctionQuality:1]]
[2021.11.20-10.59.32:990][  0]LogConfig: Setting CVar [[r.ShadowQuality:5]]
[2021.11.20-10.59.32:990][  0]LogConfig: Setting CVar [[r.Shadow.CSM.MaxCascades:10]]
[2021.11.20-10.59.32:990][  0]LogConfig: Setting CVar [[r.Shadow.MaxResolution:2048]]
[2021.11.20-10.59.32:990][  0]LogConfig: Setting CVar [[r.Shadow.MaxCSMResolution:2048]]
[2021.11.20-10.59.32:990][  0]LogConfig: Setting CVar [[r.Shadow.RadiusThreshold:0.01]]
[2021.11.20-10.59.32:990][  0]LogConfig: Setting CVar [[r.Shadow.DistanceScale:1.0]]
[2021.11.20-10.59.32:990][  0]LogConfig: Setting CVar [[r.Shadow.CSM.TransitionScale:1.0]]
[2021.11.20-10.59.32:990][  0]LogConfig: Setting CVar [[r.Shadow.PreShadowResolutionFactor:1.0]]
[2021.11.20-10.59.32:990][  0]LogConfig: Setting CVar [[r.DistanceFieldShadowing:1]]
[2021.11.20-10.59.32:990][  0]LogConfig: Setting CVar [[r.DistanceFieldAO:1]]
[2021.11.20-10.59.32:990][  0]LogConfig: Setting CVar [[r.AOQuality:2]]
[2021.11.20-10.59.32:990][  0]LogConfig: Setting CVar [[r.VolumetricFog:1]]
[2021.11.20-10.59.32:990][  0]LogConfig: Setting CVar [[r.VolumetricFog.GridPixelSize:8]]
[2021.11.20-10.59.32:990][  0]LogConfig: Setting CVar [[r.VolumetricFog.GridSizeZ:128]]
[2021.11.20-10.59.32:990][  0]LogConfig: Setting CVar [[r.VolumetricFog.HistoryMissSupersampleCount:4]]
[2021.11.20-10.59.32:990][  0]LogConfig: Setting CVar [[r.LightMaxDrawDistanceScale:1]]
[2021.11.20-10.59.32:990][  0]LogConfig: Setting CVar [[r.CapsuleShadows:1]]
[2021.11.20-10.59.32:990][  0]LogConfig: Applying CVar settings from Section [PostProcessQuality@3] File [D:/GamesMadeByMe/SurBox/SurBox/Saved/Config/Windows/Scalability.ini]
[2021.11.20-10.59.32:990][  0]LogConfig: Setting CVar [[r.MotionBlurQuality:4]]
[2021.11.20-10.59.32:990][  0]LogConfig: Setting CVar [[r.AmbientOcclusionMipLevelFactor:0.4]]
[2021.11.20-10.59.32:990][  0]LogConfig: Setting CVar [[r.AmbientOcclusionMaxQuality:100]]
[2021.11.20-10.59.32:990][  0]LogConfig: Setting CVar [[r.AmbientOcclusionLevels:-1]]
[2021.11.20-10.59.32:990][  0]LogConfig: Setting CVar [[r.AmbientOcclusionRadiusScale:1.0]]
[2021.11.20-10.59.32:990][  0]LogConfig: Setting CVar [[r.DepthOfFieldQuality:2]]
[2021.11.20-10.59.32:990][  0]LogConfig: Setting CVar [[r.RenderTargetPoolMin:400]]
[2021.11.20-10.59.32:990][  0]LogConfig: Setting CVar [[r.LensFlareQuality:2]]
[2021.11.20-10.59.32:990][  0]LogConfig: Setting CVar [[r.SceneColorFringeQuality:1]]
[2021.11.20-10.59.32:990][  0]LogConfig: Setting CVar [[r.EyeAdaptationQuality:2]]
[2021.11.20-10.59.32:990][  0]LogConfig: Setting CVar [[r.BloomQuality:5]]
[2021.11.20-10.59.32:990][  0]LogConfig: Setting CVar [[r.FastBlurThreshold:100]]
[2021.11.20-10.59.32:990][  0]LogConfig: Setting CVar [[r.Upscale.Quality:3]]
[2021.11.20-10.59.32:990][  0]LogConfig: Setting CVar [[r.Tonemapper.GrainQuantization:1]]
[2021.11.20-10.59.32:990][  0]LogConfig: Setting CVar [[r.LightShaftQuality:1]]
[2021.11.20-10.59.32:990][  0]LogConfig: Setting CVar [[r.Filter.SizeScale:1]]
[2021.11.20-10.59.32:990][  0]LogConfig: Setting CVar [[r.Tonemapper.Quality:5]]
[2021.11.20-10.59.32:990][  0]LogConfig: Setting CVar [[r.DOF.Gather.AccumulatorQuality:1        ; higher gathering accumulator quality]]
[2021.11.20-10.59.32:990][  0]LogConfig: Setting CVar [[r.DOF.Gather.PostfilterMethod:1          ; Median3x3 postfilering method]]
[2021.11.20-10.59.32:990][  0]LogConfig: Setting CVar [[r.DOF.Gather.EnableBokehSettings:0       ; no bokeh simulation when gathering]]
[2021.11.20-10.59.32:990][  0]LogConfig: Setting CVar [[r.DOF.Gather.RingCount:4                 ; medium number of samples when gathering]]
[2021.11.20-10.59.32:990][  0]LogConfig: Setting CVar [[r.DOF.Scatter.ForegroundCompositing:1    ; additive foreground scattering]]
[2021.11.20-10.59.32:990][  0]LogConfig: Setting CVar [[r.DOF.Scatter.BackgroundCompositing:2    ; additive background scattering]]
[2021.11.20-10.59.32:990][  0]LogConfig: Setting CVar [[r.DOF.Scatter.EnableBokehSettings:1      ; bokeh simulation when scattering]]
[2021.11.20-10.59.32:990][  0]LogConfig: Setting CVar [[r.DOF.Scatter.MaxSpriteRatio:0.1         ; only a maximum of 10% of scattered bokeh]]
[2021.11.20-10.59.32:990][  0]LogConfig: Setting CVar [[r.DOF.Recombine.Quality:1                ; cheap slight out of focus]]
[2021.11.20-10.59.32:990][  0]LogConfig: Setting CVar [[r.DOF.Recombine.EnableBokehSettings:0    ; no bokeh simulation on slight out of focus]]
[2021.11.20-10.59.32:990][  0]LogConfig: Setting CVar [[r.DOF.TemporalAAQuality:1                ; more stable temporal accumulation]]
[2021.11.20-10.59.32:990][  0]LogConfig: Setting CVar [[r.DOF.Kernel.MaxForegroundRadius:0.025]]
[2021.11.20-10.59.32:990][  0]LogConfig: Setting CVar [[r.DOF.Kernel.MaxBackgroundRadius:0.025]]
[2021.11.20-10.59.32:990][  0]LogConfig: Applying CVar settings from Section [TextureQuality@3] File [D:/GamesMadeByMe/SurBox/SurBox/Saved/Config/Windows/Scalability.ini]
[2021.11.20-10.59.32:990][  0]LogConfig: Setting CVar [[r.Streaming.MipBias:0]]
[2021.11.20-10.59.32:990][  0]LogConfig: Setting CVar [[r.Streaming.AmortizeCPUToGPUCopy:0]]
[2021.11.20-10.59.32:990][  0]LogConfig: Setting CVar [[r.Streaming.MaxNumTexturesToStreamPerFrame:0]]
[2021.11.20-10.59.32:990][  0]LogConfig: Setting CVar [[r.Streaming.Boost:1]]
[2021.11.20-10.59.32:990][  0]LogConfig: Setting CVar [[r.MaxAnisotropy:8]]
[2021.11.20-10.59.32:990][  0]LogConfig: Setting CVar [[r.VT.MaxAnisotropy:8]]
[2021.11.20-10.59.32:990][  0]LogConfig: Setting CVar [[r.Streaming.LimitPoolSizeToVRAM:0]]
[2021.11.20-10.59.32:990][  0]LogConfig: Setting CVar [[r.Streaming.PoolSize:1000]]
[2021.11.20-10.59.32:990][  0]LogConfig: Setting CVar [[r.Streaming.MaxEffectiveScreenSize:0]]
[2021.11.20-10.59.32:990][  0]LogConfig: Applying CVar settings from Section [EffectsQuality@3] File [D:/GamesMadeByMe/SurBox/SurBox/Saved/Config/Windows/Scalability.ini]
[2021.11.20-10.59.32:990][  0]LogConfig: Setting CVar [[r.TranslucencyLightingVolumeDim:64]]
[2021.11.20-10.59.32:990][  0]LogConfig: Setting CVar [[r.RefractionQuality:2]]
[2021.11.20-10.59.32:990][  0]LogConfig: Setting CVar [[r.SSR.Quality:3]]
[2021.11.20-10.59.32:990][  0]LogConfig: Setting CVar [[r.SSR.HalfResSceneColor:0]]
[2021.11.20-10.59.32:990][  0]LogConfig: Setting CVar [[r.SceneColorFormat:4]]
[2021.11.20-10.59.32:990][  0]LogConfig: Setting CVar [[r.DetailMode:2]]
[2021.11.20-10.59.32:990][  0]LogConfig: Setting CVar [[r.TranslucencyVolumeBlur:1]]
[2021.11.20-10.59.32:990][  0]LogConfig: Setting CVar [[r.MaterialQualityLevel:1 ; High quality]]
[2021.11.20-10.59.32:990][  0]LogConfig: Setting CVar [[r.AnisotropicMaterials:1]]
[2021.11.20-10.59.32:990][  0]LogConfig: Setting CVar [[r.SSS.Scale:1]]
[2021.11.20-10.59.32:990][  0]LogConfig: Setting CVar [[r.SSS.SampleSet:2]]
[2021.11.20-10.59.32:990][  0]LogConfig: Setting CVar [[r.SSS.Quality:1]]
[2021.11.20-10.59.32:990][  0]LogConfig: Setting CVar [[r.SSS.HalfRes:0]]
[2021.11.20-10.59.32:990][  0]LogConfig: Setting CVar [[r.SSGI.Quality:3]]
[2021.11.20-10.59.32:990][  0]LogConfig: Setting CVar [[r.EmitterSpawnRateScale:1.0]]
[2021.11.20-10.59.32:990][  0]LogConfig: Setting CVar [[r.ParticleLightQuality:2]]
[2021.11.20-10.59.32:990][  0]LogConfig: Setting CVar [[r.SkyAtmosphere.AerialPerspectiveLUT.FastApplyOnOpaque:1 ; Always have FastSkyLUT 1 in this case to avoid wrong sky]]
[2021.11.20-10.59.32:990][  0]LogConfig: Setting CVar [[r.SkyAtmosphere.AerialPerspectiveLUT.SampleCountMaxPerSlice:4]]
[2021.11.20-10.59.32:990][  0]LogConfig: Setting CVar [[r.SkyAtmosphere.AerialPerspectiveLUT.DepthResolution:16.0]]
[2021.11.20-10.59.32:990][  0]LogConfig: Setting CVar [[r.SkyAtmosphere.FastSkyLUT:1]]
[2021.11.20-10.59.32:990][  0]LogConfig: Setting CVar [[r.SkyAtmosphere.FastSkyLUT.SampleCountMin:4.0]]
[2021.11.20-10.59.32:990][  0]LogConfig: Setting CVar [[r.SkyAtmosphere.FastSkyLUT.SampleCountMax:128.0]]
[2021.11.20-10.59.32:990][  0]LogConfig: Setting CVar [[r.SkyAtmosphere.SampleCountMin:4.0]]
[2021.11.20-10.59.32:990][  0]LogConfig: Setting CVar [[r.SkyAtmosphere.SampleCountMax:128.0]]
[2021.11.20-10.59.32:990][  0]LogConfig: Setting CVar [[r.SkyAtmosphere.TransmittanceLUT.UseSmallFormat:0]]
[2021.11.20-10.59.32:990][  0]LogConfig: Setting CVar [[r.SkyAtmosphere.TransmittanceLUT.SampleCount:10.0]]
[2021.11.20-10.59.32:990][  0]LogConfig: Setting CVar [[r.SkyAtmosphere.MultiScatteringLUT.SampleCount:15.0]]
[2021.11.20-10.59.32:990][  0]LogConfig: Setting CVar [[r.SkyLight.RealTimeReflectionCapture:1]]
[2021.11.20-10.59.32:990][  0]LogConfig: Applying CVar settings from Section [FoliageQuality@3] File [D:/GamesMadeByMe/SurBox/SurBox/Saved/Config/Windows/Scalability.ini]
[2021.11.20-10.59.32:990][  0]LogConfig: Setting CVar [[foliage.DensityScale:1.0]]
[2021.11.20-10.59.32:990][  0]LogConfig: Setting CVar [[grass.DensityScale:1.0]]
[2021.11.20-10.59.32:991][  0]LogConfig: Applying CVar settings from Section [ShadingQuality@3] File [D:/GamesMadeByMe/SurBox/SurBox/Saved/Config/Windows/Scalability.ini]
[2021.11.20-10.59.32:991][  0]LogConfig: Setting CVar [[r.HairStrands.SkyLighting.IntegrationType:2]]
[2021.11.20-10.59.32:991][  0]LogConfig: Setting CVar [[r.HairStrands.SkyAO.SampleCount:4]]
[2021.11.20-10.59.32:991][  0]LogConfig: Setting CVar [[r.HairStrands.Visibility.MSAA.SamplePerPixel:4]]
[2021.11.20-10.59.32:991][  0]LogConfig: Applying CVar settings from Section [Startup] File [../../../Engine/Config/ConsoleVariables.ini]
[2021.11.20-10.59.32:991][  0]LogConfig: Setting CVar [[net.UseAdaptiveNetUpdateFrequency:0]]
[2021.11.20-10.59.32:991][  0]LogConfig: Setting CVar [[p.chaos.AllowCreatePhysxBodies:1]]
[2021.11.20-10.59.32:991][  0]LogConfig: Setting CVar [[fx.SkipVectorVMBackendOptimizations:1]]
[2021.11.20-10.59.32:991][  0]LogConfig: Applying CVar settings from Section [ConsoleVariables] File [D:/GamesMadeByMe/SurBox/SurBox/Saved/Config/Windows/Engine.ini]
[2021.11.20-10.59.32:991][  0]LogConfig: Applying CVar settings from Section [ConsoleVariables] File [D:/GamesMadeByMe/SurBox/SurBox/Saved/Config/Windows/Editor.ini]
[2021.11.20-10.59.32:991][  0]LogInit: Computer: DESKTOP-LV68NCC
[2021.11.20-10.59.32:991][  0]LogInit: User: GogoPC
[2021.11.20-10.59.32:991][  0]LogInit: CPU Page size=4096, Cores=8
[2021.11.20-10.59.32:991][  0]LogInit: High frequency timer resolution =10.000000 MHz
[2021.11.20-10.59.32:991][  0]LogMemory: Memory total: Physical=15.9GB (16GB approx)
[2021.11.20-10.59.32:991][  0]LogMemory: Platform Memory Stats for Windows
[2021.11.20-10.59.32:991][  0]LogMemory: Process Physical Memory: 143.82 MB used, 143.82 MB peak
[2021.11.20-10.59.32:991][  0]LogMemory: Process Virtual Memory: 112.66 MB used, 112.66 MB peak
[2021.11.20-10.59.32:991][  0]LogMemory: Physical Memory: 9206.84 MB used,  7097.83 MB free, 16304.67 MB total
[2021.11.20-10.59.32:991][  0]LogMemory: Virtual Memory: 134209496.00 MB used,  8228.74 MB free, 134217728.00 MB total
[2021.11.20-10.59.32:997][  0]LogWindows: WindowsPlatformFeatures enabled
[2021.11.20-10.59.33:039][  0]LogInit: Physics initialised using underlying interface: PhysX
[2021.11.20-10.59.33:039][  0]LogInit: Using OS detected language (en-US).
[2021.11.20-10.59.33:039][  0]LogInit: Using OS detected locale (en-US).
[2021.11.20-10.59.33:041][  0]LogTextLocalizationManager: No specific localization for 'en-US' exists, so the 'en' localization will be used.
[2021.11.20-10.59.33:260][  0]LogWindowsTextInputMethodSystem: Display: IME system deactivated.
[2021.11.20-10.59.33:340][  0]LogSlate: New Slate User Created.  User Index 0, Is Virtual User: 0
[2021.11.20-10.59.33:340][  0]LogSlate: Slate User Registered.  User Index 0, Is Virtual User: 0
[2021.11.20-10.59.33:378][  0]LogD3D11RHI: Loaded GFSDK_Aftermath_Lib.x64.dll
[2021.11.20-10.59.33:424][  0]LogHMD: Failed to initialize OpenVR with code 108
[2021.11.20-10.59.33:425][  0]LogD3D11RHI: D3D11 min allowed feature level: 11_0
[2021.11.20-10.59.33:425][  0]LogD3D11RHI: D3D11 max allowed feature level: 11_0
[2021.11.20-10.59.33:425][  0]LogD3D11RHI: D3D11 adapters:
[2021.11.20-10.59.33:539][  0]LogD3D11RHI:    0. 'NVIDIA GeForce GTX 1060 6GB' (Feature Level 11_0)
[2021.11.20-10.59.33:539][  0]LogD3D11RHI:       6052/0/8152 MB DedicatedVideo/DedicatedSystem/SharedSystem, Outputs:1, VendorId:0x10de
[2021.11.20-10.59.33:542][  0]LogD3D11RHI:    1. 'Microsoft Basic Render Driver' (Feature Level 11_0)
[2021.11.20-10.59.33:542][  0]LogD3D11RHI:       0/0/8152 MB DedicatedVideo/DedicatedSystem/SharedSystem, Outputs:0, VendorId:0x1414
[2021.11.20-10.59.33:542][  0]LogD3D11RHI: Chosen D3D11 Adapter:
[2021.11.20-10.59.33:542][  0]LogD3D11RHI:     Description : NVIDIA GeForce GTX 1060 6GB
[2021.11.20-10.59.33:542][  0]LogD3D11RHI:     VendorId    : 10de
[2021.11.20-10.59.33:542][  0]LogD3D11RHI:     DeviceId    : 1c03
[2021.11.20-10.59.33:542][  0]LogD3D11RHI:     SubSysId    : 371a1458
[2021.11.20-10.59.33:542][  0]LogD3D11RHI:     Revision    : 00a1
[2021.11.20-10.59.33:542][  0]LogD3D11RHI:     DedicatedVideoMemory : 6345981952 bytes
[2021.11.20-10.59.33:542][  0]LogD3D11RHI:     DedicatedSystemMemory : 0 bytes
[2021.11.20-10.59.33:542][  0]LogD3D11RHI:     SharedSystemMemory : 8548341760 bytes
[2021.11.20-10.59.33:542][  0]LogD3D11RHI:     AdapterLuid : 0 175825
[2021.11.20-10.59.33:547][  0]LogD3D11RHI: Creating new Direct3DDevice
[2021.11.20-10.59.33:547][  0]LogD3D11RHI:     GPU DeviceId: 0x1c03 (for the marketing name, search the web for "GPU Device Id")
[2021.11.20-10.59.33:547][  0]LogWindows: EnumDisplayDevices:
[2021.11.20-10.59.33:547][  0]LogWindows:    0. 'NVIDIA GeForce GTX 1060 6GB' (P:1 D:1)
[2021.11.20-10.59.33:548][  0]LogWindows:    1. 'NVIDIA GeForce GTX 1060 6GB' (P:0 D:0)
[2021.11.20-10.59.33:548][  0]LogWindows:    2. 'NVIDIA GeForce GTX 1060 6GB' (P:0 D:0)
[2021.11.20-10.59.33:548][  0]LogWindows:    3. 'NVIDIA GeForce GTX 1060 6GB' (P:0 D:0)
[2021.11.20-10.59.33:548][  0]LogWindows: DebugString: FoundDriverCount:4 
[2021.11.20-10.59.33:548][  0]LogD3D11RHI:     Adapter Name: NVIDIA GeForce GTX 1060 6GB
[2021.11.20-10.59.33:548][  0]LogD3D11RHI:   Driver Version: 496.13 (internal:30.0.14.9613, unified:496.13)
[2021.11.20-10.59.33:548][  0]LogD3D11RHI:      Driver Date: 10-6-2021
[2021.11.20-10.59.33:548][  0]LogRHI: Texture pool is 4236 MB (70% of 6052 MB)
[2021.11.20-10.59.33:548][  0]LogD3D11RHI: Creating D3DDevice using adapter:
[2021.11.20-10.59.33:548][  0]LogD3D11RHI:     Description : NVIDIA GeForce GTX 1060 6GB
[2021.11.20-10.59.33:548][  0]LogD3D11RHI:     VendorId    : 10de
[2021.11.20-10.59.33:548][  0]LogD3D11RHI:     DeviceId    : 1c03
[2021.11.20-10.59.33:548][  0]LogD3D11RHI:     SubSysId    : 371a1458
[2021.11.20-10.59.33:548][  0]LogD3D11RHI:     Revision    : 00a1
[2021.11.20-10.59.33:548][  0]LogD3D11RHI:     DedicatedVideoMemory : 6345981952 bytes
[2021.11.20-10.59.33:548][  0]LogD3D11RHI:     DedicatedSystemMemory : 0 bytes
[2021.11.20-10.59.33:548][  0]LogD3D11RHI:     SharedSystemMemory : 8548341760 bytes
[2021.11.20-10.59.33:548][  0]LogD3D11RHI:     AdapterLuid : 0 175825
[2021.11.20-10.59.33:598][  0]LogD3D11RHI: RHI has support for 64 bit atomics
[2021.11.20-10.59.33:598][  0]LogD3D11RHI: Async texture creation enabled
[2021.11.20-10.59.33:598][  0]LogD3D11RHI: Array index from any shader is supported
[2021.11.20-10.59.33:613][  0]LogD3D11RHI: GPU Timing Frequency: 1000.000000 (Debug: 2 1)
[2021.11.20-10.59.33:653][  0]LogRHI: GeForceNow SDK initialized: 1
[2021.11.20-10.59.34:024][  0]LogTargetPlatformManager: Display: Loaded TargetPlatform 'WindowsNoEditor'
[2021.11.20-10.59.34:028][  0]LogTargetPlatformManager: Display: Loaded TargetPlatform 'Windows'
[2021.11.20-10.59.34:031][  0]LogTargetPlatformManager: Display: Loaded TargetPlatform 'WindowsClient'
[2021.11.20-10.59.34:034][  0]LogTargetPlatformManager: Display: Loaded TargetPlatform 'WindowsServer'
[2021.11.20-10.59.34:034][  0]LogTargetPlatformManager: Display: Building Assets For Windows
[2021.11.20-10.59.34:039][  0]LogAudioDebug: Display: Lib vorbis DLL was dynamically loaded.
[2021.11.20-10.59.34:060][  0]LogTextureFormatOodle: Display: Oodle Texture 2.9.0 init RDO Off
[2021.11.20-10.59.34:082][  0]LogRendererCore: Ray tracing is disabled. Reason: r.RayTracing=0.
[2021.11.20-10.59.34:083][  0]LogShaderCompilers: Guid format shader working directory is 7 characters bigger than the processId version (../../../../GamesMadeByMe/SurBox/SurBox/Intermediate/Shaders/WorkingDirectory/23152/).
[2021.11.20-10.59.34:083][  0]LogShaderCompilers: Cleaned the shader compiler working directory 'C:/Users/GogoPC/AppData/Local/Temp/UnrealShaderWorkingDir/E5B692EA4AF6E8D781C9C9A888A9AAF7/'.
[2021.11.20-10.59.34:083][  0]LogXGEController: Cannot use XGE Controller as Incredibuild is not installed on this machine.
[2021.11.20-10.59.34:083][  0]LogShaderCompilers: Cannot use XGE Shader Compiler as Incredibuild is not installed on this machine.
[2021.11.20-10.59.34:083][  0]LogShaderCompilers: Display: Using Local Shader Compiler.
[2021.11.20-10.59.34:748][  0]LogDerivedDataCache: Display: Max Cache Size: 512 MB
[2021.11.20-10.59.34:795][  0]LogDerivedDataCache: Loaded boot cache 0.05s 94MB C:/Users/GogoPC/AppData/Local/UnrealEngine/4.27/DerivedDataCache/Boot.ddc.
[2021.11.20-10.59.34:795][  0]LogDerivedDataCache: Display: Loaded Boot cache: C:/Users/GogoPC/AppData/Local/UnrealEngine/4.27/DerivedDataCache/Boot.ddc
[2021.11.20-10.59.34:795][  0]LogDerivedDataCache: FDerivedDataBackendGraph:  Pak pak cache file ../../../../GamesMadeByMe/SurBox/SurBox/DerivedDataCache/DDC.ddp not found, will not use a pak cache.
[2021.11.20-10.59.34:795][  0]LogDerivedDataCache: Unable to find inner node Pak for hierarchical cache Hierarchy.
[2021.11.20-10.59.34:795][  0]LogDerivedDataCache: FDerivedDataBackendGraph:  CompressedPak pak cache file ../../../../GamesMadeByMe/SurBox/SurBox/DerivedDataCache/Compressed.ddp not found, will not use a pak cache.
[2021.11.20-10.59.34:795][  0]LogDerivedDataCache: Unable to find inner node CompressedPak for hierarchical cache Hierarchy.
[2021.11.20-10.59.34:808][  0]LogDerivedDataCache: Display: Pak cache opened for reading ../../../Engine/DerivedDataCache/Compressed.ddp.
[2021.11.20-10.59.34:808][  0]LogDerivedDataCache: FDerivedDataBackendGraph:  EnterprisePak pak cache file ../../../Enterprise/DerivedDataCache/Compressed.ddp not found, will not use a pak cache.
[2021.11.20-10.59.34:808][  0]LogDerivedDataCache: Unable to find inner node EnterprisePak for hierarchical cache Hierarchy.
[2021.11.20-10.59.34:814][  0]LogDerivedDataCache: Speed tests for C:/Users/GogoPC/AppData/Local/UnrealEngine/Common/DerivedDataCache took 0.01 seconds
[2021.11.20-10.59.34:814][  0]LogDerivedDataCache: Display: Performance to C:/Users/GogoPC/AppData/Local/UnrealEngine/Common/DerivedDataCache: Latency=0.03ms. RandomReadSpeed=1264.02MBs, RandomWriteSpeed=180.14MBs. Assigned SpeedClass 'Local'
[2021.11.20-10.59.34:815][  0]LogDerivedDataCache: Using Local data cache path C:/Users/GogoPC/AppData/Local/UnrealEngine/Common/DerivedDataCache: Writable
[2021.11.20-10.59.34:815][  0]LogDerivedDataCache: Shared data cache path not found in *engine.ini, will not use an Shared cache.
[2021.11.20-10.59.34:815][  0]LogDerivedDataCache: Unable to find inner node Shared for hierarchical cache Hierarchy.
[2021.11.20-10.59.34:844][  0]LogSlate: Using FreeType 2.10.0
[2021.11.20-10.59.34:844][  0]LogSlate: SlateFontServices - WITH_FREETYPE: 1, WITH_HARFBUZZ: 1
[2021.11.20-10.59.34:920][  0]LogInit: Using OS detected language (en-US).
[2021.11.20-10.59.34:920][  0]LogInit: Using OS detected locale (en-US).
[2021.11.20-10.59.34:920][  0]LogTextLocalizationManager: No localization for 'en-US' exists, so 'en' will be used for the language.
[2021.11.20-10.59.34:920][  0]LogTextLocalizationManager: No localization for 'en-US' exists, so 'en' will be used for the locale.
[2021.11.20-10.59.34:920][  0]LogSlate: FontCache flush requested. Reason: Culture for localization was changed
[2021.11.20-10.59.34:920][  0]LogSlate: FontCache flush requested. Reason: Culture for localization was changed
[2021.11.20-10.59.34:922][  0]LogAssetRegistry: FAssetRegistry took 0.0013 seconds to start up
[2021.11.20-10.59.35:065][  0]LogTextLocalizationManager: Compacting localization data took   0.00ms
[2021.11.20-10.59.35:065][  0]LogPackageLocalizationCache: Processed 27 localized package path(s) for 1 prioritized culture(s) in 0.001084 seconds
[2021.11.20-10.59.35:117][  0]LogInit: Selected Device Profile: [Windows]
[2021.11.20-10.59.35:117][  0]LogInit: Active device profile: [0000026A4396CE00][0000026A362E6440 49] Windows
[2021.11.20-10.59.35:117][  0]LogInit: Profiles: [0000026A4396CE00][0000026A362E6440 49] Windows, [0000026A4393A400][0000026A3A3F45C0 49] WindowsNoEditor, [0000026A4396DD00][0000026A3A3F8740 49] WindowsServer, [0000026A4393B200][0000026A3A3FC8C0 49] WindowsClient, [0000026A4396EA00][0000026A3A400A40 49] IOS, [0000026A4393B800][0000026A3A404BC0 49] iPadAir, [0000026A4396D500][0000026A3A408D40 49] iPadAir2, [0000026A438E9300][0000026A3A411000 49] IPadPro, [0000026A438E9400][0000026A3A40D040 49] iPadAir3, [0000026A43938C00][0000026A3A4151C0 49] iPadAir4, [0000026A438EA000][0000026A3A419340 49] iPadMini2, [0000026A4393B000][0000026A3A41D4C0 49] iPadMini3, [0000026A438EAA00][0000026A3A421640 49] iPadMini4, [0000026A43938F00][0000026A3A4257C0 49] iPadMini5, [0000026A43914B00][0000026A3A429A00 49] iPhone6, [0000026A43914C00][0000026A3A3F1A40 49] iPodTouch6, [0000026A4396E900][0000026A3A430100 49] iPhone7, [0000026A4396CF00][0000026A3A42C140 49] iPodTouch7, [0000026A438E9200][0000026A3A4382C0 49] iPhone5S, [0000026A4396EC00][0000026A3A43C440 49] iPhone6Plus, [0000026A438EBD00][0000026A3A4405C0 49] iPhone6S, [0000026A438E8100][0000026A3A444740 49] iPhone6SPlus, [0000026A43917F00][0000026A3A4488C0 49] iPhone7Plus, [0000026A438EA200][0000026A3A44CA40 49] iPhoneSE, [0000026A43916800][0000026A3A450BC0 49] iPhone8, [0000026A438EA500][0000026A3A454D40 49] iPhone8Plus, [0000026A43917900][0000026A3A458EC0 49] iPhoneX, [0000026A438EA400][0000026A3A45D040 49] iPhoneXS, [0000026A43914E00][0000026A3CBCF1C0 49] iPhoneXSMax, [0000026A4396D800][0000026A3CBD3340 49] iPhoneXR, [0000026A43915600][0000026A3CBD74C0 49] iPhone11, [0000026A4396DA00][0000026A3CBDB640 49] iPhone11Pro, [0000026A43915800][0000026A3CBDF7C0 49] iPhone11ProMax, [0000026A4396D100][0000026A3CBE3940 49] iPhoneSE2, [0000026A43917A00][0000026A3CBE7AC0 49] iPhone12Mini, [0000026A4396CB00][0000026A3A435C00 49] iPhone12, [0000026A43915C00][0000026A3CBEA1C0 49] iPhone12Pro, [0000026A4396D000][0000026A3CBEE300 49] iPhone12ProMax, [0000026A43917600][0000026A3CBF6480 49] iPadPro105, [0000026A4396F800][0000026A3CBFA600 49] iPadPro129, [0000026A43914300][0000026A3CBFE780 49] iPadPro97, [0000026A4396D400][0000026A3CC02900 49] iPadPro2_129, [0000026A43915300][0000026A3CC06A80 49] iPad5, [0000026A4396FA00][0000026A3CC0AC00 49] iPad6, [0000026A43917C00][0000026A3CC0ED80 49] iPad7, [0000026A4396F200][0000026A3CC12F00 49] iPad8, [0000026A43916E00][0000026A3CC17080 49] iPadPro11, [0000026A4396E400][0000026A3CC1B200 49] iPadPro2_11, [0000026A43917800][0000026A3CC1F380 49] iPadPro3_129, [0000026A4396C700][0000026A3CC23500 49] iPadPro4_129, [0000026A43915000][0000026A3CC27680 49] AppleTV, [0000026A4396F100][0000026A3CC2B800 49] AppleTV4K, [0000026A43916100][0000026A3CC2F980 49] TVOS, [0000026A4396F900][0000026A3CC33B00 49] Mac, [0000026A43917500][0000026A3CC36100 49] MacClient, [0000026A4396FB00][0000026A3CBF2240 49] MacNoEditor, [0000026A43914D00][0000026A3CC3A380 49] MacServer, [0000026A4396E500][0000026A3CC3E4C0 49] Linux, [0000026A43915F00][0000026A3CC46640 49] LinuxAArch64, [0000026A4396E200][0000026A3CC4A7C0 49] LinuxNoEditor, [0000026A43917000][0000026A3CC4E940 49] LinuxAArch64NoEditor, [0000026A4396C200][0000026A3CC52AC0 49] LinuxClient, [0000026A43916700][0000026A3CC56C40 49] LinuxAArch64Client, [0000026A4396C300][0000026A3CC5ADC0 49] LinuxServer, [0000026A43914400][0000026A3CC5EF40 49] LinuxAArch64Server, [0000026A4396CA00][0000026A3CC630C0 49] Android, [0000026A43915400][0000026A3CC67240 49] Android_Low, [0000026A4396FC00][0000026A3CC6B3C0 49] Android_Mid, [0000026A43916900][0000026A3CC6F540 49] Android_High, [0000026A4396CC00][0000026A3CC736C0 49] Android_Default, [0000026A43917100][0000026A3CC77840 49] Android_Adreno4xx, [0000026A4396FD00][0000026A3CC7B9C0 49] Android_Adreno5xx_Low, [0000026A43917D00][0000026A3CC7FB40 49] Android_Adreno5xx, [0000026A4396D900][0000026A3CC82140 49] Android_Adreno6xx, [0000026A43914F00][0000026A3CC862C0 49] Android_Adreno6xx_Vulkan, [0000026A4396E700][0000026A3CC42400 49] Android_Mali_T6xx, [0000026A438E9A00][0000026A3CC8A540 49] Android_Mali_T7xx, [0000026A4393B100][0000026A3CC8E680 49] Android_Mali_T8xx, [0000026A438EBE00][0000026A3CC927C0 49] Android_Mali_G71, [0000026A4393BC00][0000026A3CC9A940 49] Android_Mali_G72, [0000026A438EBA00][0000026A3CC9EAC0 49] Android_Mali_G72_Vulkan, [0000026A4393B900][0000026A3CCA2C40 49] Android_Mali_G76, [0000026A438E9B00][0000026A3CCA6DC0 49] Android_Mali_G76_Vulkan, [0000026A4393A300][0000026A3CCAAF40 49] Android_Mali_G77, [0000026A438EB600][0000026A3CCAF0C0 49] Android_Mali_G77_Vulkan, [0000026A4393A000][0000026A3CCB3240 49] Android_Mali_G78, [0000026A438E9000][0000026A3CCB73C0 49] Android_Mali_G78_Vulkan, [0000026A43938500][0000026A3CCBB540 49] Android_Mali_G710, [0000026A438E9600][0000026A3CCBF6C0 49] Android_Mali_G710_Vulkan, [0000026A4393A500][0000026A3CCC3840 49] Android_Vulkan_SM5, [0000026A438E9100][0000026A3CCC79C0 49] Android_PowerVR_G6xxx, [0000026A4393AF00][0000026A3CCCBB40 49] Android_PowerVR_GT7xxx, [0000026A438EB300][0000026A3CCCE140 49] Android_PowerVR_GE8xxx, [0000026A43939100][0000026A3CCD22C0 49] Android_PowerVR_GM9xxx, [0000026A438E9F00][0000026A3CCD6440 49] Android_PowerVR_GM9xxx_Vulkan, [0000026A43939600][0000026A3CC96580 49] Android_TegraK1, [0000026A438EBB00][0000026A3CCDA6C0 49] Android_Unknown_Vulkan, [0000026A43938D00][0000026A3CCDE800 49] Lumin, [0000026A438E8600][0000026A3CCE2940 49] Lumin_Desktop, [0000026A43914600][0000026A3CCEAAC0 49] HoloLens, 
[2021.11.20-10.59.35:158][  0]LogMeshReduction: Using QuadricMeshReduction for automatic static mesh reduction
[2021.11.20-10.59.35:158][  0]LogMeshReduction: Using SimplygonMeshReduction for automatic skeletal mesh reduction
[2021.11.20-10.59.35:158][  0]LogMeshReduction: Using ProxyLODMeshReduction for automatic mesh merging
[2021.11.20-10.59.35:158][  0]LogMeshReduction: No distributed automatic mesh merging module available
[2021.11.20-10.59.35:158][  0]LogMeshMerging: No distributed automatic mesh merging module available
[2021.11.20-10.59.35:257][  0]LogNetVersion: SurBox 1.0.0, NetCL: 17155196, EngineNetVer: 17, GameNetVer: 0 (Checksum: 1372447348)
[2021.11.20-10.59.35:475][  0]LogTexture: Default maximum texture size for cubemaps generated from long-lat sources has been changed from 512 to unlimited. In order to preserve old behaiour for '/Engine/MapTemplates/Sky/DaylightAmbientCubemap.DaylightAmbientCubemap', its maximum texture size has been explicitly set to 512.
[2021.11.20-10.59.35:523][  0]LogHMD: PokeAHoleMaterial loaded successfully
[2021.11.20-10.59.35:599][  0]LogMoviePlayer: Initializing movie player
[2021.11.20-10.59.35:701][  0]LogPython: Using Python 3.7.7
[2021.11.20-10.59.36:085][  0]LogNiagaraDebuggerClient: Niagara Debugger Client Initialized | Session: 58B2546345B576AD2A0A7C85258974B1 | Instance: DD7E0CEC4524B49EC892168635DE40D7 (DESKTOP-LV68NCC-23152).
[2021.11.20-10.59.36:100][  0]LogCollectionManager: Loaded 0 collections in 0.000466 seconds
[2021.11.20-10.59.36:102][  0]LogFileCache: Scanning file cache for directory 'D:/GamesMadeByMe/SurBox/SurBox/Saved/Collections/' took 0.00s
[2021.11.20-10.59.36:102][  0]LogFileCache: Scanning file cache for directory 'D:/GamesMadeByMe/SurBox/SurBox/Content/Developers/GogoPC/Collections/' took 0.00s
[2021.11.20-10.59.36:102][  0]LogFileCache: Scanning file cache for directory 'D:/GamesMadeByMe/SurBox/SurBox/Content/Collections/' took 0.00s
[2021.11.20-10.59.36:102][  0]LogCollectionManager: Fixed up redirectors for 0 collections in 0.000001 seconds (updated 0 objects)
[2021.11.20-10.59.36:106][  0]LogImageWrapper: Warning: PNG Warning: Duplicate iCCP chunk
[2021.11.20-10.59.36:106][  0]LogImageWrapper: Warning: PNG Warning: Duplicate iCCP chunk
[2021.11.20-10.59.36:212][  0]LogTcpMessaging: Initializing TcpMessaging bridge
[2021.11.20-10.59.36:215][  0]LogUdpMessaging: Initializing bridge on interface 0.0.0.0:0 to multicast group 230.0.0.1:6666.
[2021.11.20-10.59.36:253][  0]LogSteamShared: Display: Loading Steam SDK 1.51
[2021.11.20-10.59.36:254][  0]LogSteamShared: Steam SDK Loaded!
[2021.11.20-10.59.36:304][  0]SourceControl: Source control is disabled
[2021.11.20-10.59.36:304][  0]SourceControl: Source control is disabled
[2021.11.20-10.59.36:306][  0]SourceControl: Source control is disabled
[2021.11.20-10.59.36:310][  0]LogUProjectInfo: Found projects:
[2021.11.20-10.59.36:371][  0]LogOpenImageDenoise: OIDN starting up
[2021.11.20-10.59.36:399][  0]LogAndroidPermission: UAndroidPermissionCallbackProxy::GetInstance
[2021.11.20-10.59.36:416][  0]LogAudioCaptureCore: Display: No Audio Capture implementations found. Audio input will be silent.
[2021.11.20-10.59.36:416][  0]LogAudioCaptureCore: Display: No Audio Capture implementations found. Audio input will be silent.
[2021.11.20-10.59.36:469][  0]LogOcInput: OculusInput pre-init called
[2021.11.20-10.59.36:476][  0]LogUObjectArray: 22352 objects as part of root set at end of initial load.
[2021.11.20-10.59.36:476][  0]LogUObjectAllocator: 6048032 out of 0 bytes used by permanent object pool.
[2021.11.20-10.59.36:476][  0]LogUObjectArray: CloseDisregardForGC: 0/0 objects in disregard for GC pool
[2021.11.20-10.59.36:513][  0]LogClass: Display: BoolProperty FBPSteamGroupOfficer::bIsOwner is not initialized properly. Module:AdvancedSteamSessions File:Classes/SteamRequestGroupOfficersCallbackProxy.h
[2021.11.20-10.59.36:513][  0]LogClass: Display: IntProperty FBPSteamGroupInfo::numOnline is not initialized properly. Module:AdvancedSteamSessions File:Classes/AdvancedSteamFriendsLibrary.h
[2021.11.20-10.59.36:513][  0]LogClass: Display: IntProperty FBPSteamGroupInfo::numInGame is not initialized properly. Module:AdvancedSteamSessions File:Classes/AdvancedSteamFriendsLibrary.h
[2021.11.20-10.59.36:513][  0]LogClass: Display: IntProperty FBPSteamGroupInfo::numChatting is not initialized properly. Module:AdvancedSteamSessions File:Classes/AdvancedSteamFriendsLibrary.h
[2021.11.20-10.59.36:514][  0]LogClass: Display: 4 Uninitialized script struct members found including 0 object properties
[2021.11.20-10.59.36:514][  0]LogEngine: Initializing Engine...
[2021.11.20-10.59.36:563][  0]LogHMD: Failed to initialize OpenVR with code 108
[2021.11.20-10.59.36:573][  0]LogHMD: Optional extension XR_VARJO_quad_views is not available
[2021.11.20-10.59.36:574][  0]LogHMD: Warning: Required extension XR_EXT_eye_gaze_interaction is not available
[2021.11.20-10.59.36:574][  0]LogHMD: Could not enable all required OpenXR extensions for OpenXREyeTracker on current system. This plugin will be loaded but ignored, but will be enabled on a target platform that supports the required extension.
[2021.11.20-10.59.36:602][  0]LogHMD: Failed to create an OpenXR instance, result is XR_ERROR_RUNTIME_FAILURE. Please check if you have an OpenXR runtime installed. The following extensions were enabled:
[2021.11.20-10.59.36:602][  0]LogHMD: - XR_KHR_D3D11_enable
[2021.11.20-10.59.36:602][  0]LogHMD: - XR_KHR_D3D12_enable
[2021.11.20-10.59.36:602][  0]LogHMD: - XR_KHR_opengl_enable
[2021.11.20-10.59.36:602][  0]LogHMD: - XR_KHR_vulkan_enable
[2021.11.20-10.59.36:602][  0]LogHMD: - XR_KHR_composition_layer_depth
[2021.11.20-10.59.36:602][  0]LogHMD: - XR_KHR_visibility_mask
[2021.11.20-10.59.36:602][  0]LogHMD: - XR_EXT_hand_tracking
[2021.11.20-10.59.36:602][  0]LogMagicLeap: Warning: VR disabled because ZI is not enabled.  To enable, in the editor, Edit -> Project Settings -> Plugins -> Magic Leap Plugin -> Enable Zero Iteration
[2021.11.20-10.59.36:603][  0]LogStats: UGameplayTagsManager::InitializeManager -  0.000 s
[2021.11.20-10.59.36:678][  0]LogInit: Initializing FReadOnlyCVARCache
[2021.11.20-10.59.36:678][  0]LogAudio: Display: Initializing Audio Device Manager...
[2021.11.20-10.59.36:681][  0]LogAudio: Display: Loading Default Audio Settings Objects...
[2021.11.20-10.59.36:681][  0]LogAudio: Display: No default SoundConcurrencyObject specified (or failed to load).
[2021.11.20-10.59.36:682][  0]LogAudio: Display: Audio Device Manager Initialized
[2021.11.20-10.59.36:682][  0]LogAudio: Display: Creating Audio Device:                 Id: 1, Scope: Shared, Realtime: True
[2021.11.20-10.59.36:682][  0]LogAudioMixer: Display: Audio Mixer Platform Settings:
[2021.11.20-10.59.36:682][  0]LogAudioMixer: Display: 	Sample Rate:						  48000
[2021.11.20-10.59.36:682][  0]LogAudioMixer: Display: 	Callback Buffer Frame Size Requested: 1024
[2021.11.20-10.59.36:682][  0]LogAudioMixer: Display: 	Callback Buffer Frame Size To Use:	  1024
[2021.11.20-10.59.36:682][  0]LogAudioMixer: Display: 	Number of buffers to queue:			  2
[2021.11.20-10.59.36:682][  0]LogAudioMixer: Display: 	Max Channels (voices):				  32
[2021.11.20-10.59.36:682][  0]LogAudioMixer: Display: 	Number of Async Source Workers:		  0
[2021.11.20-10.59.36:682][  0]LogAudio: Display: AudioDevice MaxSources: 32
[2021.11.20-10.59.36:682][  0]LogAudio: Display: Audio Spatialization Plugin: None (built-in).
[2021.11.20-10.59.36:682][  0]LogAudio: Display: Audio Reverb Plugin: None (built-in).
[2021.11.20-10.59.36:682][  0]LogAudio: Display: Audio Occlusion Plugin: None (built-in).
[2021.11.20-10.59.36:682][  0]LogAudioMixer: Display: Initializing audio mixer.
[2021.11.20-10.59.36:697][  0]LogAudioMixer: Display: 0: FrontLeft
[2021.11.20-10.59.36:697][  0]LogAudioMixer: Display: 1: FrontRight
[2021.11.20-10.59.36:697][  0]LogAudioMixer: Display: 2: FrontCenter
[2021.11.20-10.59.36:697][  0]LogAudioMixer: Display: 3: LowFrequency
[2021.11.20-10.59.36:697][  0]LogAudioMixer: Display: 4: BackLeft
[2021.11.20-10.59.36:697][  0]LogAudioMixer: Display: 5: BackRight
[2021.11.20-10.59.36:697][  0]LogAudioMixer: Display: 6: SideLeft
[2021.11.20-10.59.36:697][  0]LogAudioMixer: Display: 7: SideRight
[2021.11.20-10.59.36:717][  0]LogAudioMixer: Display: Using Audio Device Speakers (Logitech G432 Gaming Headset)
[2021.11.20-10.59.36:723][  0]LogAudioMixer: Display: Initializing Sound Submixes...
[2021.11.20-10.59.36:724][  0]LogAudioMixer: Display: Creating Master Submix 'MasterSubmixDefault'
[2021.11.20-10.59.36:724][  0]LogAudioMixer: Display: Creating Master Submix 'MasterReverbSubmixDefault'
[2021.11.20-10.59.36:725][  0]LogAudioMixer: Display: Creating Master Submix 'MasterEQSubmixDefault'
[2021.11.20-10.59.36:725][  0]LogAudioMixer: FMixerPlatformXAudio2::StartAudioStream() called
[2021.11.20-10.59.36:725][  0]LogAudioMixer: Display: Output buffers initialized: Frames=1024, Channels=8, Samples=8192
[2021.11.20-10.59.36:726][  0]LogAudioMixer: Display: Starting AudioMixerPlatformInterface::RunInternal()
[2021.11.20-10.59.36:726][  0]LogAudioMixer: Display: FMixerPlatformXAudio2::SubmitBuffer() called for the first time
[2021.11.20-10.59.36:726][  0]LogInit: FAudioDevice initialized.
[2021.11.20-10.59.36:728][  0]LogNetVersion: Set ProjectVersion to 1.0.0.0. Version Checksum will be recalculated on next use.
[2021.11.20-10.59.36:729][  0]LogInit: Texture streaming: Enabled
[2021.11.20-10.59.36:784][  0]LogAudio: Display: Audio Device (ID: 1) registered with world 'Untitled'.
[2021.11.20-10.59.36:784][  0]LogSlate: Updating window title bar state: overlay mode, drag disabled, window buttons hidden, title bar hidden
[2021.11.20-10.59.36:784][  0]LogInit: Display: Game Engine Initialized.
[2021.11.20-10.59.36:784][  0]LogNiagaraEditor: GEditor isn't valid! Particle reset commands will not work for Niagara components!
[2021.11.20-10.59.36:911][  0]LogImageWrapper: Warning: PNG Warning: Duplicate iCCP chunk
[2021.11.20-10.59.36:911][  0]LogImageWrapper: Warning: PNG Warning: Duplicate iCCP chunk
[2021.11.20-10.59.36:911][  0]LogInit: Display: Starting Game.
[2021.11.20-10.59.36:911][  0]LogNet: Browse: /Game/Maps/MainMenu?Name=Player
[2021.11.20-10.59.36:911][  0]LogLoad: LoadMap: /Game/Maps/MainMenu?Name=Player
[2021.11.20-10.59.36:911][  0]LogWorld: BeginTearingDown for /Temp/Untitled_0
[2021.11.20-10.59.36:913][  0]LogWorld: UWorld::CleanupWorld for Untitled, bSessionEnded=true, bCleanupResources=true
[2021.11.20-10.59.36:913][  0]LogSlate: InvalidateAllWidgets triggered.  All widgets were invalidated
[2021.11.20-10.59.36:917][  0]LogAudio: Display: Audio Device unregistered from world 'None'.
[2021.11.20-10.59.36:919][  0]LogUObjectHash: Compacting FUObjectHashTables data took   0.57ms
[2021.11.20-10.59.36:945][  0]LogAudio: Display: Audio Device (ID: 1) registered with world 'MainMenu'.
[2021.11.20-10.59.36:950][  0]LogAIModule: Creating AISystem for world MainMenu
[2021.11.20-10.59.36:951][  0]LogLoad: Game class is 'GameModeBase'
[2021.11.20-10.59.36:951][  0]LogWorld: Bringing World /Game/Maps/MainMenu.MainMenu up for play (max tick rate 0) at 2021.11.20-12.59.36
[2021.11.20-10.59.36:951][  0]LogWorld: Bringing up level for play took: 0.000234
[2021.11.20-10.59.36:952][  0]LogGameMode: FindPlayerStart: PATHS NOT DEFINED or NO PLAYERSTART with positive rating
[2021.11.20-10.59.36:953][  0]LogLoad: Took 0.041889 seconds to LoadMap(/Game/Maps/MainMenu)
[2021.11.20-10.59.37:079][  0]LogSlate: Took 0.000132 seconds to synchronously load lazily loaded font '../../../Engine/Content/Slate/Fonts/Roboto-Regular.ttf' (155K)
[2021.11.20-10.59.37:179][  0]LogRenderer: Reallocating scene render targets to support 1280x720 Format 10 NumSamples 1 (Frame:1).
[2021.11.20-10.59.37:180][  0]LogInit: Display: Engine is initialized. Leaving FEngineLoop::Init()
[2021.11.20-10.59.37:180][  0]LogLoad: (Engine Initialization) Total time: 7.15 seconds
[2021.11.20-10.59.37:180][  0]LogLoad: (Engine Initialization) Total Blueprint compile time: 0.00 seconds
[2021.11.20-10.59.37:301][  0]LogContentStreaming: Texture pool size now 1000 MB
[2021.11.20-10.59.37:305][  0]LogSlate: InvalidateAllWidgets triggered.  All widgets were invalidated
[2021.11.20-10.59.37:311][  1]LogSlate: Took 0.000111 seconds to synchronously load lazily loaded font '../../../Engine/Content/Slate/Fonts/Roboto-Regular.ttf' (155K)
[2021.11.20-10.59.37:595][ 42]LogAudio: Display: Waited 35.418598 ms for audio thread.
[2021.11.20-10.59.37:599][ 42]LogAudio: Display: Waited 40.368000 ms for audio thread.
[2021.11.20-10.59.42:187][250]LogAudio: Display: Waited 41.140102 ms for audio thread.
[2021.11.20-10.59.42:188][250]LogAudio: Display: Waited 41.264103 ms for audio thread.
[2021.11.20-10.59.42:960][302]LogAudio: Display: Waited 47.469398 ms for audio thread.
