Log file open, 11/28/21 18:40:23
LogWindows: Failed to load 'aqProf.dll' (GetLastError=126)
LogWindows: File 'aqProf.dll' does not exist
LogWindows: Failed to load 'VtuneApi.dll' (GetLastError=126)
LogWindows: File 'VtuneApi.dll' does not exist
LogWindows: Failed to load 'VtuneApi32e.dll' (GetLastError=126)
LogWindows: File 'VtuneApi32e.dll' does not exist
LogConsoleResponse: Display: Failed to find resolution value strings in scalability ini. Falling back to default.
LogConsoleResponse: Display: Failed to find resolution value strings in scalability ini. Falling back to default.
LogInit: Display: Running engine for game: SurBox
LogPlatformFile: Not using cached read wrapper
LogTaskGraph: Started task graph with 5 named threads and 47 total threads with 3 sets of task threads.
LogStats: Stats thread started at 0.367377
LogICUInternationalization: ICU TimeZone Detection - Raw Offset: +2:00, Platform Override: ''
LogInit: Display: Loading text-based GConfig....
LogPluginManager: Mounting plugin MeshPainting
LogPluginManager: Mounting plugin XGEController
LogPluginManager: Mounting plugin Paper2D
LogPluginManager: Mounting plugin AISupport
LogPluginManager: Mounting plugin EnvironmentQueryEditor
LogPluginManager: Mounting plugin LiveLink
LogPluginManager: Mounting plugin CameraShakePreviewer
LogPluginManager: Mounting plugin GameplayCameras
LogPluginManager: Mounting plugin OodleData
LogPluginManager: Mounting plugin OodleNetwork
LogPluginManager: Mounting plugin AssetManagerEditor
LogPluginManager: Mounting plugin CurveEditorTools
LogPluginManager: Mounting plugin CryptoKeys
LogPluginManager: Mounting plugin FacialAnimation
LogPluginManager: Mounting plugin DataValidation
LogPluginManager: Mounting plugin MacGraphicsSwitching
LogPluginManager: Mounting plugin GeometryMode
LogPluginManager: Mounting plugin MaterialAnalyzer
LogPluginManager: Mounting plugin GameplayTagsEditor
LogPluginManager: Mounting plugin PluginBrowser
LogPluginManager: Mounting plugin SpeedTreeImporter
LogPluginManager: Mounting plugin DatasmithContent
LogPluginManager: Mounting plugin MobileLauncherProfileWizard
LogPluginManager: Mounting plugin VariantManagerContent
LogPluginManager: Mounting plugin AnimationSharing
LogPluginManager: Mounting plugin CodeLiteSourceCodeAccess
LogPluginManager: Mounting plugin CLionSourceCodeAccess
LogPluginManager: Mounting plugin GitSourceControl
LogPluginManager: Mounting plugin Niagara
LogPluginManager: Mounting plugin NullSourceCodeAccess
LogPluginManager: Mounting plugin KDevelopSourceCodeAccess
LogPluginManager: Mounting plugin PerforceSourceControl
LogPluginManager: Mounting plugin PluginUtils
LogPluginManager: Mounting plugin PixWinPlugin
LogPluginManager: Mounting plugin PropertyAccessNode
LogPluginManager: Mounting plugin PlasticSourceControl
LogPluginManager: Mounting plugin RiderSourceCodeAccess
LogPluginManager: Mounting plugin SubversionSourceControl
LogPluginManager: Mounting plugin UObjectPlugin
LogPluginManager: Mounting plugin VisualStudioSourceCodeAccess
LogPluginManager: Mounting plugin XCodeSourceCodeAccess
LogPluginManager: Mounting plugin TextureFormatOodle
LogPluginManager: Mounting plugin AvfMedia
LogPluginManager: Mounting plugin AndroidMedia
LogPluginManager: Mounting plugin VisualStudioCodeSourceCodeAccess
LogPluginManager: Mounting plugin ImgMedia
LogPluginManager: Mounting plugin MediaCompositing
LogPluginManager: Mounting plugin MediaPlayerEditor
LogPluginManager: Mounting plugin WebMMedia
LogPluginManager: Mounting plugin LuminPlatformFeatures
LogPluginManager: Mounting plugin WmfMedia
LogPluginManager: Mounting plugin MagicLeap
LogPluginManager: Mounting plugin UdpMessaging
LogPluginManager: Mounting plugin MagicLeapMedia
LogPluginManager: Mounting plugin MagicLeapLightEstimation
LogPluginManager: Mounting plugin TcpMessaging
LogPluginManager: Mounting plugin AlembicImporter
LogPluginManager: Mounting plugin MagicLeapPassableWorld
LogPluginManager: Mounting plugin AutomationUtils
LogPluginManager: Mounting plugin BackChannel
LogPluginManager: Mounting plugin ChaosClothEditor
LogPluginManager: Mounting plugin ChaosCloth
LogPluginManager: Mounting plugin MLSDK
LogPluginManager: Mounting plugin ChaosEditor
LogPluginManager: Mounting plugin ChaosNiagara
LogPluginManager: Mounting plugin ChaosSolverPlugin
LogPluginManager: Mounting plugin LevelSequenceEditor
LogPluginManager: Mounting plugin MatineeToLevelSequence
LogPluginManager: Mounting plugin ActorSequence
LogPluginManager: Mounting plugin TemplateSequence
LogPluginManager: Mounting plugin CharacterAI
LogPluginManager: Mounting plugin GeometryCache
LogPluginManager: Mounting plugin GeometryCollectionPlugin
LogPluginManager: Mounting plugin GeometryProcessing
LogPluginManager: Mounting plugin MotoSynth
LogPluginManager: Mounting plugin LauncherChunkInstaller
LogPluginManager: Mounting plugin PlatformCrypto
LogPluginManager: Mounting plugin PlanarCut
LogPluginManager: Mounting plugin PythonScriptPlugin
LogPluginManager: Mounting plugin ProxyLODPlugin
LogPluginManager: Mounting plugin OpenImageDenoise
LogPluginManager: Mounting plugin SkeletalReduction
LogPluginManager: Mounting plugin OnlineSubsystem
LogPluginManager: Mounting plugin OnlineSubsystemNull
LogPluginManager: Mounting plugin OnlineSubsystemSteam
LogPluginManager: Mounting plugin OnlineSubsystemUtils
LogPluginManager: Mounting plugin ScreenshotTools
LogPluginManager: Mounting plugin ActorLayerUtilities
LogPluginManager: Mounting plugin MultiUserTakes
LogPluginManager: Mounting plugin AndroidDeviceProfileSelector
LogPluginManager: Mounting plugin AndroidMoviePlayer
LogPluginManager: Mounting plugin AndroidPermission
LogPluginManager: Mounting plugin Takes
LogPluginManager: Mounting plugin AppleImageUtils
LogPluginManager: Mounting plugin AppleMoviePlayer
LogPluginManager: Mounting plugin AudioCapture
LogPluginManager: Mounting plugin AssetTags
LogPluginManager: Mounting plugin AudioSynesthesia
LogPluginManager: Mounting plugin ChunkDownloader
LogPluginManager: Mounting plugin ArchVisCharacter
LogPluginManager: Mounting plugin CableComponent
LogPluginManager: Mounting plugin CustomMeshComponent
LogPluginManager: Mounting plugin EditableMesh
LogPluginManager: Mounting plugin ExampleDeviceProfileSelector
LogPluginManager: Mounting plugin GooglePAD
LogPluginManager: Mounting plugin GoogleCloudMessaging
LogPluginManager: Mounting plugin IOSDeviceProfileSelector
LogPluginManager: Mounting plugin LinuxDeviceProfileSelector
LogPluginManager: Mounting plugin LocationServicesBPLibrary
LogPluginManager: Mounting plugin MobilePatchingUtils
LogPluginManager: Mounting plugin OpenXREyeTracker
LogPluginManager: Mounting plugin OpenXR
LogPluginManager: Mounting plugin OpenXRHandTracking
LogPluginManager: Mounting plugin PostSplashScreen
LogPluginManager: Mounting plugin ProceduralMeshComponent
LogPluginManager: Mounting plugin PhysXVehicles
LogPluginManager: Mounting plugin PropertyAccessEditor
LogPluginManager: Mounting plugin SignificanceManager
LogPluginManager: Mounting plugin SoundFields
LogPluginManager: Mounting plugin RuntimePhysXCooking
LogPluginManager: Mounting plugin Synthesis
LogPluginManager: Mounting plugin WebMMoviePlayer
LogPluginManager: Mounting plugin WindowsMoviePlayer
LogPluginManager: Mounting plugin LightPropagationVolume
LogPluginManager: Mounting plugin ContentBrowserAssetDataSource
LogPluginManager: Mounting plugin ContentBrowserClassDataSource
LogPluginManager: Mounting plugin ContentBrowserFileDataSource
LogPluginManager: Mounting plugin ConcertMain
LogPluginManager: Mounting plugin MultiUserClient
LogPluginManager: Mounting plugin OnlineSubsystemGooglePlay
LogPluginManager: Mounting plugin OnlineSubsystemIOS
LogPluginManager: Mounting plugin SQLiteCore
LogPluginManager: Mounting plugin OculusVR
LogPluginManager: Mounting plugin SteamShared
LogPluginManager: Mounting plugin SteamVR
LogPluginManager: Mounting plugin ConcertSyncClient
LogPluginManager: Mounting plugin ConcertSyncCore
LogPluginManager: Mounting plugin AdvancedSessions
LogPluginManager: Mounting plugin AdvancedSteamSessions
PixWinPlugin: PIX capture plugin failed to initialize! Check that the process is launched from PIX.
LogInit: Using libcurl 7.55.1-DEV
LogInit:  - built for x86_64-pc-win32
LogInit:  - supports SSL with OpenSSL/1.1.1
LogInit:  - supports HTTP deflate (compression) using libz 1.2.8
LogInit:  - other features:
LogInit:      CURL_VERSION_SSL
LogInit:      CURL_VERSION_LIBZ
LogInit:      CURL_VERSION_IPV6
LogInit:      CURL_VERSION_ASYNCHDNS
LogInit:      CURL_VERSION_LARGEFILE
LogInit:      CURL_VERSION_IDN
LogInit:  CurlRequestOptions (configurable via config and command line):
LogInit:  - bVerifyPeer = true  - Libcurl will verify peer certificate
LogInit:  - bUseHttpProxy = false  - Libcurl will NOT use HTTP proxy
LogInit:  - bDontReuseConnections = false  - Libcurl will reuse connections
LogInit:  - MaxHostConnections = 16  - Libcurl will limit the number of connections to a host
LogInit:  - LocalHostAddr = Default
LogInit:  - BufferSize = 65536
LogOnline: Warning: OSS: TryLoadSubsystemAndSetDefault: LoadSubsystemModule([Steam]) failed
LogOnline: OSS: Creating online subsystem instance for: NULL
LogInit: WinSock: version 1.1 (2.2), MaxSocks=32767, MaxUdp=65467
LogOnline: OSS: TryLoadSubsystemAndSetDefault: Loaded subsystem for module [NULL]
LogOculusPluginWrapper: OculusPlugin initialized successfully
LogHMD: Failed initializing OVRPlugin 1.59.0
LogInit: Build: ++UE4+Release-4.27-CL-17735300
LogInit: Engine Version: 4.27.1-17735300+++UE4+Release-4.27
LogInit: Compatible Engine Version: 4.27.0-17155196+++UE4+Release-4.27
LogInit: Net CL: 17155196
LogInit: OS: Windows 8 (), CPU: AMD Ryzen 7 3700X 8-Core Processor             , GPU: NVIDIA GeForce RTX 3060 Ti
LogInit: Compiled (64-bit): Oct  6 2021 14:42:51
LogInit: Compiled with Visual C++: 19.24.28315.00
LogInit: Build Configuration: Development
LogInit: Branch Name: ++UE4+Release-4.27
LogInit: Command Line: 
LogInit: Base Directory: D:/UE4/UE_4.27/Engine/Binaries/Win64/
LogInit: Allocator: TBB
LogInit: Installed Engine Build: 1
LogDevObjectVersion: Number of dev versions registered: 29
LogDevObjectVersion:   Dev-Blueprints (B0D832E4-1F89-4F0D-ACCF-7EB736FD4AA2): 10
LogDevObjectVersion:   Dev-Build (E1C64328-A22C-4D53-A36C-8E866417BD8C): 0
LogDevObjectVersion:   Dev-Core (375EC13C-06E4-48FB-B500-84F0262A717E): 4
LogDevObjectVersion:   Dev-Editor (E4B068ED-F494-42E9-A231-DA0B2E46BB41): 40
LogDevObjectVersion:   Dev-Framework (CFFC743F-43B0-4480-9391-14DF171D2073): 37
LogDevObjectVersion:   Dev-Mobile (B02B49B5-BB20-44E9-A304-32B752E40360): 3
LogDevObjectVersion:   Dev-Networking (A4E4105C-59A1-49B5-A7C5-40C4547EDFEE): 0
LogDevObjectVersion:   Dev-Online (39C831C9-5AE6-47DC-9A44-9C173E1C8E7C): 0
LogDevObjectVersion:   Dev-Physics (78F01B33-EBEA-4F98-B9B4-84EACCB95AA2): 14
LogDevObjectVersion:   Dev-Platform (6631380F-2D4D-43E0-8009-CF276956A95A): 0
LogDevObjectVersion:   Dev-Rendering (12F88B9F-8875-4AFC-A67C-D90C383ABD29): 45
LogDevObjectVersion:   Dev-Sequencer (7B5AE74C-D270-4C10-A958-57980B212A5A): 13
LogDevObjectVersion:   Dev-VR (D7296918-1DD6-4BDD-9DE2-64A83CC13884): 3
LogDevObjectVersion:   Dev-LoadTimes (C2A15278-BFE7-4AFE-6C17-90FF531DF755): 1
LogDevObjectVersion:   Private-Geometry (6EACA3D4-40EC-4CC1-B786-8BED09428FC5): 3
LogDevObjectVersion:   Dev-AnimPhys (29E575DD-E0A3-4627-9D10-D276232CDCEA): 17
LogDevObjectVersion:   Dev-Anim (AF43A65D-7FD3-4947-9873-3E8ED9C1BB05): 15
LogDevObjectVersion:   Dev-ReflectionCapture (6B266CEC-1EC7-4B8F-A30B-E4D90942FC07): 1
LogDevObjectVersion:   Dev-Automation (0DF73D61-A23F-47EA-B727-89E90C41499A): 1
LogDevObjectVersion:   FortniteMain (601D1886-AC64-4F84-AA16-D3DE0DEAC7D6): 47
LogDevObjectVersion:   FortniteRelease (E7086368-6B23-4C58-8439-1B7016265E91): 1
LogDevObjectVersion:   Dev-Enterprise (9DFFBCD6-494F-0158-E221-12823C92A888): 10
LogDevObjectVersion:   Dev-Niagara (F2AED0AC-9AFE-416F-8664-AA7FFA26D6FC): 1
LogDevObjectVersion:   Dev-Destruction (174F1F0B-B4C6-45A5-B13F-2EE8D0FB917D): 10
LogDevObjectVersion:   Dev-Physics-Ext (35F94A83-E258-406C-A318-09F59610247C): 41
LogDevObjectVersion:   Dev-PhysicsMaterial-Chaos (B68FC16E-8B1B-42E2-B453-215C058844FE): 1
LogDevObjectVersion:   Dev-CineCamera (B2E18506-4273-CFC2-A54E-F4BB758BBA07): 1
LogDevObjectVersion:   Dev-VirtualProduction (64F58936-FD1B-42BA-BA96-7289D5D0FA4E): 1
LogDevObjectVersion:   Dev-MediaFramework (6F0ED827-A609-4895-9C91-998D90180EA4): 2
LogInit: Presizing for max 25165824 objects, including 0 objects not considered by GC, pre-allocating 0 bytes for permanent pool.
LogConfig: Applying CVar settings from Section [/Script/Engine.StreamingSettings] File [D:/dev/SurBox/Saved/Config/Windows/Engine.ini]
LogConfig: Setting CVar [[s.MinBulkDataSizeForAsyncLoading:131072]]
LogConfig: Setting CVar [[s.AsyncLoadingThreadEnabled:0]]
LogConfig: Setting CVar [[s.EventDrivenLoaderEnabled:1]]
LogConfig: Setting CVar [[s.WarnIfTimeLimitExceeded:0]]
LogConfig: Setting CVar [[s.TimeLimitExceededMultiplier:1.5]]
LogConfig: Setting CVar [[s.TimeLimitExceededMinTime:0.005]]
LogConfig: Setting CVar [[s.UseBackgroundLevelStreaming:1]]
LogConfig: Setting CVar [[s.PriorityAsyncLoadingExtraTime:15.0]]
LogConfig: Setting CVar [[s.LevelStreamingActorsUpdateTimeLimit:5.0]]
LogConfig: Setting CVar [[s.PriorityLevelStreamingActorsUpdateExtraTime:5.0]]
LogConfig: Setting CVar [[s.LevelStreamingComponentsRegistrationGranularity:10]]
LogConfig: Setting CVar [[s.UnregisterComponentsTimeLimit:1.0]]
LogConfig: Setting CVar [[s.LevelStreamingComponentsUnregistrationGranularity:5]]
LogConfig: Setting CVar [[s.FlushStreamingOnExit:1]]
LogInit: Object subsystem initialized
LogConfig: Setting CVar [[con.DebugEarlyDefault:1]]
LogConfig: Setting CVar [[r.setres:1280x720]]
[2021.11.28-16.40.25:462][  0]LogConfig: Setting CVar [[r.VSync:0]]
[2021.11.28-16.40.25:462][  0]LogConfig: Setting CVar [[r.RHICmdBypass:0]]
[2021.11.28-16.40.25:462][  0]LogConfig: Applying CVar settings from Section [/Script/Engine.RendererSettings] File [D:/dev/SurBox/Saved/Config/Windows/Engine.ini]
[2021.11.28-16.40.25:462][  0]LogConfig: Setting CVar [[r.GPUCrashDebugging:0]]
[2021.11.28-16.40.25:462][  0]LogConfig: Applying CVar settings from Section [/Script/Engine.RendererOverrideSettings] File [D:/dev/SurBox/Saved/Config/Windows/Engine.ini]
[2021.11.28-16.40.25:462][  0]LogConfig: Applying CVar settings from Section [/Script/Engine.StreamingSettings] File [D:/dev/SurBox/Saved/Config/Windows/Engine.ini]
[2021.11.28-16.40.25:462][  0]LogConfig: Setting CVar [[s.MinBulkDataSizeForAsyncLoading:131072]]
[2021.11.28-16.40.25:462][  0]LogConfig: Setting CVar [[s.AsyncLoadingThreadEnabled:0]]
[2021.11.28-16.40.25:462][  0]LogConfig: Setting CVar [[s.EventDrivenLoaderEnabled:1]]
[2021.11.28-16.40.25:462][  0]LogConfig: Setting CVar [[s.WarnIfTimeLimitExceeded:0]]
[2021.11.28-16.40.25:462][  0]LogConfig: Setting CVar [[s.TimeLimitExceededMultiplier:1.5]]
[2021.11.28-16.40.25:462][  0]LogConfig: Setting CVar [[s.TimeLimitExceededMinTime:0.005]]
[2021.11.28-16.40.25:462][  0]LogConfig: Setting CVar [[s.UseBackgroundLevelStreaming:1]]
[2021.11.28-16.40.25:462][  0]LogConfig: Setting CVar [[s.PriorityAsyncLoadingExtraTime:15.0]]
[2021.11.28-16.40.25:462][  0]LogConfig: Setting CVar [[s.LevelStreamingActorsUpdateTimeLimit:5.0]]
[2021.11.28-16.40.25:462][  0]LogConfig: Setting CVar [[s.PriorityLevelStreamingActorsUpdateExtraTime:5.0]]
[2021.11.28-16.40.25:462][  0]LogConfig: Setting CVar [[s.LevelStreamingComponentsRegistrationGranularity:10]]
[2021.11.28-16.40.25:462][  0]LogConfig: Setting CVar [[s.UnregisterComponentsTimeLimit:1.0]]
[2021.11.28-16.40.25:462][  0]LogConfig: Setting CVar [[s.LevelStreamingComponentsUnregistrationGranularity:5]]
[2021.11.28-16.40.25:462][  0]LogConfig: Setting CVar [[s.FlushStreamingOnExit:1]]
[2021.11.28-16.40.25:462][  0]LogConfig: Applying CVar settings from Section [/Script/Engine.GarbageCollectionSettings] File [D:/dev/SurBox/Saved/Config/Windows/Engine.ini]
[2021.11.28-16.40.25:462][  0]LogConfig: Setting CVar [[gc.MaxObjectsNotConsideredByGC:1]]
[2021.11.28-16.40.25:462][  0]LogConfig: Setting CVar [[gc.SizeOfPermanentObjectPool:0]]
[2021.11.28-16.40.25:462][  0]LogConfig: Setting CVar [[gc.FlushStreamingOnGC:0]]
[2021.11.28-16.40.25:462][  0]LogConfig: Setting CVar [[gc.NumRetriesBeforeForcingGC:10]]
[2021.11.28-16.40.25:462][  0]LogConfig: Setting CVar [[gc.AllowParallelGC:1]]
[2021.11.28-16.40.25:462][  0]LogConfig: Setting CVar [[gc.TimeBetweenPurgingPendingKillObjects:61.1]]
[2021.11.28-16.40.25:462][  0]LogConfig: Setting CVar [[gc.MaxObjectsInEditor:25165824]]
[2021.11.28-16.40.25:462][  0]LogConfig: Setting CVar [[gc.IncrementalBeginDestroyEnabled:1]]
[2021.11.28-16.40.25:462][  0]LogConfig: Setting CVar [[gc.CreateGCClusters:1]]
[2021.11.28-16.40.25:462][  0]LogConfig: Setting CVar [[gc.MinGCClusterSize:5]]
[2021.11.28-16.40.25:462][  0]LogConfig: Setting CVar [[gc.ActorClusteringEnabled:0]]
[2021.11.28-16.40.25:462][  0]LogConfig: Setting CVar [[gc.BlueprintClusteringEnabled:0]]
[2021.11.28-16.40.25:462][  0]LogConfig: Setting CVar [[gc.UseDisregardForGCOnDedicatedServers:0]]
[2021.11.28-16.40.25:462][  0]LogConfig: Setting CVar [[gc.MultithreadedDestructionEnabled:1]]
[2021.11.28-16.40.25:462][  0]LogConfig: Applying CVar settings from Section [/Script/Engine.NetworkSettings] File [D:/dev/SurBox/Saved/Config/Windows/Engine.ini]
[2021.11.28-16.40.25:462][  0]LogConfig: Applying CVar settings from Section [/Script/UnrealEd.CookerSettings] File [D:/dev/SurBox/Saved/Config/Windows/Engine.ini]
[2021.11.28-16.40.25:481][  0]LogConfig: Applying CVar settings from Section [ViewDistanceQuality@3] File [D:/dev/SurBox/Saved/Config/Windows/Scalability.ini]
[2021.11.28-16.40.25:481][  0]LogConfig: Setting CVar [[r.SkeletalMeshLODBias:0]]
[2021.11.28-16.40.25:481][  0]LogConfig: Setting CVar [[r.ViewDistanceScale:1.0]]
[2021.11.28-16.40.25:481][  0]LogConfig: Applying CVar settings from Section [AntiAliasingQuality@3] File [D:/dev/SurBox/Saved/Config/Windows/Scalability.ini]
[2021.11.28-16.40.25:481][  0]LogConfig: Setting CVar [[r.PostProcessAAQuality:4]]
[2021.11.28-16.40.25:481][  0]LogConfig: Applying CVar settings from Section [ShadowQuality@3] File [D:/dev/SurBox/Saved/Config/Windows/Scalability.ini]
[2021.11.28-16.40.25:481][  0]LogConfig: Setting CVar [[r.LightFunctionQuality:1]]
[2021.11.28-16.40.25:481][  0]LogConfig: Setting CVar [[r.ShadowQuality:5]]
[2021.11.28-16.40.25:481][  0]LogConfig: Setting CVar [[r.Shadow.CSM.MaxCascades:10]]
[2021.11.28-16.40.25:481][  0]LogConfig: Setting CVar [[r.Shadow.MaxResolution:2048]]
[2021.11.28-16.40.25:481][  0]LogConfig: Setting CVar [[r.Shadow.MaxCSMResolution:2048]]
[2021.11.28-16.40.25:481][  0]LogConfig: Setting CVar [[r.Shadow.RadiusThreshold:0.01]]
[2021.11.28-16.40.25:481][  0]LogConfig: Setting CVar [[r.Shadow.DistanceScale:1.0]]
[2021.11.28-16.40.25:481][  0]LogConfig: Setting CVar [[r.Shadow.CSM.TransitionScale:1.0]]
[2021.11.28-16.40.25:481][  0]LogConfig: Setting CVar [[r.Shadow.PreShadowResolutionFactor:1.0]]
[2021.11.28-16.40.25:481][  0]LogConfig: Setting CVar [[r.DistanceFieldShadowing:1]]
[2021.11.28-16.40.25:481][  0]LogConfig: Setting CVar [[r.DistanceFieldAO:1]]
[2021.11.28-16.40.25:481][  0]LogConfig: Setting CVar [[r.AOQuality:2]]
[2021.11.28-16.40.25:481][  0]LogConfig: Setting CVar [[r.VolumetricFog:1]]
[2021.11.28-16.40.25:481][  0]LogConfig: Setting CVar [[r.VolumetricFog.GridPixelSize:8]]
[2021.11.28-16.40.25:481][  0]LogConfig: Setting CVar [[r.VolumetricFog.GridSizeZ:128]]
[2021.11.28-16.40.25:481][  0]LogConfig: Setting CVar [[r.VolumetricFog.HistoryMissSupersampleCount:4]]
[2021.11.28-16.40.25:481][  0]LogConfig: Setting CVar [[r.LightMaxDrawDistanceScale:1]]
[2021.11.28-16.40.25:481][  0]LogConfig: Setting CVar [[r.CapsuleShadows:1]]
[2021.11.28-16.40.25:481][  0]LogConfig: Applying CVar settings from Section [PostProcessQuality@3] File [D:/dev/SurBox/Saved/Config/Windows/Scalability.ini]
[2021.11.28-16.40.25:481][  0]LogConfig: Setting CVar [[r.MotionBlurQuality:4]]
[2021.11.28-16.40.25:481][  0]LogConfig: Setting CVar [[r.AmbientOcclusionMipLevelFactor:0.4]]
[2021.11.28-16.40.25:481][  0]LogConfig: Setting CVar [[r.AmbientOcclusionMaxQuality:100]]
[2021.11.28-16.40.25:481][  0]LogConfig: Setting CVar [[r.AmbientOcclusionLevels:-1]]
[2021.11.28-16.40.25:481][  0]LogConfig: Setting CVar [[r.AmbientOcclusionRadiusScale:1.0]]
[2021.11.28-16.40.25:481][  0]LogConfig: Setting CVar [[r.DepthOfFieldQuality:2]]
[2021.11.28-16.40.25:481][  0]LogConfig: Setting CVar [[r.RenderTargetPoolMin:400]]
[2021.11.28-16.40.25:481][  0]LogConfig: Setting CVar [[r.LensFlareQuality:2]]
[2021.11.28-16.40.25:481][  0]LogConfig: Setting CVar [[r.SceneColorFringeQuality:1]]
[2021.11.28-16.40.25:481][  0]LogConfig: Setting CVar [[r.EyeAdaptationQuality:2]]
[2021.11.28-16.40.25:481][  0]LogConfig: Setting CVar [[r.BloomQuality:5]]
[2021.11.28-16.40.25:481][  0]LogConfig: Setting CVar [[r.FastBlurThreshold:100]]
[2021.11.28-16.40.25:481][  0]LogConfig: Setting CVar [[r.Upscale.Quality:3]]
[2021.11.28-16.40.25:481][  0]LogConfig: Setting CVar [[r.Tonemapper.GrainQuantization:1]]
[2021.11.28-16.40.25:481][  0]LogConfig: Setting CVar [[r.LightShaftQuality:1]]
[2021.11.28-16.40.25:481][  0]LogConfig: Setting CVar [[r.Filter.SizeScale:1]]
[2021.11.28-16.40.25:481][  0]LogConfig: Setting CVar [[r.Tonemapper.Quality:5]]
[2021.11.28-16.40.25:481][  0]LogConfig: Setting CVar [[r.DOF.Gather.AccumulatorQuality:1        ; higher gathering accumulator quality]]
[2021.11.28-16.40.25:481][  0]LogConfig: Setting CVar [[r.DOF.Gather.PostfilterMethod:1          ; Median3x3 postfilering method]]
[2021.11.28-16.40.25:481][  0]LogConfig: Setting CVar [[r.DOF.Gather.EnableBokehSettings:0       ; no bokeh simulation when gathering]]
[2021.11.28-16.40.25:481][  0]LogConfig: Setting CVar [[r.DOF.Gather.RingCount:4                 ; medium number of samples when gathering]]
[2021.11.28-16.40.25:481][  0]LogConfig: Setting CVar [[r.DOF.Scatter.ForegroundCompositing:1    ; additive foreground scattering]]
[2021.11.28-16.40.25:481][  0]LogConfig: Setting CVar [[r.DOF.Scatter.BackgroundCompositing:2    ; additive background scattering]]
[2021.11.28-16.40.25:481][  0]LogConfig: Setting CVar [[r.DOF.Scatter.EnableBokehSettings:1      ; bokeh simulation when scattering]]
[2021.11.28-16.40.25:481][  0]LogConfig: Setting CVar [[r.DOF.Scatter.MaxSpriteRatio:0.1         ; only a maximum of 10% of scattered bokeh]]
[2021.11.28-16.40.25:481][  0]LogConfig: Setting CVar [[r.DOF.Recombine.Quality:1                ; cheap slight out of focus]]
[2021.11.28-16.40.25:481][  0]LogConfig: Setting CVar [[r.DOF.Recombine.EnableBokehSettings:0    ; no bokeh simulation on slight out of focus]]
[2021.11.28-16.40.25:481][  0]LogConfig: Setting CVar [[r.DOF.TemporalAAQuality:1                ; more stable temporal accumulation]]
[2021.11.28-16.40.25:481][  0]LogConfig: Setting CVar [[r.DOF.Kernel.MaxForegroundRadius:0.025]]
[2021.11.28-16.40.25:481][  0]LogConfig: Setting CVar [[r.DOF.Kernel.MaxBackgroundRadius:0.025]]
[2021.11.28-16.40.25:481][  0]LogConfig: Applying CVar settings from Section [TextureQuality@3] File [D:/dev/SurBox/Saved/Config/Windows/Scalability.ini]
[2021.11.28-16.40.25:482][  0]LogConfig: Setting CVar [[r.Streaming.MipBias:0]]
[2021.11.28-16.40.25:482][  0]LogConfig: Setting CVar [[r.Streaming.AmortizeCPUToGPUCopy:0]]
[2021.11.28-16.40.25:482][  0]LogConfig: Setting CVar [[r.Streaming.MaxNumTexturesToStreamPerFrame:0]]
[2021.11.28-16.40.25:482][  0]LogConfig: Setting CVar [[r.Streaming.Boost:1]]
[2021.11.28-16.40.25:482][  0]LogConfig: Setting CVar [[r.MaxAnisotropy:8]]
[2021.11.28-16.40.25:482][  0]LogConfig: Setting CVar [[r.VT.MaxAnisotropy:8]]
[2021.11.28-16.40.25:482][  0]LogConfig: Setting CVar [[r.Streaming.LimitPoolSizeToVRAM:0]]
[2021.11.28-16.40.25:482][  0]LogConfig: Setting CVar [[r.Streaming.PoolSize:1000]]
[2021.11.28-16.40.25:482][  0]LogConfig: Setting CVar [[r.Streaming.MaxEffectiveScreenSize:0]]
[2021.11.28-16.40.25:482][  0]LogConfig: Applying CVar settings from Section [EffectsQuality@3] File [D:/dev/SurBox/Saved/Config/Windows/Scalability.ini]
[2021.11.28-16.40.25:482][  0]LogConfig: Setting CVar [[r.TranslucencyLightingVolumeDim:64]]
[2021.11.28-16.40.25:482][  0]LogConfig: Setting CVar [[r.RefractionQuality:2]]
[2021.11.28-16.40.25:482][  0]LogConfig: Setting CVar [[r.SSR.Quality:3]]
[2021.11.28-16.40.25:482][  0]LogConfig: Setting CVar [[r.SSR.HalfResSceneColor:0]]
[2021.11.28-16.40.25:482][  0]LogConfig: Setting CVar [[r.SceneColorFormat:4]]
[2021.11.28-16.40.25:482][  0]LogConfig: Setting CVar [[r.DetailMode:2]]
[2021.11.28-16.40.25:482][  0]LogConfig: Setting CVar [[r.TranslucencyVolumeBlur:1]]
[2021.11.28-16.40.25:482][  0]LogConfig: Setting CVar [[r.MaterialQualityLevel:1 ; High quality]]
[2021.11.28-16.40.25:482][  0]LogConfig: Setting CVar [[r.AnisotropicMaterials:1]]
[2021.11.28-16.40.25:482][  0]LogConfig: Setting CVar [[r.SSS.Scale:1]]
[2021.11.28-16.40.25:482][  0]LogConfig: Setting CVar [[r.SSS.SampleSet:2]]
[2021.11.28-16.40.25:482][  0]LogConfig: Setting CVar [[r.SSS.Quality:1]]
[2021.11.28-16.40.25:482][  0]LogConfig: Setting CVar [[r.SSS.HalfRes:0]]
[2021.11.28-16.40.25:482][  0]LogConfig: Setting CVar [[r.SSGI.Quality:3]]
[2021.11.28-16.40.25:482][  0]LogConfig: Setting CVar [[r.EmitterSpawnRateScale:1.0]]
[2021.11.28-16.40.25:482][  0]LogConfig: Setting CVar [[r.ParticleLightQuality:2]]
[2021.11.28-16.40.25:482][  0]LogConfig: Setting CVar [[r.SkyAtmosphere.AerialPerspectiveLUT.FastApplyOnOpaque:1 ; Always have FastSkyLUT 1 in this case to avoid wrong sky]]
[2021.11.28-16.40.25:482][  0]LogConfig: Setting CVar [[r.SkyAtmosphere.AerialPerspectiveLUT.SampleCountMaxPerSlice:4]]
[2021.11.28-16.40.25:482][  0]LogConfig: Setting CVar [[r.SkyAtmosphere.AerialPerspectiveLUT.DepthResolution:16.0]]
[2021.11.28-16.40.25:482][  0]LogConfig: Setting CVar [[r.SkyAtmosphere.FastSkyLUT:1]]
[2021.11.28-16.40.25:482][  0]LogConfig: Setting CVar [[r.SkyAtmosphere.FastSkyLUT.SampleCountMin:4.0]]
[2021.11.28-16.40.25:482][  0]LogConfig: Setting CVar [[r.SkyAtmosphere.FastSkyLUT.SampleCountMax:128.0]]
[2021.11.28-16.40.25:482][  0]LogConfig: Setting CVar [[r.SkyAtmosphere.SampleCountMin:4.0]]
[2021.11.28-16.40.25:482][  0]LogConfig: Setting CVar [[r.SkyAtmosphere.SampleCountMax:128.0]]
[2021.11.28-16.40.25:482][  0]LogConfig: Setting CVar [[r.SkyAtmosphere.TransmittanceLUT.UseSmallFormat:0]]
[2021.11.28-16.40.25:482][  0]LogConfig: Setting CVar [[r.SkyAtmosphere.TransmittanceLUT.SampleCount:10.0]]
[2021.11.28-16.40.25:482][  0]LogConfig: Setting CVar [[r.SkyAtmosphere.MultiScatteringLUT.SampleCount:15.0]]
[2021.11.28-16.40.25:482][  0]LogConfig: Setting CVar [[r.SkyLight.RealTimeReflectionCapture:1]]
[2021.11.28-16.40.25:482][  0]LogConfig: Applying CVar settings from Section [FoliageQuality@3] File [D:/dev/SurBox/Saved/Config/Windows/Scalability.ini]
[2021.11.28-16.40.25:482][  0]LogConfig: Setting CVar [[foliage.DensityScale:1.0]]
[2021.11.28-16.40.25:482][  0]LogConfig: Setting CVar [[grass.DensityScale:1.0]]
[2021.11.28-16.40.25:482][  0]LogConfig: Applying CVar settings from Section [ShadingQuality@3] File [D:/dev/SurBox/Saved/Config/Windows/Scalability.ini]
[2021.11.28-16.40.25:482][  0]LogConfig: Setting CVar [[r.HairStrands.SkyLighting.IntegrationType:2]]
[2021.11.28-16.40.25:482][  0]LogConfig: Setting CVar [[r.HairStrands.SkyAO.SampleCount:4]]
[2021.11.28-16.40.25:482][  0]LogConfig: Setting CVar [[r.HairStrands.Visibility.MSAA.SamplePerPixel:4]]
[2021.11.28-16.40.25:482][  0]LogInit: Selected Device Profile: [Windows]
[2021.11.28-16.40.25:482][  0]LogInit: Applying CVar settings loaded from the selected device profile: [Windows]
[2021.11.28-16.40.25:482][  0]LogHAL: Display: Platform has ~ 16 GB [17107750912 / 17179869184 / 16], which maps to Larger [LargestMinGB=32, LargerMinGB=12, DefaultMinGB=8, SmallerMinGB=6, SmallestMinGB=0)
[2021.11.28-16.40.25:482][  0]LogInit: Going up to parent DeviceProfile []
[2021.11.28-16.40.25:482][  0]LogConfig: Applying CVar settings from Section [ViewDistanceQuality@3] File [D:/dev/SurBox/Saved/Config/Windows/Scalability.ini]
[2021.11.28-16.40.25:482][  0]LogConfig: Setting CVar [[r.SkeletalMeshLODBias:0]]
[2021.11.28-16.40.25:482][  0]LogConfig: Setting CVar [[r.ViewDistanceScale:1.0]]
[2021.11.28-16.40.25:482][  0]LogConfig: Applying CVar settings from Section [AntiAliasingQuality@3] File [D:/dev/SurBox/Saved/Config/Windows/Scalability.ini]
[2021.11.28-16.40.25:482][  0]LogConfig: Setting CVar [[r.PostProcessAAQuality:4]]
[2021.11.28-16.40.25:482][  0]LogConfig: Applying CVar settings from Section [ShadowQuality@3] File [D:/dev/SurBox/Saved/Config/Windows/Scalability.ini]
[2021.11.28-16.40.25:482][  0]LogConfig: Setting CVar [[r.LightFunctionQuality:1]]
[2021.11.28-16.40.25:482][  0]LogConfig: Setting CVar [[r.ShadowQuality:5]]
[2021.11.28-16.40.25:482][  0]LogConfig: Setting CVar [[r.Shadow.CSM.MaxCascades:10]]
[2021.11.28-16.40.25:482][  0]LogConfig: Setting CVar [[r.Shadow.MaxResolution:2048]]
[2021.11.28-16.40.25:482][  0]LogConfig: Setting CVar [[r.Shadow.MaxCSMResolution:2048]]
[2021.11.28-16.40.25:482][  0]LogConfig: Setting CVar [[r.Shadow.RadiusThreshold:0.01]]
[2021.11.28-16.40.25:482][  0]LogConfig: Setting CVar [[r.Shadow.DistanceScale:1.0]]
[2021.11.28-16.40.25:483][  0]LogConfig: Setting CVar [[r.Shadow.CSM.TransitionScale:1.0]]
[2021.11.28-16.40.25:483][  0]LogConfig: Setting CVar [[r.Shadow.PreShadowResolutionFactor:1.0]]
[2021.11.28-16.40.25:483][  0]LogConfig: Setting CVar [[r.DistanceFieldShadowing:1]]
[2021.11.28-16.40.25:483][  0]LogConfig: Setting CVar [[r.DistanceFieldAO:1]]
[2021.11.28-16.40.25:483][  0]LogConfig: Setting CVar [[r.AOQuality:2]]
[2021.11.28-16.40.25:483][  0]LogConfig: Setting CVar [[r.VolumetricFog:1]]
[2021.11.28-16.40.25:483][  0]LogConfig: Setting CVar [[r.VolumetricFog.GridPixelSize:8]]
[2021.11.28-16.40.25:483][  0]LogConfig: Setting CVar [[r.VolumetricFog.GridSizeZ:128]]
[2021.11.28-16.40.25:483][  0]LogConfig: Setting CVar [[r.VolumetricFog.HistoryMissSupersampleCount:4]]
[2021.11.28-16.40.25:483][  0]LogConfig: Setting CVar [[r.LightMaxDrawDistanceScale:1]]
[2021.11.28-16.40.25:483][  0]LogConfig: Setting CVar [[r.CapsuleShadows:1]]
[2021.11.28-16.40.25:483][  0]LogConfig: Applying CVar settings from Section [PostProcessQuality@3] File [D:/dev/SurBox/Saved/Config/Windows/Scalability.ini]
[2021.11.28-16.40.25:483][  0]LogConfig: Setting CVar [[r.MotionBlurQuality:4]]
[2021.11.28-16.40.25:483][  0]LogConfig: Setting CVar [[r.AmbientOcclusionMipLevelFactor:0.4]]
[2021.11.28-16.40.25:483][  0]LogConfig: Setting CVar [[r.AmbientOcclusionMaxQuality:100]]
[2021.11.28-16.40.25:483][  0]LogConfig: Setting CVar [[r.AmbientOcclusionLevels:-1]]
[2021.11.28-16.40.25:483][  0]LogConfig: Setting CVar [[r.AmbientOcclusionRadiusScale:1.0]]
[2021.11.28-16.40.25:483][  0]LogConfig: Setting CVar [[r.DepthOfFieldQuality:2]]
[2021.11.28-16.40.25:483][  0]LogConfig: Setting CVar [[r.RenderTargetPoolMin:400]]
[2021.11.28-16.40.25:483][  0]LogConfig: Setting CVar [[r.LensFlareQuality:2]]
[2021.11.28-16.40.25:483][  0]LogConfig: Setting CVar [[r.SceneColorFringeQuality:1]]
[2021.11.28-16.40.25:483][  0]LogConfig: Setting CVar [[r.EyeAdaptationQuality:2]]
[2021.11.28-16.40.25:483][  0]LogConfig: Setting CVar [[r.BloomQuality:5]]
[2021.11.28-16.40.25:483][  0]LogConfig: Setting CVar [[r.FastBlurThreshold:100]]
[2021.11.28-16.40.25:483][  0]LogConfig: Setting CVar [[r.Upscale.Quality:3]]
[2021.11.28-16.40.25:483][  0]LogConfig: Setting CVar [[r.Tonemapper.GrainQuantization:1]]
[2021.11.28-16.40.25:483][  0]LogConfig: Setting CVar [[r.LightShaftQuality:1]]
[2021.11.28-16.40.25:483][  0]LogConfig: Setting CVar [[r.Filter.SizeScale:1]]
[2021.11.28-16.40.25:483][  0]LogConfig: Setting CVar [[r.Tonemapper.Quality:5]]
[2021.11.28-16.40.25:483][  0]LogConfig: Setting CVar [[r.DOF.Gather.AccumulatorQuality:1        ; higher gathering accumulator quality]]
[2021.11.28-16.40.25:483][  0]LogConfig: Setting CVar [[r.DOF.Gather.PostfilterMethod:1          ; Median3x3 postfilering method]]
[2021.11.28-16.40.25:483][  0]LogConfig: Setting CVar [[r.DOF.Gather.EnableBokehSettings:0       ; no bokeh simulation when gathering]]
[2021.11.28-16.40.25:483][  0]LogConfig: Setting CVar [[r.DOF.Gather.RingCount:4                 ; medium number of samples when gathering]]
[2021.11.28-16.40.25:483][  0]LogConfig: Setting CVar [[r.DOF.Scatter.ForegroundCompositing:1    ; additive foreground scattering]]
[2021.11.28-16.40.25:483][  0]LogConfig: Setting CVar [[r.DOF.Scatter.BackgroundCompositing:2    ; additive background scattering]]
[2021.11.28-16.40.25:483][  0]LogConfig: Setting CVar [[r.DOF.Scatter.EnableBokehSettings:1      ; bokeh simulation when scattering]]
[2021.11.28-16.40.25:483][  0]LogConfig: Setting CVar [[r.DOF.Scatter.MaxSpriteRatio:0.1         ; only a maximum of 10% of scattered bokeh]]
[2021.11.28-16.40.25:483][  0]LogConfig: Setting CVar [[r.DOF.Recombine.Quality:1                ; cheap slight out of focus]]
[2021.11.28-16.40.25:483][  0]LogConfig: Setting CVar [[r.DOF.Recombine.EnableBokehSettings:0    ; no bokeh simulation on slight out of focus]]
[2021.11.28-16.40.25:483][  0]LogConfig: Setting CVar [[r.DOF.TemporalAAQuality:1                ; more stable temporal accumulation]]
[2021.11.28-16.40.25:483][  0]LogConfig: Setting CVar [[r.DOF.Kernel.MaxForegroundRadius:0.025]]
[2021.11.28-16.40.25:483][  0]LogConfig: Setting CVar [[r.DOF.Kernel.MaxBackgroundRadius:0.025]]
[2021.11.28-16.40.25:483][  0]LogConfig: Applying CVar settings from Section [TextureQuality@3] File [D:/dev/SurBox/Saved/Config/Windows/Scalability.ini]
[2021.11.28-16.40.25:483][  0]LogConfig: Setting CVar [[r.Streaming.MipBias:0]]
[2021.11.28-16.40.25:483][  0]LogConfig: Setting CVar [[r.Streaming.AmortizeCPUToGPUCopy:0]]
[2021.11.28-16.40.25:483][  0]LogConfig: Setting CVar [[r.Streaming.MaxNumTexturesToStreamPerFrame:0]]
[2021.11.28-16.40.25:483][  0]LogConfig: Setting CVar [[r.Streaming.Boost:1]]
[2021.11.28-16.40.25:483][  0]LogConfig: Setting CVar [[r.MaxAnisotropy:8]]
[2021.11.28-16.40.25:483][  0]LogConfig: Setting CVar [[r.VT.MaxAnisotropy:8]]
[2021.11.28-16.40.25:483][  0]LogConfig: Setting CVar [[r.Streaming.LimitPoolSizeToVRAM:0]]
[2021.11.28-16.40.25:483][  0]LogConfig: Setting CVar [[r.Streaming.PoolSize:1000]]
[2021.11.28-16.40.25:483][  0]LogConfig: Setting CVar [[r.Streaming.MaxEffectiveScreenSize:0]]
[2021.11.28-16.40.25:483][  0]LogConfig: Applying CVar settings from Section [EffectsQuality@3] File [D:/dev/SurBox/Saved/Config/Windows/Scalability.ini]
[2021.11.28-16.40.25:483][  0]LogConfig: Setting CVar [[r.TranslucencyLightingVolumeDim:64]]
[2021.11.28-16.40.25:483][  0]LogConfig: Setting CVar [[r.RefractionQuality:2]]
[2021.11.28-16.40.25:483][  0]LogConfig: Setting CVar [[r.SSR.Quality:3]]
[2021.11.28-16.40.25:483][  0]LogConfig: Setting CVar [[r.SSR.HalfResSceneColor:0]]
[2021.11.28-16.40.25:483][  0]LogConfig: Setting CVar [[r.SceneColorFormat:4]]
[2021.11.28-16.40.25:483][  0]LogConfig: Setting CVar [[r.DetailMode:2]]
[2021.11.28-16.40.25:483][  0]LogConfig: Setting CVar [[r.TranslucencyVolumeBlur:1]]
[2021.11.28-16.40.25:483][  0]LogConfig: Setting CVar [[r.MaterialQualityLevel:1 ; High quality]]
[2021.11.28-16.40.25:483][  0]LogConfig: Setting CVar [[r.AnisotropicMaterials:1]]
[2021.11.28-16.40.25:483][  0]LogConfig: Setting CVar [[r.SSS.Scale:1]]
[2021.11.28-16.40.25:483][  0]LogConfig: Setting CVar [[r.SSS.SampleSet:2]]
[2021.11.28-16.40.25:483][  0]LogConfig: Setting CVar [[r.SSS.Quality:1]]
[2021.11.28-16.40.25:483][  0]LogConfig: Setting CVar [[r.SSS.HalfRes:0]]
[2021.11.28-16.40.25:484][  0]LogConfig: Setting CVar [[r.SSGI.Quality:3]]
[2021.11.28-16.40.25:484][  0]LogConfig: Setting CVar [[r.EmitterSpawnRateScale:1.0]]
[2021.11.28-16.40.25:484][  0]LogConfig: Setting CVar [[r.ParticleLightQuality:2]]
[2021.11.28-16.40.25:484][  0]LogConfig: Setting CVar [[r.SkyAtmosphere.AerialPerspectiveLUT.FastApplyOnOpaque:1 ; Always have FastSkyLUT 1 in this case to avoid wrong sky]]
[2021.11.28-16.40.25:484][  0]LogConfig: Setting CVar [[r.SkyAtmosphere.AerialPerspectiveLUT.SampleCountMaxPerSlice:4]]
[2021.11.28-16.40.25:484][  0]LogConfig: Setting CVar [[r.SkyAtmosphere.AerialPerspectiveLUT.DepthResolution:16.0]]
[2021.11.28-16.40.25:484][  0]LogConfig: Setting CVar [[r.SkyAtmosphere.FastSkyLUT:1]]
[2021.11.28-16.40.25:484][  0]LogConfig: Setting CVar [[r.SkyAtmosphere.FastSkyLUT.SampleCountMin:4.0]]
[2021.11.28-16.40.25:484][  0]LogConfig: Setting CVar [[r.SkyAtmosphere.FastSkyLUT.SampleCountMax:128.0]]
[2021.11.28-16.40.25:484][  0]LogConfig: Setting CVar [[r.SkyAtmosphere.SampleCountMin:4.0]]
[2021.11.28-16.40.25:484][  0]LogConfig: Setting CVar [[r.SkyAtmosphere.SampleCountMax:128.0]]
[2021.11.28-16.40.25:484][  0]LogConfig: Setting CVar [[r.SkyAtmosphere.TransmittanceLUT.UseSmallFormat:0]]
[2021.11.28-16.40.25:484][  0]LogConfig: Setting CVar [[r.SkyAtmosphere.TransmittanceLUT.SampleCount:10.0]]
[2021.11.28-16.40.25:484][  0]LogConfig: Setting CVar [[r.SkyAtmosphere.MultiScatteringLUT.SampleCount:15.0]]
[2021.11.28-16.40.25:484][  0]LogConfig: Setting CVar [[r.SkyLight.RealTimeReflectionCapture:1]]
[2021.11.28-16.40.25:484][  0]LogConfig: Applying CVar settings from Section [FoliageQuality@3] File [D:/dev/SurBox/Saved/Config/Windows/Scalability.ini]
[2021.11.28-16.40.25:484][  0]LogConfig: Setting CVar [[foliage.DensityScale:1.0]]
[2021.11.28-16.40.25:484][  0]LogConfig: Setting CVar [[grass.DensityScale:1.0]]
[2021.11.28-16.40.25:484][  0]LogConfig: Applying CVar settings from Section [ShadingQuality@3] File [D:/dev/SurBox/Saved/Config/Windows/Scalability.ini]
[2021.11.28-16.40.25:484][  0]LogConfig: Setting CVar [[r.HairStrands.SkyLighting.IntegrationType:2]]
[2021.11.28-16.40.25:484][  0]LogConfig: Setting CVar [[r.HairStrands.SkyAO.SampleCount:4]]
[2021.11.28-16.40.25:484][  0]LogConfig: Setting CVar [[r.HairStrands.Visibility.MSAA.SamplePerPixel:4]]
[2021.11.28-16.40.25:484][  0]LogConfig: Applying CVar settings from Section [Startup] File [../../../Engine/Config/ConsoleVariables.ini]
[2021.11.28-16.40.25:484][  0]LogConfig: Setting CVar [[net.UseAdaptiveNetUpdateFrequency:0]]
[2021.11.28-16.40.25:484][  0]LogConfig: Setting CVar [[p.chaos.AllowCreatePhysxBodies:1]]
[2021.11.28-16.40.25:484][  0]LogConfig: Setting CVar [[fx.SkipVectorVMBackendOptimizations:1]]
[2021.11.28-16.40.25:484][  0]LogConfig: Applying CVar settings from Section [ConsoleVariables] File [D:/dev/SurBox/Saved/Config/Windows/Engine.ini]
[2021.11.28-16.40.25:484][  0]LogConfig: Applying CVar settings from Section [ConsoleVariables] File [D:/dev/SurBox/Saved/Config/Windows/Editor.ini]
[2021.11.28-16.40.25:484][  0]LogInit: Computer: DESKTOP-PSGJ3T8
[2021.11.28-16.40.25:484][  0]LogInit: User: User
[2021.11.28-16.40.25:484][  0]LogInit: CPU Page size=4096, Cores=8
[2021.11.28-16.40.25:484][  0]LogInit: High frequency timer resolution =10.000000 MHz
[2021.11.28-16.40.25:484][  0]LogMemory: Memory total: Physical=15.9GB (16GB approx)
[2021.11.28-16.40.25:484][  0]LogMemory: Platform Memory Stats for Windows
[2021.11.28-16.40.25:484][  0]LogMemory: Process Physical Memory: 171.27 MB used, 171.27 MB peak
[2021.11.28-16.40.25:484][  0]LogMemory: Process Virtual Memory: 140.82 MB used, 140.82 MB peak
[2021.11.28-16.40.25:484][  0]LogMemory: Physical Memory: 13993.07 MB used,  2322.15 MB free, 16315.22 MB total
[2021.11.28-16.40.25:484][  0]LogMemory: Virtual Memory: 134211608.00 MB used,  6117.25 MB free, 134217728.00 MB total
[2021.11.28-16.40.25:492][  0]LogWindows: WindowsPlatformFeatures enabled
[2021.11.28-16.40.25:540][  0]LogInit: Physics initialised using underlying interface: PhysX
[2021.11.28-16.40.25:541][  0]LogInit: Using OS detected language (en-US).
[2021.11.28-16.40.25:541][  0]LogInit: Using OS detected locale (en-US).
[2021.11.28-16.40.25:572][  0]LogTextLocalizationManager: No specific localization for 'en-US' exists, so the 'en' localization will be used.
[2021.11.28-16.40.25:748][  0]LogInit: Setting process to per monitor DPI aware
[2021.11.28-16.40.25:957][  0]LogWindowsTextInputMethodSystem: Display: IME system deactivated.
[2021.11.28-16.40.25:978][  0]LogSlate: New Slate User Created.  User Index 0, Is Virtual User: 0
[2021.11.28-16.40.25:978][  0]LogSlate: Slate User Registered.  User Index 0, Is Virtual User: 0
[2021.11.28-16.40.26:104][  0]LogD3D11RHI: Loaded GFSDK_Aftermath_Lib.x64.dll
[2021.11.28-16.40.26:111][  0]LogHMD: Failed to initialize OpenVR with code 110
[2021.11.28-16.40.26:111][  0]LogD3D11RHI: D3D11 min allowed feature level: 11_0
[2021.11.28-16.40.26:111][  0]LogD3D11RHI: D3D11 max allowed feature level: 11_0
[2021.11.28-16.40.26:111][  0]LogD3D11RHI: D3D11 adapters:
[2021.11.28-16.40.26:239][  0]LogD3D11RHI:    0. 'NVIDIA GeForce RTX 3060 Ti' (Feature Level 11_0)
[2021.11.28-16.40.26:239][  0]LogD3D11RHI:       8050/0/8157 MB DedicatedVideo/DedicatedSystem/SharedSystem, Outputs:1, VendorId:0x10de
[2021.11.28-16.40.26:243][  0]LogD3D11RHI:    1. 'Microsoft Basic Render Driver' (Feature Level 11_0)
[2021.11.28-16.40.26:243][  0]LogD3D11RHI:       0/0/8157 MB DedicatedVideo/DedicatedSystem/SharedSystem, Outputs:0, VendorId:0x1414
[2021.11.28-16.40.26:243][  0]LogD3D11RHI: Chosen D3D11 Adapter:
[2021.11.28-16.40.26:243][  0]LogD3D11RHI:     Description : NVIDIA GeForce RTX 3060 Ti
[2021.11.28-16.40.26:244][  0]LogD3D11RHI:     VendorId    : 10de
[2021.11.28-16.40.26:244][  0]LogD3D11RHI:     DeviceId    : 2486
[2021.11.28-16.40.26:244][  0]LogD3D11RHI:     SubSysId    : 248610de
[2021.11.28-16.40.26:244][  0]LogD3D11RHI:     Revision    : 00a1
[2021.11.28-16.40.26:244][  0]LogD3D11RHI:     DedicatedVideoMemory : 8441036800 bytes
[2021.11.28-16.40.26:244][  0]LogD3D11RHI:     DedicatedSystemMemory : 0 bytes
[2021.11.28-16.40.26:244][  0]LogD3D11RHI:     SharedSystemMemory : 8553875456 bytes
[2021.11.28-16.40.26:244][  0]LogD3D11RHI:     AdapterLuid : 0 59029
[2021.11.28-16.40.26:253][  0]LogD3D11RHI: Creating new Direct3DDevice
[2021.11.28-16.40.26:253][  0]LogD3D11RHI:     GPU DeviceId: 0x2486 (for the marketing name, search the web for "GPU Device Id")
[2021.11.28-16.40.26:253][  0]LogWindows: EnumDisplayDevices:
[2021.11.28-16.40.26:253][  0]LogWindows:    0. 'NVIDIA GeForce RTX 3060 Ti' (P:1 D:1)
[2021.11.28-16.40.26:254][  0]LogWindows:    1. 'NVIDIA GeForce RTX 3060 Ti' (P:0 D:0)
[2021.11.28-16.40.26:254][  0]LogWindows:    2. 'NVIDIA GeForce RTX 3060 Ti' (P:0 D:0)
[2021.11.28-16.40.26:255][  0]LogWindows:    3. 'NVIDIA GeForce RTX 3060 Ti' (P:0 D:0)
[2021.11.28-16.40.26:255][  0]LogWindows: DebugString: FoundDriverCount:4 
[2021.11.28-16.40.26:255][  0]LogD3D11RHI:     Adapter Name: NVIDIA GeForce RTX 3060 Ti
[2021.11.28-16.40.26:255][  0]LogD3D11RHI:   Driver Version: 472.12 (internal:30.0.14.7212, unified:472.12)
[2021.11.28-16.40.26:255][  0]LogD3D11RHI:      Driver Date: 9-13-2021
[2021.11.28-16.40.26:255][  0]LogRHI: Texture pool is 5635 MB (70% of 8050 MB)
[2021.11.28-16.40.26:255][  0]LogD3D11RHI: Creating D3DDevice using adapter:
[2021.11.28-16.40.26:255][  0]LogD3D11RHI:     Description : NVIDIA GeForce RTX 3060 Ti
[2021.11.28-16.40.26:255][  0]LogD3D11RHI:     VendorId    : 10de
[2021.11.28-16.40.26:255][  0]LogD3D11RHI:     DeviceId    : 2486
[2021.11.28-16.40.26:255][  0]LogD3D11RHI:     SubSysId    : 248610de
[2021.11.28-16.40.26:255][  0]LogD3D11RHI:     Revision    : 00a1
[2021.11.28-16.40.26:255][  0]LogD3D11RHI:     DedicatedVideoMemory : 8441036800 bytes
[2021.11.28-16.40.26:255][  0]LogD3D11RHI:     DedicatedSystemMemory : 0 bytes
[2021.11.28-16.40.26:255][  0]LogD3D11RHI:     SharedSystemMemory : 8553875456 bytes
[2021.11.28-16.40.26:255][  0]LogD3D11RHI:     AdapterLuid : 0 59029
[2021.11.28-16.40.26:334][  0]LogD3D11RHI: RHI has support for 64 bit atomics
[2021.11.28-16.40.26:335][  0]LogD3D11RHI: Async texture creation enabled
[2021.11.28-16.40.26:335][  0]LogD3D11RHI: Array index from any shader is supported
[2021.11.28-16.40.26:409][  0]LogD3D11RHI: GPU Timing Frequency: 1000.000000 (Debug: 2 1)
[2021.11.28-16.40.26:477][  0]LogRHI: GeForceNow SDK initialized: 1
[2021.11.28-16.40.26:995][  0]LogTargetPlatformManager: Display: Loaded TargetPlatform 'AllDesktop'
[2021.11.28-16.40.27:015][  0]LogTargetPlatformManager: Display: Loaded TargetPlatform 'Android'
[2021.11.28-16.40.27:015][  0]LogTargetPlatformManager: Display: Loaded TargetPlatform 'Android_ASTC'
[2021.11.28-16.40.27:015][  0]LogTargetPlatformManager: Display: Loaded TargetPlatform 'Android_DXT'
[2021.11.28-16.40.27:015][  0]LogTargetPlatformManager: Display: Loaded TargetPlatform 'Android_ETC2'
[2021.11.28-16.40.27:015][  0]LogTargetPlatformManager: Display: Loaded TargetPlatform 'AndroidClient'
[2021.11.28-16.40.27:015][  0]LogTargetPlatformManager: Display: Loaded TargetPlatform 'Android_ASTCClient'
[2021.11.28-16.40.27:015][  0]LogTargetPlatformManager: Display: Loaded TargetPlatform 'Android_DXTClient'
[2021.11.28-16.40.27:015][  0]LogTargetPlatformManager: Display: Loaded TargetPlatform 'Android_ETC2Client'
[2021.11.28-16.40.27:015][  0]LogTargetPlatformManager: Display: Loaded TargetPlatform 'Android_Multi'
[2021.11.28-16.40.27:015][  0]LogTargetPlatformManager: Display: Loaded TargetPlatform 'Android_MultiClient'
[2021.11.28-16.40.27:033][  0]LogTargetPlatformManager: Display: Loaded TargetPlatform 'IOSClient'
[2021.11.28-16.40.27:033][  0]LogTargetPlatformManager: Display: Loaded TargetPlatform 'IOS'
[2021.11.28-16.40.27:042][  0]LogTargetPlatformManager: Display: Loaded TargetPlatform 'Linux'
[2021.11.28-16.40.27:047][  0]LogTargetPlatformManager: Display: Loaded TargetPlatform 'LinuxNoEditor'
[2021.11.28-16.40.27:052][  0]LogTargetPlatformManager: Display: Loaded TargetPlatform 'LinuxClient'
[2021.11.28-16.40.27:057][  0]LogTargetPlatformManager: Display: Loaded TargetPlatform 'LinuxServer'
[2021.11.28-16.40.27:066][  0]LogTargetPlatformManager: Display: Loaded TargetPlatform 'LinuxAArch64NoEditor'
[2021.11.28-16.40.27:071][  0]LogTargetPlatformManager: Display: Loaded TargetPlatform 'LinuxAArch64Client'
[2021.11.28-16.40.27:076][  0]LogTargetPlatformManager: Display: Loaded TargetPlatform 'LinuxAArch64Server'
[2021.11.28-16.40.27:097][  0]LogTargetPlatformManager: Display: Loaded TargetPlatform 'Lumin'
[2021.11.28-16.40.27:097][  0]LogTargetPlatformManager: Display: Loaded TargetPlatform 'LuminClient'
[2021.11.28-16.40.27:105][  0]LogTargetPlatformManager: Display: Loaded TargetPlatform 'MacNoEditor'
[2021.11.28-16.40.27:109][  0]LogTargetPlatformManager: Display: Loaded TargetPlatform 'Mac'
[2021.11.28-16.40.27:114][  0]LogTargetPlatformManager: Display: Loaded TargetPlatform 'MacClient'
[2021.11.28-16.40.27:118][  0]LogTargetPlatformManager: Display: Loaded TargetPlatform 'MacServer'
[2021.11.28-16.40.27:128][  0]LogTargetPlatformManager: Display: Loaded TargetPlatform 'TVOSClient'
[2021.11.28-16.40.27:128][  0]LogTargetPlatformManager: Display: Loaded TargetPlatform 'TVOS'
[2021.11.28-16.40.27:136][  0]LogTargetPlatformManager: Display: Loaded TargetPlatform 'WindowsNoEditor'
[2021.11.28-16.40.27:141][  0]LogTargetPlatformManager: Display: Loaded TargetPlatform 'Windows'
[2021.11.28-16.40.27:146][  0]LogTargetPlatformManager: Display: Loaded TargetPlatform 'WindowsClient'
[2021.11.28-16.40.27:150][  0]LogTargetPlatformManager: Display: Loaded TargetPlatform 'WindowsServer'
[2021.11.28-16.40.27:151][  0]LogTargetPlatformManager: Display: Building Assets For Windows
[2021.11.28-16.40.27:158][  0]LogAudioDebug: Display: Lib vorbis DLL was dynamically loaded.
[2021.11.28-16.40.27:191][  0]LogTextureFormatOodle: Display: Oodle Texture 2.9.0 init RDO Off
[2021.11.28-16.40.27:225][  0]LogRendererCore: Ray tracing is disabled. Reason: r.RayTracing=0.
[2021.11.28-16.40.27:225][  0]LogShaderCompilers: Guid format shader working directory is 19 characters bigger than the processId version (../../../../../dev/SurBox/Intermediate/Shaders/WorkingDirectory/23076/).
[2021.11.28-16.40.27:225][  0]LogShaderCompilers: Cleaned the shader compiler working directory 'C:/Users/User/AppData/Local/Temp/UnrealShaderWorkingDir/E2E31B2C459A92DD451924B181B72801/'.
[2021.11.28-16.40.27:225][  0]LogXGEController: Cannot use XGE Controller as Incredibuild is not installed on this machine.
[2021.11.28-16.40.27:225][  0]LogShaderCompilers: Cannot use XGE Shader Compiler as Incredibuild is not installed on this machine.
[2021.11.28-16.40.27:226][  0]LogShaderCompilers: Display: Using Local Shader Compiler.
[2021.11.28-16.40.27:839][  0]LogDerivedDataCache: Display: Max Cache Size: 512 MB
[2021.11.28-16.40.27:916][  0]LogDerivedDataCache: Loaded boot cache 0.08s 94MB C:/Users/User/AppData/Local/UnrealEngine/4.27/DerivedDataCache/Boot.ddc.
[2021.11.28-16.40.27:916][  0]LogDerivedDataCache: Display: Loaded Boot cache: C:/Users/User/AppData/Local/UnrealEngine/4.27/DerivedDataCache/Boot.ddc
[2021.11.28-16.40.27:916][  0]LogDerivedDataCache: FDerivedDataBackendGraph:  Pak pak cache file ../../../../../dev/SurBox/DerivedDataCache/DDC.ddp not found, will not use a pak cache.
[2021.11.28-16.40.27:916][  0]LogDerivedDataCache: Unable to find inner node Pak for hierarchical cache Hierarchy.
[2021.11.28-16.40.27:916][  0]LogDerivedDataCache: FDerivedDataBackendGraph:  CompressedPak pak cache file ../../../../../dev/SurBox/DerivedDataCache/Compressed.ddp not found, will not use a pak cache.
[2021.11.28-16.40.27:916][  0]LogDerivedDataCache: Unable to find inner node CompressedPak for hierarchical cache Hierarchy.
[2021.11.28-16.40.27:932][  0]LogDerivedDataCache: Display: Pak cache opened for reading ../../../Engine/DerivedDataCache/Compressed.ddp.
[2021.11.28-16.40.27:932][  0]LogDerivedDataCache: FDerivedDataBackendGraph:  EnterprisePak pak cache file ../../../Enterprise/DerivedDataCache/Compressed.ddp not found, will not use a pak cache.
[2021.11.28-16.40.27:932][  0]LogDerivedDataCache: Unable to find inner node EnterprisePak for hierarchical cache Hierarchy.
[2021.11.28-16.40.27:939][  0]LogDerivedDataCache: Speed tests for C:/Users/User/AppData/Local/UnrealEngine/Common/DerivedDataCache took 0.01 seconds
[2021.11.28-16.40.27:939][  0]LogDerivedDataCache: Display: Performance to C:/Users/User/AppData/Local/UnrealEngine/Common/DerivedDataCache: Latency=0.03ms. RandomReadSpeed=884.91MBs, RandomWriteSpeed=197.66MBs. Assigned SpeedClass 'Local'
[2021.11.28-16.40.27:940][  0]LogDerivedDataCache: Using Local data cache path C:/Users/User/AppData/Local/UnrealEngine/Common/DerivedDataCache: Writable
[2021.11.28-16.40.27:940][  0]LogDerivedDataCache: Shared data cache path not found in *engine.ini, will not use an Shared cache.
[2021.11.28-16.40.27:940][  0]LogDerivedDataCache: Unable to find inner node Shared for hierarchical cache Hierarchy.
[2021.11.28-16.40.27:984][  0]LogSlate: Using FreeType 2.10.0
[2021.11.28-16.40.27:985][  0]LogSlate: SlateFontServices - WITH_FREETYPE: 1, WITH_HARFBUZZ: 1
[2021.11.28-16.40.28:010][  0]LogAssetRegistry: FAssetRegistry took 0.0032 seconds to start up
[2021.11.28-16.40.28:236][  0]LogInit: Selected Device Profile: [Windows]
[2021.11.28-16.40.28:236][  0]LogInit: Active device profile: [000001F6E0197800][000001F6DB18C900 49] Windows
[2021.11.28-16.40.28:236][  0]LogInit: Profiles: [000001F6E0197800][000001F6DB18C900 49] Windows, [000001F6E014CA00][000001F6DB51AA80 49] WindowsNoEditor, [000001F6E0194900][000001F6DB51EC00 49] WindowsServer, [000001F6E014F700][000001F6DB522D80 49] WindowsClient, [000001F6E0197600][000001F6DB526F00 49] IOS, [000001F6E014CD00][000001F6DE621080 49] iPadAir, [000001F6E0194C00][000001F6DE625200 49] iPadAir2, [000001F6E0110800][000001F6DE62D4C0 49] IPadPro, [000001F6E0110900][000001F6DE629500 49] iPadAir3, [000001F6E0197300][000001F6DE631680 49] iPadAir4, [000001F6E0113900][000001F6DE635800 49] iPadMini2, [000001F6E0195000][000001F6DE639980 49] iPadMini3, [000001F6E0111700][000001F6DE63DB00 49] iPadMini4, [000001F6E0196D00][000001F6DE640100 49] iPadMini5, [000001F6E014DD00][000001F6DE6483C0 49] iPhone6, [000001F6E014EE00][000001F6DE644400 49] iPodTouch6, [000001F6E00F7E00][000001F6DE64C640 49] iPhone7, [000001F6E00F7F00][000001F6DB188680 49] iPodTouch7, [000001F6E014FF00][000001F6DE6507C0 49] iPhone5S, [000001F6E00F4E00][000001F6DE654900 49] iPhone6Plus, [000001F6E014D000][000001F6DE65CA80 49] iPhone6S, [000001F6E00F7000][000001F6DE660C00 49] iPhone6SPlus, [000001F6E014C500][000001F6DE664D80 49] iPhone7Plus, [000001F6E00F5300][000001F6DE668F00 49] iPhoneSE, [000001F6E014E300][000001F6E0D83080 49] iPhone8, [000001F6E00F6B00][000001F6E0D87200 49] iPhone8Plus, [000001F6E014C700][000001F6E0D8B380 49] iPhoneX, [000001F6E00F5800][000001F6E0D8F500 49] iPhoneXS, [000001F6E014DE00][000001F6E0D93680 49] iPhoneXSMax, [000001F6E00F7C00][000001F6E0D97800 49] iPhoneXR, [000001F6E014D500][000001F6E0D9B980 49] iPhone11, [000001F6E00F4C00][000001F6E0D9FB00 49] iPhone11Pro, [000001F6E014FA00][000001F6E0DA2100 49] iPhone11ProMax, [000001F6E00F6D00][000001F6E0DA6280 49] iPhoneSE2, [000001F6E014FE00][000001F6E0DAA400 49] iPhone12Mini, [000001F6E00F7800][000001F6E0DAE580 49] iPhone12, [000001F6E014CE00][000001F6E0DB2700 49] iPhone12Pro, [000001F6E00F6700][000001F6DE658840 49] iPhone12ProMax, [000001F6E014D100][000001F6E0DB6980 49] iPadPro105, [000001F6E00F5200][000001F6E0DBAAC0 49] iPadPro129, [000001F6E014E000][000001F6E0DC2C40 49] iPadPro97, [000001F6E00F5100][000001F6E0DC6DC0 49] iPadPro2_129, [000001F6E014E100][000001F6E0DCAF40 49] iPad5, [000001F6E00F7200][000001F6E0DCF0C0 49] iPad6, [000001F6E014DB00][000001F6E0DD3240 49] iPad7, [000001F6E00F6C00][000001F6E0DD73C0 49] iPad8, [000001F6E014F600][000001F6E0DDB540 49] iPadPro11, [000001F6E00F4F00][000001F6E0DDF6C0 49] iPadPro2_11, [000001F6E014C400][000001F6E0DE3840 49] iPadPro3_129, [000001F6E00F5500][000001F6E0DE79C0 49] iPadPro4_129, [000001F6E014F300][000001F6E0DEBB40 49] AppleTV, [000001F6E00F7700][000001F6E0DEE140 49] AppleTV4K, [000001F6E014D900][000001F6E0DF22C0 49] TVOS, [000001F6E00F4900][000001F6E0DFA440 49] Mac, [000001F6E014F800][000001F6E14745C0 49] MacClient, [000001F6E00F6000][000001F6E1478740 49] MacNoEditor, [000001F6E014F500][000001F6E147C8C0 49] MacServer, [000001F6E00F4500][000001F6E0DBEA00 49] Linux, [000001F6E014EC00][000001F6E1480B40 49] LinuxAArch64, [000001F6E00F5400][000001F6E1484C80 49] LinuxNoEditor, [000001F6E014F100][000001F6E1488DC0 49] LinuxAArch64NoEditor, [000001F6E00F6400][000001F6E1490F40 49] LinuxClient, [000001F6E014F400][000001F6E14950C0 49] LinuxAArch64Client, [000001F6E00F4B00][000001F6E1499240 49] LinuxServer, [000001F6E014DC00][000001F6E149D3C0 49] LinuxAArch64Server, [000001F6E00F5000][000001F6E14A1540 49] Android, [000001F6E014E200][000001F6E14A56C0 49] Android_Low, [000001F6E0111400][000001F6E14AD840 49] Android_Mid, [000001F6E01D5900][000001F6E14B19C0 49] Android_High, [000001F6E0110B00][000001F6E14B5B40 49] Android_Default, [000001F6E01D4D00][000001F6E14C0140 49] Android_Adreno4xx, [000001F6E0112B00][000001F6E14CC2C0 49] Android_Adreno5xx_Low, [000001F6E01D4100][000001F6E14D0440 49] Android_Adreno5xx, [000001F6E0112800][000001F6E14DC5C0 49] Android_Adreno6xx, [000001F6E01D4B00][000001F6E14E0740 49] Android_Adreno6xx_Vulkan, [000001F6E0110D00][000001F6E14F08C0 49] Android_Mali_T6xx, [000001F6E01D5400][000001F6E151CA40 49] Android_Mali_T7xx, [000001F6E0112400][000001F6E148CB80 49] Android_Mali_T8xx, [000001F6E01D4500][000001F6E1540CC0 49] Android_Mali_G71, [000001F6E0110500][000001F6E1544E00 49] Android_Mali_G72, [000001F6E01D4F00][000001F6E1548F40 49] Android_Mali_G72_Vulkan, [000001F6E0112E00][000001F6E15510C0 49] Android_Mali_G76, [000001F6E01D5B00][000001F6E1555240 49] Android_Mali_G76_Vulkan, [000001F6E0111100][000001F6E15593C0 49] Android_Mali_G77, [000001F6E01D6000][000001F6E1561540 49] Android_Mali_G77_Vulkan, [000001F6E0111900][000001F6E15656C0 49] Android_Mali_G78, [000001F6E01D4200][000001F6E1569840 49] Android_Mali_G78_Vulkan, [000001F6E0111500][000001F6E15719C0 49] Android_Mali_G710, [000001F6E01D5500][000001F6E1579B40 49] Android_Mali_G710_Vulkan, [000001F6E0113700][000001F6E1598140 49] Android_Vulkan_SM5, [000001F6E01D6700][000001F6E15BA2C0 49] Android_PowerVR_G6xxx, [000001F6E0113F00][000001F6E15D4440 49] Android_PowerVR_GT7xxx, [000001F6E01D4E00][000001F6E15D85C0 49] Android_PowerVR_GE8xxx, [000001F6E0112900][000001F6E15DC740 49] Android_PowerVR_GM9xxx, [000001F6E01D4800][000001F6E15E08C0 49] Android_PowerVR_GM9xxx_Vulkan, [000001F6E014D700][000001F6E15E4A40 49] Android_TegraK1, [000001F6E00F4A00][000001F6E15E8BC0 49] Android_Unknown_Vulkan, [000001F6E014DF00][000001F6E1640D40 49] Lumin, [000001F6E00F5900][000001F6E154CE80 49] Lumin_Desktop, [000001F6E014EA00][000001F6E16A8FC0 49] HoloLens, 
[2021.11.28-16.40.28:400][  0]LogMeshReduction: Using QuadricMeshReduction for automatic static mesh reduction
[2021.11.28-16.40.28:400][  0]LogMeshReduction: Using SimplygonMeshReduction for automatic skeletal mesh reduction
[2021.11.28-16.40.28:400][  0]LogMeshReduction: Using ProxyLODMeshReduction for automatic mesh merging
[2021.11.28-16.40.28:400][  0]LogMeshReduction: No distributed automatic mesh merging module available
[2021.11.28-16.40.28:400][  0]LogMeshMerging: No distributed automatic mesh merging module available
[2021.11.28-16.40.28:421][  0]LogNetVersion: SurBox 1.0.0, NetCL: 17155196, EngineNetVer: 17, GameNetVer: 0 (Checksum: 1372447348)
[2021.11.28-16.40.28:794][  0]LogTexture: Default maximum texture size for cubemaps generated from long-lat sources has been changed from 512 to unlimited. In order to preserve old behaiour for '/Engine/MapTemplates/Sky/DaylightAmbientCubemap.DaylightAmbientCubemap', its maximum texture size has been explicitly set to 512.
[2021.11.28-16.40.28:867][  0]LogHMD: PokeAHoleMaterial loaded successfully
[2021.11.28-16.40.28:873][  0]LogUObjectArray: 17178 objects as part of root set at end of initial load.
[2021.11.28-16.40.28:873][  0]LogUObjectAllocator: 4301856 out of 0 bytes used by permanent object pool.
[2021.11.28-16.40.28:873][  0]LogUObjectArray: CloseDisregardForGC: 0/0 objects in disregard for GC pool
[2021.11.28-16.40.29:275][  0]LogNiagaraDebuggerClient: Niagara Debugger Client Initialized | Session: 9CF647A74264410D64BF28990159FC53 | Instance: 2DC15F6944C4B9982DED8AA248B029D4 (DESKTOP-PSGJ3T8-23076).
[2021.11.28-16.40.29:416][  0]LogImageWrapper: Warning: PNG Warning: Duplicate iCCP chunk
[2021.11.28-16.40.29:416][  0]LogImageWrapper: Warning: PNG Warning: Duplicate iCCP chunk
[2021.11.28-16.40.29:416][  0]LogUdpMessaging: Initializing bridge on interface 25.39.94.43:0 to multicast group 230.0.0.1:6666.
[2021.11.28-16.40.29:423][  0]LogTcpMessaging: Initializing TcpMessaging bridge
[2021.11.28-16.40.29:439][  0]LogPython: Using Python 3.7.7
[2021.11.28-16.40.30:536][  0]LogSteamShared: Display: Loading Steam SDK 1.51
[2021.11.28-16.40.30:725][  0]LogSteamShared: Steam SDK Loaded!
[2021.11.28-16.40.31:449][  0]SourceControl: Source control is disabled
[2021.11.28-16.40.31:449][  0]SourceControl: Source control is disabled
[2021.11.28-16.40.31:459][  0]SourceControl: Source control is disabled
[2021.11.28-16.40.31:463][  0]SourceControl: Source control is disabled
[2021.11.28-16.40.31:472][  0]SourceControl: Source control is disabled
[2021.11.28-16.40.31:479][  0]LogUProjectInfo: Found projects:
[2021.11.28-16.40.31:682][  0]LogOpenImageDenoise: OIDN starting up
[2021.11.28-16.40.31:951][  0]LogAndroidPermission: UAndroidPermissionCallbackProxy::GetInstance
[2021.11.28-16.40.31:970][  0]LogAudioCaptureCore: Display: No Audio Capture implementations found. Audio input will be silent.
[2021.11.28-16.40.31:970][  0]LogAudioCaptureCore: Display: No Audio Capture implementations found. Audio input will be silent.
[2021.11.28-16.40.32:124][  0]LogCollectionManager: Loaded 0 collections in 0.000846 seconds
[2021.11.28-16.40.32:133][  0]LogFileCache: Scanning file cache for directory 'D:/dev/SurBox/Saved/Collections/' took 0.00s
[2021.11.28-16.40.32:133][  0]LogFileCache: Scanning file cache for directory 'D:/dev/SurBox/Content/Developers/User/Collections/' took 0.00s
[2021.11.28-16.40.32:133][  0]LogFileCache: Scanning file cache for directory 'D:/dev/SurBox/Content/Collections/' took 0.00s
[2021.11.28-16.40.33:156][  0]LogOcInput: OculusInput pre-init called
[2021.11.28-16.40.33:335][  0]LogImageWrapper: Warning: PNG Warning: Duplicate iCCP chunk
[2021.11.28-16.40.33:335][  0]LogImageWrapper: Warning: PNG Warning: Duplicate iCCP chunk
[2021.11.28-16.40.33:569][  0]LogClass: Display: BoolProperty FBPSteamGroupOfficer::bIsOwner is not initialized properly. Module:AdvancedSteamSessions File:Classes/SteamRequestGroupOfficersCallbackProxy.h
[2021.11.28-16.40.33:569][  0]LogClass: Display: IntProperty FBPSteamGroupInfo::numOnline is not initialized properly. Module:AdvancedSteamSessions File:Classes/AdvancedSteamFriendsLibrary.h
[2021.11.28-16.40.33:569][  0]LogClass: Display: IntProperty FBPSteamGroupInfo::numInGame is not initialized properly. Module:AdvancedSteamSessions File:Classes/AdvancedSteamFriendsLibrary.h
[2021.11.28-16.40.33:569][  0]LogClass: Display: IntProperty FBPSteamGroupInfo::numChatting is not initialized properly. Module:AdvancedSteamSessions File:Classes/AdvancedSteamFriendsLibrary.h
[2021.11.28-16.40.33:570][  0]LogClass: Display: EnumProperty FMultiUserClientConfig::ValidationMode is not initialized properly. Module:MultiUserClientLibrary File:Public/MultiUserClientStatics.h
[2021.11.28-16.40.33:570][  0]LogClass: Display: StructProperty FMultiUserClientInfo::AvatarColor is not initialized properly. Module:MultiUserClientLibrary File:Public/MultiUserClientStatics.h
[2021.11.28-16.40.33:570][  0]LogClass: Display: 6 Uninitialized script struct members found including 0 object properties
[2021.11.28-16.40.33:659][  0]LogEngine: Initializing Engine...
[2021.11.28-16.40.33:944][  0]LogHMD: Failed to enumerate extensions. Please check that you have a valid OpenXR runtime installed.
[2021.11.28-16.40.33:958][  0]LogHMD: Failed to initialize OpenVR with code 110
[2021.11.28-16.40.33:970][  0]LogMagicLeap: Warning: VR disabled because ZI is not enabled.  To enable, in the editor, Edit -> Project Settings -> Plugins -> Magic Leap Plugin -> Enable Zero Iteration
[2021.11.28-16.40.33:989][  0]LogStats: UGameplayTagsManager::InitializeManager -  0.000 s
[2021.11.28-16.40.34:127][  0]LogInit: Initializing FReadOnlyCVARCache
[2021.11.28-16.40.34:139][  0]LogAIModule: Creating AISystem for world Untitled
[2021.11.28-16.40.34:146][  0]LogAudio: Display: Initializing Audio Device Manager...
[2021.11.28-16.40.34:151][  0]LogAudio: Display: Loading Default Audio Settings Objects...
[2021.11.28-16.40.34:151][  0]LogAudio: Display: No default SoundConcurrencyObject specified (or failed to load).
[2021.11.28-16.40.34:152][  0]LogAudio: Display: Audio Device Manager Initialized
[2021.11.28-16.40.34:152][  0]LogAudio: Display: Creating Audio Device:                 Id: 1, Scope: Shared, Realtime: True
[2021.11.28-16.40.34:152][  0]LogAudioMixer: Display: Audio Mixer Platform Settings:
[2021.11.28-16.40.34:152][  0]LogAudioMixer: Display: 	Sample Rate:						  48000
[2021.11.28-16.40.34:152][  0]LogAudioMixer: Display: 	Callback Buffer Frame Size Requested: 1024
[2021.11.28-16.40.34:152][  0]LogAudioMixer: Display: 	Callback Buffer Frame Size To Use:	  1024
[2021.11.28-16.40.34:152][  0]LogAudioMixer: Display: 	Number of buffers to queue:			  2
[2021.11.28-16.40.34:152][  0]LogAudioMixer: Display: 	Max Channels (voices):				  32
[2021.11.28-16.40.34:152][  0]LogAudioMixer: Display: 	Number of Async Source Workers:		  0
[2021.11.28-16.40.34:152][  0]LogAudio: Display: AudioDevice MaxSources: 32
[2021.11.28-16.40.34:152][  0]LogAudio: Display: Audio Spatialization Plugin: None (built-in).
[2021.11.28-16.40.34:152][  0]LogAudio: Display: Audio Reverb Plugin: None (built-in).
[2021.11.28-16.40.34:152][  0]LogAudio: Display: Audio Occlusion Plugin: None (built-in).
[2021.11.28-16.40.34:152][  0]LogAudioMixer: Display: Initializing audio mixer.
[2021.11.28-16.40.34:162][  0]LogAudioMixer: Display: 0: FrontLeft
[2021.11.28-16.40.34:162][  0]LogAudioMixer: Display: 1: FrontRight
[2021.11.28-16.40.34:182][  0]LogAudioMixer: Display: Using Audio Device Speakers (Realtek(R) Audio)
[2021.11.28-16.40.34:185][  0]LogAudioMixer: Display: Initializing Sound Submixes...
[2021.11.28-16.40.34:187][  0]LogAudioMixer: Display: Creating Master Submix 'MasterSubmixDefault'
[2021.11.28-16.40.34:187][  0]LogAudioMixer: Display: Creating Master Submix 'MasterReverbSubmixDefault'
[2021.11.28-16.40.34:189][  0]LogAudioMixer: Display: Creating Master Submix 'MasterEQSubmixDefault'
[2021.11.28-16.40.34:189][  0]LogAudioMixer: FMixerPlatformXAudio2::StartAudioStream() called
[2021.11.28-16.40.34:189][  0]LogAudioMixer: Display: Output buffers initialized: Frames=1024, Channels=2, Samples=2048
[2021.11.28-16.40.34:190][  0]LogAudioMixer: Display: Starting AudioMixerPlatformInterface::RunInternal()
[2021.11.28-16.40.34:190][  0]LogAudioMixer: Display: FMixerPlatformXAudio2::SubmitBuffer() called for the first time
[2021.11.28-16.40.34:190][  0]LogInit: FAudioDevice initialized.
[2021.11.28-16.40.34:190][  0]LogAudio: Display: Audio Device (ID: 1) registered with world 'Untitled'.
[2021.11.28-16.40.34:190][  0]LogNetVersion: Set ProjectVersion to 1.0.0.0. Version Checksum will be recalculated on next use.
[2021.11.28-16.40.34:257][  0]LogDerivedDataCache: Saved boot cache 0.07s 94MB C:/Users/User/AppData/Local/UnrealEngine/4.27/DerivedDataCache/Boot.ddc.
[2021.11.28-16.40.34:260][  0]LogInit: Texture streaming: Enabled
[2021.11.28-16.40.34:278][  0]LogAnalytics: Display: [UEEditor.Rocket.Release] APIServer = https://datarouter.ol.epicgames.com/. AppVersion = 4.27.1-17735300+++UE4+Release-4.27
[2021.11.28-16.40.34:286][  0]LogEngineSessionManager: EngineSessionManager initialized
[2021.11.28-16.40.34:286][  0]LogEditorSessionSummary: Verbose: Initializing EditorSessionSummaryWriter for editor session tracking
[2021.11.28-16.40.34:293][  0]LogEditorSessionSummary: EditorSessionSummaryWriter initialized
[2021.11.28-16.40.34:395][  0]LogInit: Transaction tracking system initialized
[2021.11.28-16.40.34:423][  0]BlueprintLog: New page: Editor Load
[2021.11.28-16.40.34:485][  0]LocalizationService: Localization service is disabled
[2021.11.28-16.40.34:509][  0]TimingProfiler: Initialize
[2021.11.28-16.40.34:509][  0]TimingProfiler: OnSessionChanged
[2021.11.28-16.40.34:510][  0]LoadingProfiler: Initialize
[2021.11.28-16.40.34:510][  0]LoadingProfiler: OnSessionChanged
[2021.11.28-16.40.34:510][  0]NetworkingProfiler: Initialize
[2021.11.28-16.40.34:510][  0]NetworkingProfiler: OnSessionChanged
[2021.11.28-16.40.34:510][  0]MemoryProfiler: Initialize
[2021.11.28-16.40.34:510][  0]MemoryProfiler: OnSessionChanged
[2021.11.28-16.40.34:963][  0]LogCook: Display: CookSettings for Memory: MemoryMaxUsedVirtual 0MiB, MemoryMaxUsedPhysical 16384MiB, MemoryMinFreeVirtual 0MiB, MemoryMinFreePhysical 1024MiB
[2021.11.28-16.40.34:963][  0]LogCook: Display: Mobile HDR setting 1
[2021.11.28-16.40.35:413][  0]LogFileCache: Scanning file cache for directory 'D:/dev/SurBox/Content/' took 0.05s
[2021.11.28-16.40.35:576][  0]LogImageWrapper: Warning: PNG Warning: Duplicate iCCP chunk
[2021.11.28-16.40.35:576][  0]LogImageWrapper: Warning: PNG Warning: Duplicate iCCP chunk
[2021.11.28-16.40.35:576][  0]LogInit: Display: Engine is initialized. Leaving FEngineLoop::Init()
[2021.11.28-16.40.35:582][  0]SourceControl: Source control is disabled
[2021.11.28-16.40.35:582][  0]LogUnrealEdMisc: Loading editor; pre map load, took 13.490
[2021.11.28-16.40.35:582][  0]Cmd: MAP LOAD FILE="../../../../../dev/SurBox/Content/Maps/MainMenu.umap" TEMPLATE=0 SHOWPROGRESS=1 FEATURELEVEL=3
[2021.11.28-16.40.35:586][  0]LightingResults: New page: Lighting Build
[2021.11.28-16.40.35:588][  0]LogWorld: UWorld::CleanupWorld for Untitled, bSessionEnded=true, bCleanupResources=true
[2021.11.28-16.40.35:588][  0]LogSlate: InvalidateAllWidgets triggered.  All widgets were invalidated
[2021.11.28-16.40.35:588][  0]MapCheck: New page: Map Check
[2021.11.28-16.40.35:588][  0]LightingResults: New page: Lighting Build
[2021.11.28-16.40.35:595][  0]LogAudio: Display: Audio Device unregistered from world 'None'.
[2021.11.28-16.40.35:598][  0]LogUObjectHash: Compacting FUObjectHashTables data took   0.84ms
[2021.11.28-16.40.37:005][  0]LogTexture: Default maximum texture size for cubemaps generated from long-lat sources has been changed from 512 to unlimited. In order to preserve old behaiour for '/Game/StarterContent/HDRI/HDRI_Epic_Courtyard_Daylight.HDRI_Epic_Courtyard_Daylight', its maximum texture size has been explicitly set to 512.
[2021.11.28-16.40.37:612][  0]LogMaterial: Display: Missing cached shadermap for HDRI_Epic_Courtyard_Daylight_Mat in PCD3D_SM5, Default, SM5 (DDC key hash: 4B127A2B8C3351A9F95EE88A415586C6565C5490), compiling. 
[2021.11.28-16.40.37:841][  0]LogMaterial: Warning: [AssetLog] D:\dev\SurBox\Content\StarterContent\HDRI\HDRI_Epic_Courtyard_Daylight_Mat.uasset: Failed to compile Material for platform PCD3D_SM5, Default Material will be used in game.
[2021.11.28-16.40.37:842][  0]LogMaterial: Display: 	(Node TextureSample) Texture Sample> UVW input required for cubemap sample
[2021.11.28-16.40.38:180][  0]LogAudio: Display: Audio Device (ID: 1) registered with world 'MainMenu'.
[2021.11.28-16.40.38:181][  0]LogAIModule: Creating AISystem for world MainMenu
[2021.11.28-16.40.38:729][  0]LogEditorServer: Finished looking for orphan Actors (0.000 secs)
[2021.11.28-16.40.38:845][  0]LogUObjectHash: Compacting FUObjectHashTables data took   0.98ms
[2021.11.28-16.40.38:846][  0]Cmd: MAP CHECKDEP NOCLEARLOG
[2021.11.28-16.40.38:846][  0]MapCheck: Map check complete: 0 Error(s), 0 Warning(s), took 0.097ms to complete.
[2021.11.28-16.40.38:846][  0]LogFileHelpers: Loading map 'MainMenu' took 3.264
[2021.11.28-16.40.39:075][  0]LogUnrealEdMisc: Total Editor Startup Time, took 16.983
[2021.11.28-16.40.41:228][  0]LogSlate: Updating window title bar state: overlay mode, drag disabled, window buttons hidden, title bar hidden
[2021.11.28-16.40.41:283][  0]LogSlate: Updating window title bar state: overlay mode, drag disabled, window buttons hidden, title bar hidden
[2021.11.28-16.40.41:289][  0]LogSlate: Updating window title bar state: overlay mode, drag disabled, window buttons hidden, title bar hidden
[2021.11.28-16.40.41:295][  0]LogSlate: Updating window title bar state: overlay mode, drag disabled, window buttons hidden, title bar hidden
[2021.11.28-16.40.42:630][  0]LogPakFile: PakFile PrimaryIndexSize=187
[2021.11.28-16.40.42:630][  0]LogPakFile: PakFile PathHashIndexSize=101
[2021.11.28-16.40.42:630][  0]LogPakFile: PakFile FullDirectoryIndexSize=148
[2021.11.28-16.40.42:660][  0]LogShaderLibrary: Display: ShaderCodeLibraryPakFileMountedCallback: PakFile 'D:/UE4/UE_4.27/FeaturePacks/FP_FirstPerson.upack' (chunk index -1, root 'root:/') mounted
[2021.11.28-16.40.42:660][  0]LogShaderLibrary: Display: ShaderCodeLibraryPakFileMountedCallback: pending pak file info (ChunkID:-1 Root:root:/ File:D:/UE4/UE_4.27/FeaturePacks/FP_FirstPerson.upack)
[2021.11.28-16.40.42:674][  0]LogPakFile: OnPakFileMounted2Time == 0.044037
[2021.11.28-16.40.42:737][  0]LogPakFile: PakFile PrimaryIndexSize=189
[2021.11.28-16.40.42:737][  0]LogPakFile: PakFile PathHashIndexSize=101
[2021.11.28-16.40.42:737][  0]LogPakFile: PakFile FullDirectoryIndexSize=152
[2021.11.28-16.40.42:737][  0]LogShaderLibrary: Display: ShaderCodeLibraryPakFileMountedCallback: PakFile 'D:/UE4/UE_4.27/FeaturePacks/FP_FirstPersonBP.upack' (chunk index -1, root 'root:/') mounted
[2021.11.28-16.40.42:737][  0]LogShaderLibrary: Display: ShaderCodeLibraryPakFileMountedCallback: pending pak file info (ChunkID:-1 Root:root:/ File:D:/UE4/UE_4.27/FeaturePacks/FP_FirstPersonBP.upack)
[2021.11.28-16.40.42:737][  0]LogPakFile: OnPakFileMounted2Time == 0.000057
[2021.11.28-16.40.42:793][  0]LogPakFile: PakFile PrimaryIndexSize=191
[2021.11.28-16.40.42:793][  0]LogPakFile: PakFile PathHashIndexSize=101
[2021.11.28-16.40.42:793][  0]LogPakFile: PakFile FullDirectoryIndexSize=160
[2021.11.28-16.40.42:793][  0]LogShaderLibrary: Display: ShaderCodeLibraryPakFileMountedCallback: PakFile 'D:/UE4/UE_4.27/FeaturePacks/MobileStarterContent.upack' (chunk index -1, root 'root:/') mounted
[2021.11.28-16.40.42:793][  0]LogShaderLibrary: Display: ShaderCodeLibraryPakFileMountedCallback: pending pak file info (ChunkID:-1 Root:root:/ File:D:/UE4/UE_4.27/FeaturePacks/MobileStarterContent.upack)
[2021.11.28-16.40.42:793][  0]LogPakFile: OnPakFileMounted2Time == 0.000048
[2021.11.28-16.40.42:818][  0]LogPakFile: PakFile PrimaryIndexSize=185
[2021.11.28-16.40.42:819][  0]LogPakFile: PakFile PathHashIndexSize=101
[2021.11.28-16.40.42:819][  0]LogPakFile: PakFile FullDirectoryIndexSize=148
[2021.11.28-16.40.42:819][  0]LogShaderLibrary: Display: ShaderCodeLibraryPakFileMountedCallback: PakFile 'D:/UE4/UE_4.27/FeaturePacks/StarterContent.upack' (chunk index -1, root 'root:/') mounted
[2021.11.28-16.40.42:819][  0]LogShaderLibrary: Display: ShaderCodeLibraryPakFileMountedCallback: pending pak file info (ChunkID:-1 Root:root:/ File:D:/UE4/UE_4.27/FeaturePacks/StarterContent.upack)
[2021.11.28-16.40.42:819][  0]LogPakFile: OnPakFileMounted2Time == 0.000052
[2021.11.28-16.40.42:934][  0]LogPakFile: PakFile PrimaryIndexSize=190
[2021.11.28-16.40.42:934][  0]LogPakFile: PakFile PathHashIndexSize=101
[2021.11.28-16.40.42:934][  0]LogPakFile: PakFile FullDirectoryIndexSize=154
[2021.11.28-16.40.42:934][  0]LogShaderLibrary: Display: ShaderCodeLibraryPakFileMountedCallback: PakFile 'D:/UE4/UE_4.27/FeaturePacks/TP_2DSideScroller.upack' (chunk index -1, root 'root:/') mounted
[2021.11.28-16.40.42:934][  0]LogShaderLibrary: Display: ShaderCodeLibraryPakFileMountedCallback: pending pak file info (ChunkID:-1 Root:root:/ File:D:/UE4/UE_4.27/FeaturePacks/TP_2DSideScroller.upack)
[2021.11.28-16.40.42:934][  0]LogPakFile: OnPakFileMounted2Time == 0.000056
[2021.11.28-16.40.42:951][  0]LogPakFile: PakFile PrimaryIndexSize=192
[2021.11.28-16.40.42:951][  0]LogPakFile: PakFile PathHashIndexSize=101
[2021.11.28-16.40.42:951][  0]LogPakFile: PakFile FullDirectoryIndexSize=158
[2021.11.28-16.40.42:951][  0]LogShaderLibrary: Display: ShaderCodeLibraryPakFileMountedCallback: PakFile 'D:/UE4/UE_4.27/FeaturePacks/TP_2DSideScrollerBP.upack' (chunk index -1, root 'root:/') mounted
[2021.11.28-16.40.42:951][  0]LogShaderLibrary: Display: ShaderCodeLibraryPakFileMountedCallback: pending pak file info (ChunkID:-1 Root:root:/ File:D:/UE4/UE_4.27/FeaturePacks/TP_2DSideScrollerBP.upack)
[2021.11.28-16.40.42:951][  0]LogPakFile: OnPakFileMounted2Time == 0.000046
[2021.11.28-16.40.42:973][  0]LogPakFile: PakFile PrimaryIndexSize=182
[2021.11.28-16.40.42:973][  0]LogPakFile: PakFile PathHashIndexSize=101
[2021.11.28-16.40.42:973][  0]LogPakFile: PakFile FullDirectoryIndexSize=138
[2021.11.28-16.40.42:973][  0]LogShaderLibrary: Display: ShaderCodeLibraryPakFileMountedCallback: PakFile 'D:/UE4/UE_4.27/FeaturePacks/TP_Flying.upack' (chunk index -1, root 'root:/') mounted
[2021.11.28-16.40.42:973][  0]LogShaderLibrary: Display: ShaderCodeLibraryPakFileMountedCallback: pending pak file info (ChunkID:-1 Root:root:/ File:D:/UE4/UE_4.27/FeaturePacks/TP_Flying.upack)
[2021.11.28-16.40.42:973][  0]LogPakFile: OnPakFileMounted2Time == 0.000048
[2021.11.28-16.40.42:977][  0]LogPakFile: PakFile PrimaryIndexSize=184
[2021.11.28-16.40.42:977][  0]LogPakFile: PakFile PathHashIndexSize=101
[2021.11.28-16.40.42:977][  0]LogPakFile: PakFile FullDirectoryIndexSize=142
[2021.11.28-16.40.42:977][  0]LogShaderLibrary: Display: ShaderCodeLibraryPakFileMountedCallback: PakFile 'D:/UE4/UE_4.27/FeaturePacks/TP_FlyingBP.upack' (chunk index -1, root 'root:/') mounted
[2021.11.28-16.40.42:977][  0]LogShaderLibrary: Display: ShaderCodeLibraryPakFileMountedCallback: pending pak file info (ChunkID:-1 Root:root:/ File:D:/UE4/UE_4.27/FeaturePacks/TP_FlyingBP.upack)
[2021.11.28-16.40.42:977][  0]LogPakFile: OnPakFileMounted2Time == 0.000048
[2021.11.28-16.40.43:005][  0]LogPakFile: PakFile PrimaryIndexSize=188
[2021.11.28-16.40.43:005][  0]LogPakFile: PakFile PathHashIndexSize=101
[2021.11.28-16.40.43:005][  0]LogPakFile: PakFile FullDirectoryIndexSize=150
[2021.11.28-16.40.43:005][  0]LogShaderLibrary: Display: ShaderCodeLibraryPakFileMountedCallback: PakFile 'D:/UE4/UE_4.27/FeaturePacks/TP_HandheldARBP.upack' (chunk index -1, root 'root:/') mounted
[2021.11.28-16.40.43:005][  0]LogShaderLibrary: Display: ShaderCodeLibraryPakFileMountedCallback: pending pak file info (ChunkID:-1 Root:root:/ File:D:/UE4/UE_4.27/FeaturePacks/TP_HandheldARBP.upack)
[2021.11.28-16.40.43:005][  0]LogPakFile: OnPakFileMounted2Time == 0.000049
[2021.11.28-16.40.43:075][  0]LogPakFile: PakFile PrimaryIndexSize=182
[2021.11.28-16.40.43:075][  0]LogPakFile: PakFile PathHashIndexSize=101
[2021.11.28-16.40.43:075][  0]LogPakFile: PakFile FullDirectoryIndexSize=138
[2021.11.28-16.40.43:075][  0]LogShaderLibrary: Display: ShaderCodeLibraryPakFileMountedCallback: PakFile 'D:/UE4/UE_4.27/FeaturePacks/TP_Puzzle.upack' (chunk index -1, root 'root:/') mounted
[2021.11.28-16.40.43:075][  0]LogShaderLibrary: Display: ShaderCodeLibraryPakFileMountedCallback: pending pak file info (ChunkID:-1 Root:root:/ File:D:/UE4/UE_4.27/FeaturePacks/TP_Puzzle.upack)
[2021.11.28-16.40.43:075][  0]LogPakFile: OnPakFileMounted2Time == 0.000053
[2021.11.28-16.40.43:091][  0]LogPakFile: PakFile PrimaryIndexSize=184
[2021.11.28-16.40.43:091][  0]LogPakFile: PakFile PathHashIndexSize=101
[2021.11.28-16.40.43:091][  0]LogPakFile: PakFile FullDirectoryIndexSize=142
[2021.11.28-16.40.43:091][  0]LogShaderLibrary: Display: ShaderCodeLibraryPakFileMountedCallback: PakFile 'D:/UE4/UE_4.27/FeaturePacks/TP_PuzzleBP.upack' (chunk index -1, root 'root:/') mounted
[2021.11.28-16.40.43:091][  0]LogShaderLibrary: Display: ShaderCodeLibraryPakFileMountedCallback: pending pak file info (ChunkID:-1 Root:root:/ File:D:/UE4/UE_4.27/FeaturePacks/TP_PuzzleBP.upack)
[2021.11.28-16.40.43:091][  0]LogPakFile: OnPakFileMounted2Time == 0.000059
[2021.11.28-16.40.43:189][  0]LogPakFile: PakFile PrimaryIndexSize=183
[2021.11.28-16.40.43:189][  0]LogPakFile: PakFile PathHashIndexSize=101
[2021.11.28-16.40.43:189][  0]LogPakFile: PakFile FullDirectoryIndexSize=140
[2021.11.28-16.40.43:189][  0]LogShaderLibrary: Display: ShaderCodeLibraryPakFileMountedCallback: PakFile 'D:/UE4/UE_4.27/FeaturePacks/TP_Rolling.upack' (chunk index -1, root 'root:/') mounted
[2021.11.28-16.40.43:189][  0]LogShaderLibrary: Display: ShaderCodeLibraryPakFileMountedCallback: pending pak file info (ChunkID:-1 Root:root:/ File:D:/UE4/UE_4.27/FeaturePacks/TP_Rolling.upack)
[2021.11.28-16.40.43:189][  0]LogPakFile: OnPakFileMounted2Time == 0.000045
[2021.11.28-16.40.43:214][  0]LogPakFile: PakFile PrimaryIndexSize=185
[2021.11.28-16.40.43:215][  0]LogPakFile: PakFile PathHashIndexSize=101
[2021.11.28-16.40.43:215][  0]LogPakFile: PakFile FullDirectoryIndexSize=144
[2021.11.28-16.40.43:215][  0]LogShaderLibrary: Display: ShaderCodeLibraryPakFileMountedCallback: PakFile 'D:/UE4/UE_4.27/FeaturePacks/TP_RollingBP.upack' (chunk index -1, root 'root:/') mounted
[2021.11.28-16.40.43:215][  0]LogShaderLibrary: Display: ShaderCodeLibraryPakFileMountedCallback: pending pak file info (ChunkID:-1 Root:root:/ File:D:/UE4/UE_4.27/FeaturePacks/TP_RollingBP.upack)
[2021.11.28-16.40.43:215][  0]LogPakFile: OnPakFileMounted2Time == 0.000047
[2021.11.28-16.40.43:216][  0]LogPakFile: PakFile PrimaryIndexSize=188
[2021.11.28-16.40.43:216][  0]LogPakFile: PakFile PathHashIndexSize=101
[2021.11.28-16.40.43:216][  0]LogPakFile: PakFile FullDirectoryIndexSize=150
[2021.11.28-16.40.43:216][  0]LogShaderLibrary: Display: ShaderCodeLibraryPakFileMountedCallback: PakFile 'D:/UE4/UE_4.27/FeaturePacks/TP_SideScroller.upack' (chunk index -1, root 'root:/') mounted
[2021.11.28-16.40.43:216][  0]LogShaderLibrary: Display: ShaderCodeLibraryPakFileMountedCallback: pending pak file info (ChunkID:-1 Root:root:/ File:D:/UE4/UE_4.27/FeaturePacks/TP_SideScroller.upack)
[2021.11.28-16.40.43:216][  0]LogPakFile: OnPakFileMounted2Time == 0.000037
[2021.11.28-16.40.43:217][  0]LogPakFile: PakFile PrimaryIndexSize=190
[2021.11.28-16.40.43:217][  0]LogPakFile: PakFile PathHashIndexSize=101
[2021.11.28-16.40.43:217][  0]LogPakFile: PakFile FullDirectoryIndexSize=154
[2021.11.28-16.40.43:217][  0]LogShaderLibrary: Display: ShaderCodeLibraryPakFileMountedCallback: PakFile 'D:/UE4/UE_4.27/FeaturePacks/TP_SideScrollerBP.upack' (chunk index -1, root 'root:/') mounted
[2021.11.28-16.40.43:217][  0]LogShaderLibrary: Display: ShaderCodeLibraryPakFileMountedCallback: pending pak file info (ChunkID:-1 Root:root:/ File:D:/UE4/UE_4.27/FeaturePacks/TP_SideScrollerBP.upack)
[2021.11.28-16.40.43:217][  0]LogPakFile: OnPakFileMounted2Time == 0.000038
[2021.11.28-16.40.43:218][  0]LogPakFile: PakFile PrimaryIndexSize=187
[2021.11.28-16.40.43:218][  0]LogPakFile: PakFile PathHashIndexSize=101
[2021.11.28-16.40.43:218][  0]LogPakFile: PakFile FullDirectoryIndexSize=148
[2021.11.28-16.40.43:218][  0]LogShaderLibrary: Display: ShaderCodeLibraryPakFileMountedCallback: PakFile 'D:/UE4/UE_4.27/FeaturePacks/TP_ThirdPerson.upack' (chunk index -1, root 'root:/') mounted
[2021.11.28-16.40.43:218][  0]LogShaderLibrary: Display: ShaderCodeLibraryPakFileMountedCallback: pending pak file info (ChunkID:-1 Root:root:/ File:D:/UE4/UE_4.27/FeaturePacks/TP_ThirdPerson.upack)
[2021.11.28-16.40.43:218][  0]LogPakFile: OnPakFileMounted2Time == 0.000037
[2021.11.28-16.40.43:233][  0]LogPakFile: PakFile PrimaryIndexSize=189
[2021.11.28-16.40.43:233][  0]LogPakFile: PakFile PathHashIndexSize=101
[2021.11.28-16.40.43:233][  0]LogPakFile: PakFile FullDirectoryIndexSize=152
[2021.11.28-16.40.43:233][  0]LogShaderLibrary: Display: ShaderCodeLibraryPakFileMountedCallback: PakFile 'D:/UE4/UE_4.27/FeaturePacks/TP_ThirdPersonBP.upack' (chunk index -1, root 'root:/') mounted
[2021.11.28-16.40.43:233][  0]LogShaderLibrary: Display: ShaderCodeLibraryPakFileMountedCallback: pending pak file info (ChunkID:-1 Root:root:/ File:D:/UE4/UE_4.27/FeaturePacks/TP_ThirdPersonBP.upack)
[2021.11.28-16.40.43:233][  0]LogPakFile: OnPakFileMounted2Time == 0.000044
[2021.11.28-16.40.43:234][  0]LogPakFile: PakFile PrimaryIndexSize=183
[2021.11.28-16.40.43:234][  0]LogPakFile: PakFile PathHashIndexSize=101
[2021.11.28-16.40.43:234][  0]LogPakFile: PakFile FullDirectoryIndexSize=140
[2021.11.28-16.40.43:234][  0]LogShaderLibrary: Display: ShaderCodeLibraryPakFileMountedCallback: PakFile 'D:/UE4/UE_4.27/FeaturePacks/TP_TopDown.upack' (chunk index -1, root 'root:/') mounted
[2021.11.28-16.40.43:234][  0]LogShaderLibrary: Display: ShaderCodeLibraryPakFileMountedCallback: pending pak file info (ChunkID:-1 Root:root:/ File:D:/UE4/UE_4.27/FeaturePacks/TP_TopDown.upack)
[2021.11.28-16.40.43:234][  0]LogPakFile: OnPakFileMounted2Time == 0.000045
[2021.11.28-16.40.43:236][  0]LogPakFile: PakFile PrimaryIndexSize=185
[2021.11.28-16.40.43:236][  0]LogPakFile: PakFile PathHashIndexSize=101
[2021.11.28-16.40.43:236][  0]LogPakFile: PakFile FullDirectoryIndexSize=144
[2021.11.28-16.40.43:236][  0]LogShaderLibrary: Display: ShaderCodeLibraryPakFileMountedCallback: PakFile 'D:/UE4/UE_4.27/FeaturePacks/TP_TopDownBP.upack' (chunk index -1, root 'root:/') mounted
[2021.11.28-16.40.43:236][  0]LogShaderLibrary: Display: ShaderCodeLibraryPakFileMountedCallback: pending pak file info (ChunkID:-1 Root:root:/ File:D:/UE4/UE_4.27/FeaturePacks/TP_TopDownBP.upack)
[2021.11.28-16.40.43:236][  0]LogPakFile: OnPakFileMounted2Time == 0.000038
[2021.11.28-16.40.43:237][  0]LogPakFile: PakFile PrimaryIndexSize=185
[2021.11.28-16.40.43:237][  0]LogPakFile: PakFile PathHashIndexSize=101
[2021.11.28-16.40.43:237][  0]LogPakFile: PakFile FullDirectoryIndexSize=144
[2021.11.28-16.40.43:237][  0]LogShaderLibrary: Display: ShaderCodeLibraryPakFileMountedCallback: PakFile 'D:/UE4/UE_4.27/FeaturePacks/TP_TwinStick.upack' (chunk index -1, root 'root:/') mounted
[2021.11.28-16.40.43:237][  0]LogShaderLibrary: Display: ShaderCodeLibraryPakFileMountedCallback: pending pak file info (ChunkID:-1 Root:root:/ File:D:/UE4/UE_4.27/FeaturePacks/TP_TwinStick.upack)
[2021.11.28-16.40.43:237][  0]LogPakFile: OnPakFileMounted2Time == 0.000045
[2021.11.28-16.40.43:253][  0]LogPakFile: PakFile PrimaryIndexSize=187
[2021.11.28-16.40.43:253][  0]LogPakFile: PakFile PathHashIndexSize=101
[2021.11.28-16.40.43:253][  0]LogPakFile: PakFile FullDirectoryIndexSize=148
[2021.11.28-16.40.43:253][  0]LogShaderLibrary: Display: ShaderCodeLibraryPakFileMountedCallback: PakFile 'D:/UE4/UE_4.27/FeaturePacks/TP_TwinStickBP.upack' (chunk index -1, root 'root:/') mounted
[2021.11.28-16.40.43:253][  0]LogShaderLibrary: Display: ShaderCodeLibraryPakFileMountedCallback: pending pak file info (ChunkID:-1 Root:root:/ File:D:/UE4/UE_4.27/FeaturePacks/TP_TwinStickBP.upack)
[2021.11.28-16.40.43:253][  0]LogPakFile: OnPakFileMounted2Time == 0.000049
[2021.11.28-16.40.43:254][  0]LogPakFile: PakFile PrimaryIndexSize=183
[2021.11.28-16.40.43:254][  0]LogPakFile: PakFile PathHashIndexSize=101
[2021.11.28-16.40.43:254][  0]LogPakFile: PakFile FullDirectoryIndexSize=140
[2021.11.28-16.40.43:255][  0]LogShaderLibrary: Display: ShaderCodeLibraryPakFileMountedCallback: PakFile 'D:/UE4/UE_4.27/FeaturePacks/TP_Vehicle.upack' (chunk index -1, root 'root:/') mounted
[2021.11.28-16.40.43:255][  0]LogShaderLibrary: Display: ShaderCodeLibraryPakFileMountedCallback: pending pak file info (ChunkID:-1 Root:root:/ File:D:/UE4/UE_4.27/FeaturePacks/TP_Vehicle.upack)
[2021.11.28-16.40.43:255][  0]LogPakFile: OnPakFileMounted2Time == 0.000042
[2021.11.28-16.40.43:268][  0]LogPakFile: PakFile PrimaryIndexSize=186
[2021.11.28-16.40.43:268][  0]LogPakFile: PakFile PathHashIndexSize=101
[2021.11.28-16.40.43:268][  0]LogPakFile: PakFile FullDirectoryIndexSize=146
[2021.11.28-16.40.43:268][  0]LogShaderLibrary: Display: ShaderCodeLibraryPakFileMountedCallback: PakFile 'D:/UE4/UE_4.27/FeaturePacks/TP_VehicleAdv.upack' (chunk index -1, root 'root:/') mounted
[2021.11.28-16.40.43:268][  0]LogShaderLibrary: Display: ShaderCodeLibraryPakFileMountedCallback: pending pak file info (ChunkID:-1 Root:root:/ File:D:/UE4/UE_4.27/FeaturePacks/TP_VehicleAdv.upack)
[2021.11.28-16.40.43:268][  0]LogPakFile: OnPakFileMounted2Time == 0.000053
[2021.11.28-16.40.43:277][  0]LogPakFile: PakFile PrimaryIndexSize=188
[2021.11.28-16.40.43:277][  0]LogPakFile: PakFile PathHashIndexSize=101
[2021.11.28-16.40.43:277][  0]LogPakFile: PakFile FullDirectoryIndexSize=150
[2021.11.28-16.40.43:277][  0]LogShaderLibrary: Display: ShaderCodeLibraryPakFileMountedCallback: PakFile 'D:/UE4/UE_4.27/FeaturePacks/TP_VehicleAdvBP.upack' (chunk index -1, root 'root:/') mounted
[2021.11.28-16.40.43:277][  0]LogShaderLibrary: Display: ShaderCodeLibraryPakFileMountedCallback: pending pak file info (ChunkID:-1 Root:root:/ File:D:/UE4/UE_4.27/FeaturePacks/TP_VehicleAdvBP.upack)
[2021.11.28-16.40.43:277][  0]LogPakFile: OnPakFileMounted2Time == 0.000047
[2021.11.28-16.40.43:278][  0]LogPakFile: PakFile PrimaryIndexSize=185
[2021.11.28-16.40.43:279][  0]LogPakFile: PakFile PathHashIndexSize=101
[2021.11.28-16.40.43:279][  0]LogPakFile: PakFile FullDirectoryIndexSize=144
[2021.11.28-16.40.43:279][  0]LogShaderLibrary: Display: ShaderCodeLibraryPakFileMountedCallback: PakFile 'D:/UE4/UE_4.27/FeaturePacks/TP_VehicleBP.upack' (chunk index -1, root 'root:/') mounted
[2021.11.28-16.40.43:279][  0]LogShaderLibrary: Display: ShaderCodeLibraryPakFileMountedCallback: pending pak file info (ChunkID:-1 Root:root:/ File:D:/UE4/UE_4.27/FeaturePacks/TP_VehicleBP.upack)
[2021.11.28-16.40.43:279][  0]LogPakFile: OnPakFileMounted2Time == 0.000068
[2021.11.28-16.40.43:280][  0]LogPakFile: PakFile PrimaryIndexSize=192
[2021.11.28-16.40.43:280][  0]LogPakFile: PakFile PathHashIndexSize=101
[2021.11.28-16.40.43:280][  0]LogPakFile: PakFile FullDirectoryIndexSize=158
[2021.11.28-16.40.43:280][  0]LogShaderLibrary: Display: ShaderCodeLibraryPakFileMountedCallback: PakFile 'D:/UE4/UE_4.27/FeaturePacks/TP_VirtualRealityBP.upack' (chunk index -1, root 'root:/') mounted
[2021.11.28-16.40.43:280][  0]LogShaderLibrary: Display: ShaderCodeLibraryPakFileMountedCallback: pending pak file info (ChunkID:-1 Root:root:/ File:D:/UE4/UE_4.27/FeaturePacks/TP_VirtualRealityBP.upack)
[2021.11.28-16.40.43:280][  0]LogPakFile: OnPakFileMounted2Time == 0.000042
[2021.11.28-16.40.47:897][  0]LogSlate: Took 0.000253 seconds to synchronously load lazily loaded font '../../../Engine/Content/Slate/Fonts/Roboto-Regular.ttf' (155K)
[2021.11.28-16.40.48:017][  0]LogSlate: Took 0.016579 seconds to synchronously load lazily loaded font '../../../Engine/Content/Editor/Slate/Fonts/FontAwesome.ttf' (139K)
[2021.11.28-16.40.48:213][  0]LogSlate: Took 0.000197 seconds to synchronously load lazily loaded font '../../../Engine/Content/Slate/Fonts/Roboto-Bold.ttf' (160K)
[2021.11.28-16.40.49:900][  0]LogRenderer: Reallocating scene render targets to support 1920x1080 Format 10 NumSamples 1 (Frame:1).
[2021.11.28-16.40.50:987][  0]LogLoad: (Engine Initialization) Total time: 28.90 seconds
[2021.11.28-16.40.50:987][  0]LogLoad: (Engine Initialization) Total Blueprint compile time: 0.00 seconds
[2021.11.28-16.40.51:378][  0]LogAssetRegistry: Asset discovery search completed in 23.3698 seconds
[2021.11.28-16.40.51:455][  0]LogCollectionManager: Fixed up redirectors for 0 collections in 0.000004 seconds (updated 0 objects)
[2021.11.28-16.40.51:756][  0]LogContentStreaming: Texture pool size now 1000 MB
[2021.11.28-16.40.52:533][  2]LogNativeClassHierarchy: Verbose: Native class hierarchy populated in 0.0256 seconds. Added 3861 classes and 959 folders.
[2021.11.28-16.40.53:048][  2]LogSlate: Took 0.026634 seconds to synchronously load lazily loaded font '../../../Engine/Content/Slate/Fonts/Roboto-Light.ttf' (167K)
